[2.341s] Invoking command in '/home/minarady/ros2_ws/build/examples_rclpy_minimal_publisher': PYTHONPATH=/home/minarady/ros2_ws/install/examples_rclpy_minimal_publisher/lib/python3.10/site-packages:${PYTHONPATH} /usr/bin/python3 setup.py develop --prefix /home/minarady/ros2_ws/install/examples_rclpy_minimal_publisher --editable --build-directory /home/minarady/ros2_ws/build/examples_rclpy_minimal_publisher/build --no-deps install_data --install-dir /home/minarady/ros2_ws/install/examples_rclpy_minimal_publisher
[11.402s] /usr/lib/python3/dist-packages/setuptools/command/easy_install.py:158: EasyInstallDeprecationWarning: easy_install command is deprecated. Use build and pip and other standards-based tools.
[11.402s]   warnings.warn(
[11.402s] /usr/lib/python3/dist-packages/setuptools/command/install.py:34: SetuptoolsDeprecationWarning: setup.py install is deprecated. Use build and pip and other standards-based tools.
[11.402s]   warnings.warn(
[11.402s] /usr/lib/python3/dist-packages/pkg_resources/__init__.py:116: PkgResourcesDeprecationWarning: 1.1build1 is an invalid version and will not be supported in a future release
[11.402s]   warnings.warn(
[11.402s] /usr/lib/python3/dist-packages/pkg_resources/__init__.py:116: PkgResourcesDeprecationWarning: 0.1.43ubuntu1 is an invalid version and will not be supported in a future release
[11.402s]   warnings.warn(
[11.410s] running develop
[11.410s] running egg_info
[11.410s] creating examples_rclpy_minimal_publisher.egg-info
[11.410s] writing examples_rclpy_minimal_publisher.egg-info/PKG-INFO
[11.410s] writing dependency_links to examples_rclpy_minimal_publisher.egg-info/dependency_links.txt
[11.410s] writing entry points to examples_rclpy_minimal_publisher.egg-info/entry_points.txt
[11.410s] writing requirements to examples_rclpy_minimal_publisher.egg-info/requires.txt
[11.410s] writing top-level names to examples_rclpy_minimal_publisher.egg-info/top_level.txt
[11.410s] writing manifest file 'examples_rclpy_minimal_publisher.egg-info/SOURCES.txt'
[11.410s] reading manifest file 'examples_rclpy_minimal_publisher.egg-info/SOURCES.txt'
[11.410s] writing manifest file 'examples_rclpy_minimal_publisher.egg-info/SOURCES.txt'
[11.410s] running build_ext
[11.410s] Creating /home/minarady/ros2_ws/install/examples_rclpy_minimal_publisher/lib/python3.10/site-packages/examples-rclpy-minimal-publisher.egg-link (link to .)
[11.410s] Installing publisher_local_function script to /home/minarady/ros2_ws/install/examples_rclpy_minimal_publisher/lib/examples_rclpy_minimal_publisher
[11.410s] Installing publisher_member_function script to /home/minarady/ros2_ws/install/examples_rclpy_minimal_publisher/lib/examples_rclpy_minimal_publisher
[11.411s] Installing publisher_old_school script to /home/minarady/ros2_ws/install/examples_rclpy_minimal_publisher/lib/examples_rclpy_minimal_publisher
[11.411s] 
[11.411s] Installed /home/minarady/ros2_ws/build/examples_rclpy_minimal_publisher
[11.411s] running install_data
[11.411s] creating /home/minarady/ros2_ws/install/examples_rclpy_minimal_publisher/share/ament_index
[11.411s] creating /home/minarady/ros2_ws/install/examples_rclpy_minimal_publisher/share/ament_index/resource_index
[11.411s] creating /home/minarady/ros2_ws/install/examples_rclpy_minimal_publisher/share/ament_index/resource_index/packages
[11.411s] copying resource/examples_rclpy_minimal_publisher -> /home/minarady/ros2_ws/install/examples_rclpy_minimal_publisher/share/ament_index/resource_index/packages
[11.411s] copying package.xml -> /home/minarady/ros2_ws/install/examples_rclpy_minimal_publisher/share/examples_rclpy_minimal_publisher
[11.449s] Invoked command in '/home/minarady/ros2_ws/build/examples_rclpy_minimal_publisher' returned '0': PYTHONPATH=/home/minarady/ros2_ws/install/examples_rclpy_minimal_publisher/lib/python3.10/site-packages:${PYTHONPATH} /usr/bin/python3 setup.py develop --prefix /home/minarady/ros2_ws/install/examples_rclpy_minimal_publisher --editable --build-directory /home/minarady/ros2_ws/build/examples_rclpy_minimal_publisher/build --no-deps install_data --install-dir /home/minarady/ros2_ws/install/examples_rclpy_minimal_publisher
