[2.700s] Invoking command in '/home/minarady/ros2_ws/build/examples_rclpy_minimal_service': PYTHONPATH=/home/minarady/ros2_ws/install/examples_rclpy_minimal_service/lib/python3.10/site-packages:${PYTHONPATH} /usr/bin/python3 setup.py develop --prefix /home/minarady/ros2_ws/install/examples_rclpy_minimal_service --editable --build-directory /home/minarady/ros2_ws/build/examples_rclpy_minimal_service/build --no-deps install_data --install-dir /home/minarady/ros2_ws/install/examples_rclpy_minimal_service
[11.414s] running develop
[11.414s] running egg_info
[11.414s] creating examples_rclpy_minimal_service.egg-info
[11.414s] writing examples_rclpy_minimal_service.egg-info/PKG-INFO
[11.414s] writing dependency_links to examples_rclpy_minimal_service.egg-info/dependency_links.txt
[11.414s] writing entry points to examples_rclpy_minimal_service.egg-info/entry_points.txt
[11.414s] writing requirements to examples_rclpy_minimal_service.egg-info/requires.txt
[11.414s] writing top-level names to examples_rclpy_minimal_service.egg-info/top_level.txt
[11.414s] writing manifest file 'examples_rclpy_minimal_service.egg-info/SOURCES.txt'
[11.414s] reading manifest file 'examples_rclpy_minimal_service.egg-info/SOURCES.txt'
[11.414s] writing manifest file 'examples_rclpy_minimal_service.egg-info/SOURCES.txt'
[11.414s] running build_ext
[11.414s] Creating /home/minarady/ros2_ws/install/examples_rclpy_minimal_service/lib/python3.10/site-packages/examples-rclpy-minimal-service.egg-link (link to .)
[11.414s] Installing service script to /home/minarady/ros2_ws/install/examples_rclpy_minimal_service/lib/examples_rclpy_minimal_service
[11.414s] Installing service_member_function script to /home/minarady/ros2_ws/install/examples_rclpy_minimal_service/lib/examples_rclpy_minimal_service
[11.414s] 
[11.414s] Installed /home/minarady/ros2_ws/build/examples_rclpy_minimal_service
[11.415s] running install_data
[11.415s] creating /home/minarady/ros2_ws/install/examples_rclpy_minimal_service/share/ament_index
[11.415s] creating /home/minarady/ros2_ws/install/examples_rclpy_minimal_service/share/ament_index/resource_index
[11.415s] creating /home/minarady/ros2_ws/install/examples_rclpy_minimal_service/share/ament_index/resource_index/packages
[11.415s] copying resource/examples_rclpy_minimal_service -> /home/minarady/ros2_ws/install/examples_rclpy_minimal_service/share/ament_index/resource_index/packages
[11.415s] copying package.xml -> /home/minarady/ros2_ws/install/examples_rclpy_minimal_service/share/examples_rclpy_minimal_service
[11.415s] /usr/lib/python3/dist-packages/setuptools/command/easy_install.py:158: EasyInstallDeprecationWarning: easy_install command is deprecated. Use build and pip and other standards-based tools.
[11.415s]   warnings.warn(
[11.415s] /usr/lib/python3/dist-packages/setuptools/command/install.py:34: SetuptoolsDeprecationWarning: setup.py install is deprecated. Use build and pip and other standards-based tools.
[11.415s]   warnings.warn(
[11.415s] /usr/lib/python3/dist-packages/pkg_resources/__init__.py:116: PkgResourcesDeprecationWarning: 1.1build1 is an invalid version and will not be supported in a future release
[11.415s]   warnings.warn(
[11.415s] /usr/lib/python3/dist-packages/pkg_resources/__init__.py:116: PkgResourcesDeprecationWarning: 0.1.43ubuntu1 is an invalid version and will not be supported in a future release
[11.415s]   warnings.warn(
[11.506s] Invoked command in '/home/minarady/ros2_ws/build/examples_rclpy_minimal_service' returned '0': PYTHONPATH=/home/minarady/ros2_ws/install/examples_rclpy_minimal_service/lib/python3.10/site-packages:${PYTHONPATH} /usr/bin/python3 setup.py develop --prefix /home/minarady/ros2_ws/install/examples_rclpy_minimal_service --editable --build-directory /home/minarady/ros2_ws/build/examples_rclpy_minimal_service/build --no-deps install_data --install-dir /home/minarady/ros2_ws/install/examples_rclpy_minimal_service
