[1.413s] Invoking command in '/home/minarady/ros2_ws/build/examples_rclpy_minimal_service': PYTHONPATH=/home/minarady/ros2_ws/install/examples_rclpy_minimal_service/lib/python3.10/site-packages:${PYTHONPATH} /usr/bin/python3 setup.py develop --prefix /home/minarady/ros2_ws/install/examples_rclpy_minimal_service --uninstall --editable --build-directory /home/minarady/ros2_ws/build/examples_rclpy_minimal_service/build
[1.540s] running develop
[1.540s] /usr/lib/python3/dist-packages/setuptools/command/easy_install.py:158: EasyInstallDeprecationWarning: easy_install command is deprecated. Use build and pip and other standards-based tools.
[1.540s]   warnings.warn(
[1.541s] /usr/lib/python3/dist-packages/setuptools/command/install.py:34: SetuptoolsDeprecationWarning: setup.py install is deprecated. Use build and pip and other standards-based tools.
[1.541s]   warnings.warn(
[1.566s] /usr/lib/python3/dist-packages/pkg_resources/__init__.py:116: PkgResourcesDeprecationWarning: 1.1build1 is an invalid version and will not be supported in a future release
[1.566s]   warnings.warn(
[1.567s] /usr/lib/python3/dist-packages/pkg_resources/__init__.py:116: PkgResourcesDeprecationWarning: 0.1.43ubuntu1 is an invalid version and will not be supported in a future release
[1.567s]   warnings.warn(
[1.901s] Invoked command in '/home/minarady/ros2_ws/build/examples_rclpy_minimal_service' returned '0': PYTHONPATH=/home/minarady/ros2_ws/install/examples_rclpy_minimal_service/lib/python3.10/site-packages:${PYTHONPATH} /usr/bin/python3 setup.py develop --prefix /home/minarady/ros2_ws/install/examples_rclpy_minimal_service --uninstall --editable --build-directory /home/minarady/ros2_ws/build/examples_rclpy_minimal_service/build
[1.902s] Invoking command in '/home/minarady/ros2_ws/src/examples/rclpy/services/minimal_service': PYTHONPATH=/home/minarady/ros2_ws/install/examples_rclpy_minimal_service/lib/python3.10/site-packages:${PYTHONPATH} /usr/bin/python3 setup.py egg_info --egg-base ../../../../../build/examples_rclpy_minimal_service build --build-base /home/minarady/ros2_ws/build/examples_rclpy_minimal_service/build install --prefix /home/minarady/ros2_ws/install/examples_rclpy_minimal_service --record /home/minarady/ros2_ws/build/examples_rclpy_minimal_service/install.log --single-version-externally-managed
[2.027s] running egg_info
[2.027s] writing ../../../../../build/examples_rclpy_minimal_service/examples_rclpy_minimal_service.egg-info/PKG-INFO
[2.038s] writing dependency_links to ../../../../../build/examples_rclpy_minimal_service/examples_rclpy_minimal_service.egg-info/dependency_links.txt
[2.038s] writing entry points to ../../../../../build/examples_rclpy_minimal_service/examples_rclpy_minimal_service.egg-info/entry_points.txt
[2.038s] writing requirements to ../../../../../build/examples_rclpy_minimal_service/examples_rclpy_minimal_service.egg-info/requires.txt
[2.038s] writing top-level names to ../../../../../build/examples_rclpy_minimal_service/examples_rclpy_minimal_service.egg-info/top_level.txt
[2.043s] reading manifest file '../../../../../build/examples_rclpy_minimal_service/examples_rclpy_minimal_service.egg-info/SOURCES.txt'
[2.046s] writing manifest file '../../../../../build/examples_rclpy_minimal_service/examples_rclpy_minimal_service.egg-info/SOURCES.txt'
[2.046s] running build
[2.046s] running build_py
[2.047s] creating /home/minarady/ros2_ws/build/examples_rclpy_minimal_service/build
[2.047s] creating /home/minarady/ros2_ws/build/examples_rclpy_minimal_service/build/lib
[2.047s] creating /home/minarady/ros2_ws/build/examples_rclpy_minimal_service/build/lib/examples_rclpy_minimal_service
[2.048s] copying examples_rclpy_minimal_service/service.py -> /home/minarady/ros2_ws/build/examples_rclpy_minimal_service/build/lib/examples_rclpy_minimal_service
[2.048s] copying examples_rclpy_minimal_service/service_member_function.py -> /home/minarady/ros2_ws/build/examples_rclpy_minimal_service/build/lib/examples_rclpy_minimal_service
[2.049s] copying examples_rclpy_minimal_service/__init__.py -> /home/minarady/ros2_ws/build/examples_rclpy_minimal_service/build/lib/examples_rclpy_minimal_service
[2.049s] running install
[2.050s] /usr/lib/python3/dist-packages/setuptools/command/install.py:34: SetuptoolsDeprecationWarning: setup.py install is deprecated. Use build and pip and other standards-based tools.
[2.050s]   warnings.warn(
[2.051s] running install_lib
[2.052s] creating /home/minarady/ros2_ws/install/examples_rclpy_minimal_service/lib/python3.10/site-packages/examples_rclpy_minimal_service
[2.052s] copying /home/minarady/ros2_ws/build/examples_rclpy_minimal_service/build/lib/examples_rclpy_minimal_service/service.py -> /home/minarady/ros2_ws/install/examples_rclpy_minimal_service/lib/python3.10/site-packages/examples_rclpy_minimal_service
[2.053s] copying /home/minarady/ros2_ws/build/examples_rclpy_minimal_service/build/lib/examples_rclpy_minimal_service/service_member_function.py -> /home/minarady/ros2_ws/install/examples_rclpy_minimal_service/lib/python3.10/site-packages/examples_rclpy_minimal_service
[2.053s] copying /home/minarady/ros2_ws/build/examples_rclpy_minimal_service/build/lib/examples_rclpy_minimal_service/__init__.py -> /home/minarady/ros2_ws/install/examples_rclpy_minimal_service/lib/python3.10/site-packages/examples_rclpy_minimal_service
[2.053s] byte-compiling /home/minarady/ros2_ws/install/examples_rclpy_minimal_service/lib/python3.10/site-packages/examples_rclpy_minimal_service/service.py to service.cpython-310.pyc
[2.054s] byte-compiling /home/minarady/ros2_ws/install/examples_rclpy_minimal_service/lib/python3.10/site-packages/examples_rclpy_minimal_service/service_member_function.py to service_member_function.cpython-310.pyc
[2.054s] byte-compiling /home/minarady/ros2_ws/install/examples_rclpy_minimal_service/lib/python3.10/site-packages/examples_rclpy_minimal_service/__init__.py to __init__.cpython-310.pyc
[2.054s] running install_data
[2.055s] running install_egg_info
[2.056s] Copying ../../../../../build/examples_rclpy_minimal_service/examples_rclpy_minimal_service.egg-info to /home/minarady/ros2_ws/install/examples_rclpy_minimal_service/lib/python3.10/site-packages/examples_rclpy_minimal_service-0.15.1-py3.10.egg-info
[2.056s] running install_scripts
[2.069s] Installing service script to /home/minarady/ros2_ws/install/examples_rclpy_minimal_service/lib/examples_rclpy_minimal_service
[2.069s] Installing service_member_function script to /home/minarady/ros2_ws/install/examples_rclpy_minimal_service/lib/examples_rclpy_minimal_service
[2.070s] writing list of installed files to '/home/minarady/ros2_ws/build/examples_rclpy_minimal_service/install.log'
[2.104s] Invoked command in '/home/minarady/ros2_ws/src/examples/rclpy/services/minimal_service' returned '0': PYTHONPATH=/home/minarady/ros2_ws/install/examples_rclpy_minimal_service/lib/python3.10/site-packages:${PYTHONPATH} /usr/bin/python3 setup.py egg_info --egg-base ../../../../../build/examples_rclpy_minimal_service build --build-base /home/minarady/ros2_ws/build/examples_rclpy_minimal_service/build install --prefix /home/minarady/ros2_ws/install/examples_rclpy_minimal_service --record /home/minarady/ros2_ws/build/examples_rclpy_minimal_service/install.log --single-version-externally-managed
