[1.756s] Invoking command in '/home/minarady/ros2_ws/build/examples_rclpy_executors': PYTHONPATH=/home/minarady/ros2_ws/install/examples_rclpy_executors/lib/python3.10/site-packages:${PYTHONPATH} /usr/bin/python3 setup.py develop --prefix /home/minarady/ros2_ws/install/examples_rclpy_executors --uninstall --editable --build-directory /home/minarady/ros2_ws/build/examples_rclpy_executors/build
[1.896s] running develop
[1.896s] /usr/lib/python3/dist-packages/setuptools/command/easy_install.py:158: EasyInstallDeprecationWarning: easy_install command is deprecated. Use build and pip and other standards-based tools.
[1.896s]   warnings.warn(
[1.897s] /usr/lib/python3/dist-packages/setuptools/command/install.py:34: SetuptoolsDeprecationWarning: setup.py install is deprecated. Use build and pip and other standards-based tools.
[1.897s]   warnings.warn(
[1.927s] /usr/lib/python3/dist-packages/pkg_resources/__init__.py:116: PkgResourcesDeprecationWarning: 1.1build1 is an invalid version and will not be supported in a future release
[1.927s]   warnings.warn(
[1.927s] /usr/lib/python3/dist-packages/pkg_resources/__init__.py:116: PkgResourcesDeprecationWarning: 0.1.43ubuntu1 is an invalid version and will not be supported in a future release
[1.927s]   warnings.warn(
[2.002s] Invoked command in '/home/minarady/ros2_ws/build/examples_rclpy_executors' returned '0': PYTHONPATH=/home/minarady/ros2_ws/install/examples_rclpy_executors/lib/python3.10/site-packages:${PYTHONPATH} /usr/bin/python3 setup.py develop --prefix /home/minarady/ros2_ws/install/examples_rclpy_executors --uninstall --editable --build-directory /home/minarady/ros2_ws/build/examples_rclpy_executors/build
[2.003s] Invoking command in '/home/minarady/ros2_ws/src/examples/rclpy/executors': PYTHONPATH=/home/minarady/ros2_ws/install/examples_rclpy_executors/lib/python3.10/site-packages:${PYTHONPATH} /usr/bin/python3 setup.py egg_info --egg-base ../../../../build/examples_rclpy_executors build --build-base /home/minarady/ros2_ws/build/examples_rclpy_executors/build install --prefix /home/minarady/ros2_ws/install/examples_rclpy_executors --record /home/minarady/ros2_ws/build/examples_rclpy_executors/install.log --single-version-externally-managed
[2.126s] running egg_info
[2.127s] writing ../../../../build/examples_rclpy_executors/examples_rclpy_executors.egg-info/PKG-INFO
[2.127s] writing dependency_links to ../../../../build/examples_rclpy_executors/examples_rclpy_executors.egg-info/dependency_links.txt
[2.127s] writing entry points to ../../../../build/examples_rclpy_executors/examples_rclpy_executors.egg-info/entry_points.txt
[2.127s] writing requirements to ../../../../build/examples_rclpy_executors/examples_rclpy_executors.egg-info/requires.txt
[2.127s] writing top-level names to ../../../../build/examples_rclpy_executors/examples_rclpy_executors.egg-info/top_level.txt
[2.128s] reading manifest file '../../../../build/examples_rclpy_executors/examples_rclpy_executors.egg-info/SOURCES.txt'
[2.129s] writing manifest file '../../../../build/examples_rclpy_executors/examples_rclpy_executors.egg-info/SOURCES.txt'
[2.129s] running build
[2.129s] running build_py
[2.130s] running install
[2.130s] /usr/lib/python3/dist-packages/setuptools/command/install.py:34: SetuptoolsDeprecationWarning: setup.py install is deprecated. Use build and pip and other standards-based tools.
[2.130s]   warnings.warn(
[2.130s] running install_lib
[2.131s] running install_data
[2.132s] running install_egg_info
[2.132s] removing '/home/minarady/ros2_ws/install/examples_rclpy_executors/lib/python3.10/site-packages/examples_rclpy_executors-0.15.1-py3.10.egg-info' (and everything under it)
[2.133s] Copying ../../../../build/examples_rclpy_executors/examples_rclpy_executors.egg-info to /home/minarady/ros2_ws/install/examples_rclpy_executors/lib/python3.10/site-packages/examples_rclpy_executors-0.15.1-py3.10.egg-info
[2.133s] running install_scripts
[2.146s] Installing callback_group script to /home/minarady/ros2_ws/install/examples_rclpy_executors/lib/examples_rclpy_executors
[2.146s] Installing composed script to /home/minarady/ros2_ws/install/examples_rclpy_executors/lib/examples_rclpy_executors
[2.146s] Installing custom_callback_group script to /home/minarady/ros2_ws/install/examples_rclpy_executors/lib/examples_rclpy_executors
[2.146s] Installing custom_executor script to /home/minarady/ros2_ws/install/examples_rclpy_executors/lib/examples_rclpy_executors
[2.146s] Installing listener script to /home/minarady/ros2_ws/install/examples_rclpy_executors/lib/examples_rclpy_executors
[2.146s] Installing talker script to /home/minarady/ros2_ws/install/examples_rclpy_executors/lib/examples_rclpy_executors
[2.146s] writing list of installed files to '/home/minarady/ros2_ws/build/examples_rclpy_executors/install.log'
[2.165s] Invoked command in '/home/minarady/ros2_ws/src/examples/rclpy/executors' returned '0': PYTHONPATH=/home/minarady/ros2_ws/install/examples_rclpy_executors/lib/python3.10/site-packages:${PYTHONPATH} /usr/bin/python3 setup.py egg_info --egg-base ../../../../build/examples_rclpy_executors build --build-base /home/minarady/ros2_ws/build/examples_rclpy_executors/build install --prefix /home/minarady/ros2_ws/install/examples_rclpy_executors --record /home/minarady/ros2_ws/build/examples_rclpy_executors/install.log --single-version-externally-managed
