[0.050s] Invoking command in '/home/minarady/ros2_ws/build/examples_rclcpp_multithreaded_executor': CMAKE_PREFIX_PATH=/opt/ros/humble /usr/bin/cmake /home/minarady/ros2_ws/src/examples/rclcpp/executors/multithreaded_executor -DAMENT_CMAKE_SYMLINK_INSTALL=1 -DCMAKE_INSTALL_PREFIX=/home/minarady/ros2_ws/install/examples_rclcpp_multithreaded_executor
[1.366s] -- The C compiler identification is GNU 11.3.0
[1.366s] -- The CXX compiler identification is GNU 11.3.0
[1.366s] -- Detecting C compiler ABI info
[1.366s] -- Detecting C compiler ABI info - done
[1.366s] -- Check for working C compiler: /usr/bin/cc - skipped
[1.366s] -- Detecting C compile features
[1.366s] -- Detecting C compile features - done
[1.366s] -- Detecting CXX compiler ABI info
[1.366s] -- Detecting CXX compiler ABI info - done
[1.366s] -- Check for working CXX compiler: /usr/bin/c++ - skipped
[1.366s] -- Detecting CXX compile features
[1.366s] -- Detecting CXX compile features - done
[1.366s] -- Found ament_cmake: 1.3.2 (/opt/ros/humble/share/ament_cmake/cmake)
[1.366s] -- Found Python3: /usr/bin/python3.10 (found version "3.10.6") found components: Interpreter 
[1.366s] -- Override CMake install command with custom implementation using symlinks instead of copying resources
[1.366s] -- Found rclcpp: 16.0.1 (/opt/ros/humble/share/rclcpp/cmake)
[1.366s] -- Found rosidl_generator_c: 3.1.3 (/opt/ros/humble/share/rosidl_generator_c/cmake)
[1.366s] -- Found rosidl_adapter: 3.1.3 (/opt/ros/humble/share/rosidl_adapter/cmake)
[1.366s] -- Found rosidl_generator_cpp: 3.1.3 (/opt/ros/humble/share/rosidl_generator_cpp/cmake)
[1.367s] -- Using all available rosidl_typesupport_c: rosidl_typesupport_fastrtps_c;rosidl_typesupport_introspection_c
[1.367s] -- Using all available rosidl_typesupport_cpp: rosidl_typesupport_fastrtps_cpp;rosidl_typesupport_introspection_cpp
[1.367s] -- Found rmw_implementation_cmake: 6.1.0 (/opt/ros/humble/share/rmw_implementation_cmake/cmake)
[1.367s] -- Found rmw_fastrtps_cpp: 6.2.1 (/opt/ros/humble/share/rmw_fastrtps_cpp/cmake)
[1.367s] -- Found OpenSSL: /usr/lib/x86_64-linux-gnu/libcrypto.so (found version "3.0.2")  
[1.367s] -- Found FastRTPS: /opt/ros/humble/include  
[1.367s] -- Using RMW implementation 'rmw_fastrtps_cpp' as default
[1.367s] -- Found ament_lint_auto: 0.12.4 (/opt/ros/humble/share/ament_lint_auto/cmake)
[1.367s] -- Added test 'copyright' to check source files copyright and LICENSE
[1.367s] -- Added test 'cppcheck' to perform static code analysis on C / C++ code
[1.367s] -- Configured cppcheck include dirs: 
[1.367s] -- Configured cppcheck exclude dirs and/or files: 
[1.367s] -- Added test 'cpplint' to check C / C++ code against the Google style
[1.367s] -- Configured cpplint exclude dirs and/or files: 
[1.367s] -- Added test 'lint_cmake' to check CMake code style
[1.367s] -- Added test 'uncrustify' to check C / C++ code style
[1.367s] -- Configured uncrustify additional arguments: 
[1.367s] -- Added test 'xmllint' to check XML markup files
[1.367s] -- Configuring done
[1.367s] -- Generating done
[1.367s] -- Build files have been written to: /home/minarady/ros2_ws/build/examples_rclcpp_multithreaded_executor
[1.376s] Invoked command in '/home/minarady/ros2_ws/build/examples_rclcpp_multithreaded_executor' returned '0': CMAKE_PREFIX_PATH=/opt/ros/humble /usr/bin/cmake /home/minarady/ros2_ws/src/examples/rclcpp/executors/multithreaded_executor -DAMENT_CMAKE_SYMLINK_INSTALL=1 -DCMAKE_INSTALL_PREFIX=/home/minarady/ros2_ws/install/examples_rclcpp_multithreaded_executor
[1.376s] Invoking command in '/home/minarady/ros2_ws/build/examples_rclcpp_multithreaded_executor': CMAKE_PREFIX_PATH=/opt/ros/humble /usr/bin/cmake --build /home/minarady/ros2_ws/build/examples_rclcpp_multithreaded_executor -- -j20 -l20
[1.457s] [ 50%] [32mBuilding CXX object CMakeFiles/multithreaded_executor.dir/multithreaded_executor.cpp.o[0m
[21.151s] [100%] [32m[1mLinking CXX executable multithreaded_executor[0m
[21.649s] [100%] Built target multithreaded_executor
[21.659s] Invoked command in '/home/minarady/ros2_ws/build/examples_rclcpp_multithreaded_executor' returned '0': CMAKE_PREFIX_PATH=/opt/ros/humble /usr/bin/cmake --build /home/minarady/ros2_ws/build/examples_rclcpp_multithreaded_executor -- -j20 -l20
[21.676s] Invoking command in '/home/minarady/ros2_ws/build/examples_rclcpp_multithreaded_executor': CMAKE_PREFIX_PATH=/opt/ros/humble /usr/bin/cmake --install /home/minarady/ros2_ws/build/examples_rclcpp_multithreaded_executor
[21.684s] -- Install configuration: ""
[21.685s] -- Execute custom install script
[21.686s] -- Symlinking: /home/minarady/ros2_ws/install/examples_rclcpp_multithreaded_executor/lib/examples_rclcpp_multithreaded_executor/multithreaded_executor
[21.693s] -- Symlinking: /home/minarady/ros2_ws/install/examples_rclcpp_multithreaded_executor/share/ament_index/resource_index/package_run_dependencies/examples_rclcpp_multithreaded_executor
[21.700s] -- Symlinking: /home/minarady/ros2_ws/install/examples_rclcpp_multithreaded_executor/share/ament_index/resource_index/parent_prefix_path/examples_rclcpp_multithreaded_executor
[21.708s] -- Symlinking: /home/minarady/ros2_ws/install/examples_rclcpp_multithreaded_executor/share/examples_rclcpp_multithreaded_executor/environment/ament_prefix_path.sh
[21.715s] -- Symlinking: /home/minarady/ros2_ws/install/examples_rclcpp_multithreaded_executor/share/examples_rclcpp_multithreaded_executor/environment/ament_prefix_path.dsv
[21.722s] -- Symlinking: /home/minarady/ros2_ws/install/examples_rclcpp_multithreaded_executor/share/examples_rclcpp_multithreaded_executor/environment/path.sh
[21.730s] -- Symlinking: /home/minarady/ros2_ws/install/examples_rclcpp_multithreaded_executor/share/examples_rclcpp_multithreaded_executor/environment/path.dsv
[21.738s] -- Symlinking: /home/minarady/ros2_ws/install/examples_rclcpp_multithreaded_executor/share/examples_rclcpp_multithreaded_executor/local_setup.bash
[21.745s] -- Symlinking: /home/minarady/ros2_ws/install/examples_rclcpp_multithreaded_executor/share/examples_rclcpp_multithreaded_executor/local_setup.sh
[21.753s] -- Symlinking: /home/minarady/ros2_ws/install/examples_rclcpp_multithreaded_executor/share/examples_rclcpp_multithreaded_executor/local_setup.zsh
[21.761s] -- Symlinking: /home/minarady/ros2_ws/install/examples_rclcpp_multithreaded_executor/share/examples_rclcpp_multithreaded_executor/local_setup.dsv
[21.769s] -- Symlinking: /home/minarady/ros2_ws/install/examples_rclcpp_multithreaded_executor/share/examples_rclcpp_multithreaded_executor/package.dsv
[21.777s] -- Symlinking: /home/minarady/ros2_ws/install/examples_rclcpp_multithreaded_executor/share/ament_index/resource_index/packages/examples_rclcpp_multithreaded_executor
[21.785s] -- Symlinking: /home/minarady/ros2_ws/install/examples_rclcpp_multithreaded_executor/share/examples_rclcpp_multithreaded_executor/cmake/examples_rclcpp_multithreaded_executorConfig.cmake
[21.792s] -- Symlinking: /home/minarady/ros2_ws/install/examples_rclcpp_multithreaded_executor/share/examples_rclcpp_multithreaded_executor/cmake/examples_rclcpp_multithreaded_executorConfig-version.cmake
[21.800s] -- Symlinking: /home/minarady/ros2_ws/install/examples_rclcpp_multithreaded_executor/share/examples_rclcpp_multithreaded_executor/package.xml
[21.809s] Invoked command in '/home/minarady/ros2_ws/build/examples_rclcpp_multithreaded_executor' returned '0': CMAKE_PREFIX_PATH=/opt/ros/humble /usr/bin/cmake --install /home/minarady/ros2_ws/build/examples_rclcpp_multithreaded_executor
