[1.357s] Invoking command in '/home/minarady/ros2_ws/build/examples_rclpy_minimal_service': PYTHONPATH=/home/minarady/ros2_ws/install/examples_rclpy_minimal_service/lib/python3.10/site-packages:${PYTHONPATH} /usr/bin/python3 setup.py develop --prefix /home/minarady/ros2_ws/install/examples_rclpy_minimal_service --editable --build-directory /home/minarady/ros2_ws/build/examples_rclpy_minimal_service/build --no-deps install_data --install-dir /home/minarady/ros2_ws/install/examples_rclpy_minimal_service
[1.493s] running develop
[1.493s] /usr/lib/python3/dist-packages/setuptools/command/easy_install.py:158: EasyInstallDeprecationWarning: easy_install command is deprecated. Use build and pip and other standards-based tools.
[1.493s]   warnings.warn(
[1.493s] /usr/lib/python3/dist-packages/setuptools/command/install.py:34: SetuptoolsDeprecationWarning: setup.py install is deprecated. Use build and pip and other standards-based tools.
[1.493s]   warnings.warn(
[1.521s] /usr/lib/python3/dist-packages/pkg_resources/__init__.py:116: PkgResourcesDeprecationWarning: 1.1build1 is an invalid version and will not be supported in a future release
[1.521s]   warnings.warn(
[1.521s] /usr/lib/python3/dist-packages/pkg_resources/__init__.py:116: PkgResourcesDeprecationWarning: 0.1.43ubuntu1 is an invalid version and will not be supported in a future release
[1.521s]   warnings.warn(
[1.570s] running egg_info
[1.571s] writing examples_rclpy_minimal_service.egg-info/PKG-INFO
[1.571s] writing dependency_links to examples_rclpy_minimal_service.egg-info/dependency_links.txt
[1.571s] writing entry points to examples_rclpy_minimal_service.egg-info/entry_points.txt
[1.571s] writing requirements to examples_rclpy_minimal_service.egg-info/requires.txt
[1.572s] writing top-level names to examples_rclpy_minimal_service.egg-info/top_level.txt
[1.572s] reading manifest file 'examples_rclpy_minimal_service.egg-info/SOURCES.txt'
[1.572s] writing manifest file 'examples_rclpy_minimal_service.egg-info/SOURCES.txt'
[1.573s] running build_ext
[1.573s] Creating /home/minarady/ros2_ws/install/examples_rclpy_minimal_service/lib/python3.10/site-packages/examples-rclpy-minimal-service.egg-link (link to .)
[1.574s] Installing service script to /home/minarady/ros2_ws/install/examples_rclpy_minimal_service/lib/examples_rclpy_minimal_service
[1.574s] Installing service_member_function script to /home/minarady/ros2_ws/install/examples_rclpy_minimal_service/lib/examples_rclpy_minimal_service
[1.574s] 
[1.574s] Installed /home/minarady/ros2_ws/build/examples_rclpy_minimal_service
[1.575s] running install_data
[1.797s] Invoked command in '/home/minarady/ros2_ws/build/examples_rclpy_minimal_service' returned '0': PYTHONPATH=/home/minarady/ros2_ws/install/examples_rclpy_minimal_service/lib/python3.10/site-packages:${PYTHONPATH} /usr/bin/python3 setup.py develop --prefix /home/minarady/ros2_ws/install/examples_rclpy_minimal_service --editable --build-directory /home/minarady/ros2_ws/build/examples_rclpy_minimal_service/build --no-deps install_data --install-dir /home/minarady/ros2_ws/install/examples_rclpy_minimal_service
