[0.085s] Invoking command in '/home/minarady/ros2_ws/src/build/examples_rclcpp_async_client': CMAKE_PREFIX_PATH=${CMAKE_PREFIX_PATH}:/home/minarady/ros2_ws/install/tx_control:/home/minarady/ros2_ws/install/launch_testing_examples:/home/minarady/ros2_ws/install/examples_rclpy_pointcloud_publisher:/home/minarady/ros2_ws/install/examples_rclpy_minimal_subscriber:/home/minarady/ros2_ws/install/examples_rclpy_minimal_service:/home/minarady/ros2_ws/install/examples_rclpy_minimal_publisher:/home/minarady/ros2_ws/install/examples_rclpy_minimal_client:/home/minarady/ros2_ws/install/examples_rclpy_minimal_action_server:/home/minarady/ros2_ws/install/examples_rclpy_minimal_action_client:/home/minarady/ros2_ws/install/examples_rclpy_guard_conditions:/home/minarady/ros2_ws/install/examples_rclpy_executors:/opt/ros/humble /usr/bin/cmake --build /home/minarady/ros2_ws/src/build/examples_rclcpp_async_client -- -j20 -l20
[7.092s] [ 50%] [32mBuilding CXX object CMakeFiles/client_main.dir/main.cpp.o[0m
[14.435s] [100%] [32m[1mLinking CXX executable client_main[0m
[14.979s] [100%] Built target client_main
[15.118s] Invoked command in '/home/minarady/ros2_ws/src/build/examples_rclcpp_async_client' returned '0': CMAKE_PREFIX_PATH=${CMAKE_PREFIX_PATH}:/home/minarady/ros2_ws/install/tx_control:/home/minarady/ros2_ws/install/launch_testing_examples:/home/minarady/ros2_ws/install/examples_rclpy_pointcloud_publisher:/home/minarady/ros2_ws/install/examples_rclpy_minimal_subscriber:/home/minarady/ros2_ws/install/examples_rclpy_minimal_service:/home/minarady/ros2_ws/install/examples_rclpy_minimal_publisher:/home/minarady/ros2_ws/install/examples_rclpy_minimal_client:/home/minarady/ros2_ws/install/examples_rclpy_minimal_action_server:/home/minarady/ros2_ws/install/examples_rclpy_minimal_action_client:/home/minarady/ros2_ws/install/examples_rclpy_guard_conditions:/home/minarady/ros2_ws/install/examples_rclpy_executors:/opt/ros/humble /usr/bin/cmake --build /home/minarady/ros2_ws/src/build/examples_rclcpp_async_client -- -j20 -l20
[15.450s] Invoking command in '/home/minarady/ros2_ws/src/build/examples_rclcpp_async_client': CMAKE_PREFIX_PATH=${CMAKE_PREFIX_PATH}:/home/minarady/ros2_ws/install/tx_control:/home/minarady/ros2_ws/install/launch_testing_examples:/home/minarady/ros2_ws/install/examples_rclpy_pointcloud_publisher:/home/minarady/ros2_ws/install/examples_rclpy_minimal_subscriber:/home/minarady/ros2_ws/install/examples_rclpy_minimal_service:/home/minarady/ros2_ws/install/examples_rclpy_minimal_publisher:/home/minarady/ros2_ws/install/examples_rclpy_minimal_client:/home/minarady/ros2_ws/install/examples_rclpy_minimal_action_server:/home/minarady/ros2_ws/install/examples_rclpy_minimal_action_client:/home/minarady/ros2_ws/install/examples_rclpy_guard_conditions:/home/minarady/ros2_ws/install/examples_rclpy_executors:/opt/ros/humble /usr/bin/cmake --install /home/minarady/ros2_ws/src/build/examples_rclcpp_async_client
[15.460s] -- Install configuration: ""
[15.461s] -- Installing: /home/minarady/ros2_ws/src/install/examples_rclcpp_async_client/lib/examples_rclcpp_async_client/client_main
[15.462s] -- Set runtime path of "/home/minarady/ros2_ws/src/install/examples_rclcpp_async_client/lib/examples_rclcpp_async_client/client_main" to ""
[15.462s] -- Installing: /home/minarady/ros2_ws/src/install/examples_rclcpp_async_client/share/ament_index/resource_index/package_run_dependencies/examples_rclcpp_async_client
[15.462s] -- Installing: /home/minarady/ros2_ws/src/install/examples_rclcpp_async_client/share/ament_index/resource_index/parent_prefix_path/examples_rclcpp_async_client
[15.462s] -- Installing: /home/minarady/ros2_ws/src/install/examples_rclcpp_async_client/share/examples_rclcpp_async_client/environment/ament_prefix_path.sh
[15.462s] -- Installing: /home/minarady/ros2_ws/src/install/examples_rclcpp_async_client/share/examples_rclcpp_async_client/environment/ament_prefix_path.dsv
[15.463s] -- Installing: /home/minarady/ros2_ws/src/install/examples_rclcpp_async_client/share/examples_rclcpp_async_client/environment/path.sh
[15.463s] -- Installing: /home/minarady/ros2_ws/src/install/examples_rclcpp_async_client/share/examples_rclcpp_async_client/environment/path.dsv
[15.463s] -- Installing: /home/minarady/ros2_ws/src/install/examples_rclcpp_async_client/share/examples_rclcpp_async_client/local_setup.bash
[15.463s] -- Installing: /home/minarady/ros2_ws/src/install/examples_rclcpp_async_client/share/examples_rclcpp_async_client/local_setup.sh
[15.463s] -- Installing: /home/minarady/ros2_ws/src/install/examples_rclcpp_async_client/share/examples_rclcpp_async_client/local_setup.zsh
[15.463s] -- Installing: /home/minarady/ros2_ws/src/install/examples_rclcpp_async_client/share/examples_rclcpp_async_client/local_setup.dsv
[15.464s] -- Installing: /home/minarady/ros2_ws/src/install/examples_rclcpp_async_client/share/examples_rclcpp_async_client/package.dsv
[15.464s] -- Installing: /home/minarady/ros2_ws/src/install/examples_rclcpp_async_client/share/ament_index/resource_index/packages/examples_rclcpp_async_client
[15.464s] -- Installing: /home/minarady/ros2_ws/src/install/examples_rclcpp_async_client/share/examples_rclcpp_async_client/cmake/examples_rclcpp_async_clientConfig.cmake
[15.464s] -- Installing: /home/minarady/ros2_ws/src/install/examples_rclcpp_async_client/share/examples_rclcpp_async_client/cmake/examples_rclcpp_async_clientConfig-version.cmake
[15.464s] -- Installing: /home/minarady/ros2_ws/src/install/examples_rclcpp_async_client/share/examples_rclcpp_async_client/package.xml
[15.476s] Invoked command in '/home/minarady/ros2_ws/src/build/examples_rclcpp_async_client' returned '0': CMAKE_PREFIX_PATH=${CMAKE_PREFIX_PATH}:/home/minarady/ros2_ws/install/tx_control:/home/minarady/ros2_ws/install/launch_testing_examples:/home/minarady/ros2_ws/install/examples_rclpy_pointcloud_publisher:/home/minarady/ros2_ws/install/examples_rclpy_minimal_subscriber:/home/minarady/ros2_ws/install/examples_rclpy_minimal_service:/home/minarady/ros2_ws/install/examples_rclpy_minimal_publisher:/home/minarady/ros2_ws/install/examples_rclpy_minimal_client:/home/minarady/ros2_ws/install/examples_rclpy_minimal_action_server:/home/minarady/ros2_ws/install/examples_rclpy_minimal_action_client:/home/minarady/ros2_ws/install/examples_rclpy_guard_conditions:/home/minarady/ros2_ws/install/examples_rclpy_executors:/opt/ros/humble /usr/bin/cmake --install /home/minarady/ros2_ws/src/build/examples_rclcpp_async_client
