[8.872s] Invoking command in '/home/minarady/ros2_ws/src/examples/rclpy/services/minimal_service': PYTHONPATH=/home/minarady/ros2_ws/src/install/examples_rclpy_minimal_service/lib/python3.10/site-packages:${PYTHONPATH} /usr/bin/python3 setup.py egg_info --egg-base ../../../../build/examples_rclpy_minimal_service build --build-base /home/minarady/ros2_ws/src/build/examples_rclpy_minimal_service/build install --prefix /home/minarady/ros2_ws/src/install/examples_rclpy_minimal_service --record /home/minarady/ros2_ws/src/build/examples_rclpy_minimal_service/install.log --single-version-externally-managed
[11.899s] running egg_info
[11.899s] writing ../../../../build/examples_rclpy_minimal_service/examples_rclpy_minimal_service.egg-info/PKG-INFO
[11.899s] writing dependency_links to ../../../../build/examples_rclpy_minimal_service/examples_rclpy_minimal_service.egg-info/dependency_links.txt
[11.899s] writing entry points to ../../../../build/examples_rclpy_minimal_service/examples_rclpy_minimal_service.egg-info/entry_points.txt
[11.900s] writing requirements to ../../../../build/examples_rclpy_minimal_service/examples_rclpy_minimal_service.egg-info/requires.txt
[11.900s] writing top-level names to ../../../../build/examples_rclpy_minimal_service/examples_rclpy_minimal_service.egg-info/top_level.txt
[11.900s] reading manifest file '../../../../build/examples_rclpy_minimal_service/examples_rclpy_minimal_service.egg-info/SOURCES.txt'
[11.900s] writing manifest file '../../../../build/examples_rclpy_minimal_service/examples_rclpy_minimal_service.egg-info/SOURCES.txt'
[11.900s] running build
[11.900s] running build_py
[11.900s] running install
[11.900s] running install_lib
[11.900s] running install_data
[11.900s] running install_egg_info
[11.900s] removing '/home/minarady/ros2_ws/src/install/examples_rclpy_minimal_service/lib/python3.10/site-packages/examples_rclpy_minimal_service-0.15.1-py3.10.egg-info' (and everything under it)
[11.900s] Copying ../../../../build/examples_rclpy_minimal_service/examples_rclpy_minimal_service.egg-info to /home/minarady/ros2_ws/src/install/examples_rclpy_minimal_service/lib/python3.10/site-packages/examples_rclpy_minimal_service-0.15.1-py3.10.egg-info
[11.901s] running install_scripts
[11.901s] Installing service script to /home/minarady/ros2_ws/src/install/examples_rclpy_minimal_service/lib/examples_rclpy_minimal_service
[11.901s] Installing service_member_function script to /home/minarady/ros2_ws/src/install/examples_rclpy_minimal_service/lib/examples_rclpy_minimal_service
[11.901s] writing list of installed files to '/home/minarady/ros2_ws/src/build/examples_rclpy_minimal_service/install.log'
[11.901s] /usr/lib/python3/dist-packages/setuptools/command/install.py:34: SetuptoolsDeprecationWarning: setup.py install is deprecated. Use build and pip and other standards-based tools.
[11.901s]   warnings.warn(
[12.125s] Invoked command in '/home/minarady/ros2_ws/src/examples/rclpy/services/minimal_service' returned '0': PYTHONPATH=/home/minarady/ros2_ws/src/install/examples_rclpy_minimal_service/lib/python3.10/site-packages:${PYTHONPATH} /usr/bin/python3 setup.py egg_info --egg-base ../../../../build/examples_rclpy_minimal_service build --build-base /home/minarady/ros2_ws/src/build/examples_rclpy_minimal_service/build install --prefix /home/minarady/ros2_ws/src/install/examples_rclpy_minimal_service --record /home/minarady/ros2_ws/src/build/examples_rclpy_minimal_service/install.log --single-version-externally-managed
