[1.996s] Invoking command in '/home/minarady/ros2_ws/build/examples_rclpy_pointcloud_publisher': PYTHONPATH=/home/minarady/ros2_ws/install/examples_rclpy_pointcloud_publisher/lib/python3.10/site-packages:${PYTHONPATH} /usr/bin/python3 setup.py develop --prefix /home/minarady/ros2_ws/install/examples_rclpy_pointcloud_publisher --editable --build-directory /home/minarady/ros2_ws/build/examples_rclpy_pointcloud_publisher/build --no-deps install_data --install-dir /home/minarady/ros2_ws/install/examples_rclpy_pointcloud_publisher
[2.455s] running develop
[2.455s] /usr/lib/python3/dist-packages/setuptools/command/easy_install.py:158: EasyInstallDeprecationWarning: easy_install command is deprecated. Use build and pip and other standards-based tools.
[2.455s]   warnings.warn(
[2.457s] /usr/lib/python3/dist-packages/setuptools/command/install.py:34: SetuptoolsDeprecationWarning: setup.py install is deprecated. Use build and pip and other standards-based tools.
[2.457s]   warnings.warn(
[2.561s] /usr/lib/python3/dist-packages/pkg_resources/__init__.py:116: PkgResourcesDeprecationWarning: 1.1build1 is an invalid version and will not be supported in a future release
[2.561s]   warnings.warn(
[2.561s] /usr/lib/python3/dist-packages/pkg_resources/__init__.py:116: PkgResourcesDeprecationWarning: 0.1.43ubuntu1 is an invalid version and will not be supported in a future release
[2.561s]   warnings.warn(
[2.755s] running egg_info
[2.755s] creating examples_rclpy_pointcloud_publisher.egg-info
[2.755s] writing examples_rclpy_pointcloud_publisher.egg-info/PKG-INFO
[2.756s] writing dependency_links to examples_rclpy_pointcloud_publisher.egg-info/dependency_links.txt
[2.756s] writing entry points to examples_rclpy_pointcloud_publisher.egg-info/entry_points.txt
[2.756s] writing requirements to examples_rclpy_pointcloud_publisher.egg-info/requires.txt
[2.756s] writing top-level names to examples_rclpy_pointcloud_publisher.egg-info/top_level.txt
[2.757s] writing manifest file 'examples_rclpy_pointcloud_publisher.egg-info/SOURCES.txt'
[2.759s] reading manifest file 'examples_rclpy_pointcloud_publisher.egg-info/SOURCES.txt'
[2.760s] writing manifest file 'examples_rclpy_pointcloud_publisher.egg-info/SOURCES.txt'
[2.761s] running build_ext
[2.762s] Creating /home/minarady/ros2_ws/install/examples_rclpy_pointcloud_publisher/lib/python3.10/site-packages/examples-rclpy-pointcloud-publisher.egg-link (link to .)
[2.763s] Installing pointcloud_publisher script to /home/minarady/ros2_ws/install/examples_rclpy_pointcloud_publisher/lib/examples_rclpy_pointcloud_publisher
[2.763s] 
[2.763s] Installed /home/minarady/ros2_ws/build/examples_rclpy_pointcloud_publisher
[2.787s] running install_data
[2.787s] creating /home/minarady/ros2_ws/install/examples_rclpy_pointcloud_publisher/share/ament_index
[2.787s] creating /home/minarady/ros2_ws/install/examples_rclpy_pointcloud_publisher/share/ament_index/resource_index
[2.787s] creating /home/minarady/ros2_ws/install/examples_rclpy_pointcloud_publisher/share/ament_index/resource_index/packages
[2.787s] copying resource/examples_rclpy_pointcloud_publisher -> /home/minarady/ros2_ws/install/examples_rclpy_pointcloud_publisher/share/ament_index/resource_index/packages
[2.787s] copying package.xml -> /home/minarady/ros2_ws/install/examples_rclpy_pointcloud_publisher/share/examples_rclpy_pointcloud_publisher
[2.881s] Invoked command in '/home/minarady/ros2_ws/build/examples_rclpy_pointcloud_publisher' returned '0': PYTHONPATH=/home/minarady/ros2_ws/install/examples_rclpy_pointcloud_publisher/lib/python3.10/site-packages:${PYTHONPATH} /usr/bin/python3 setup.py develop --prefix /home/minarady/ros2_ws/install/examples_rclpy_pointcloud_publisher --editable --build-directory /home/minarady/ros2_ws/build/examples_rclpy_pointcloud_publisher/build --no-deps install_data --install-dir /home/minarady/ros2_ws/install/examples_rclpy_pointcloud_publisher
