[0.068s] Invoking command in '/home/minarady/ros2_ws/build/examples_rclcpp_minimal_action_client': CMAKE_PREFIX_PATH=/opt/ros/humble /usr/bin/cmake --build /home/minarady/ros2_ws/build/examples_rclcpp_minimal_action_client -- -j20 -l20
[1.061s] [35m[1mConsolidate compiler generated dependencies of target action_client_member_functions[0m
[1.061s] [35m[1mConsolidate compiler generated dependencies of target action_client_not_composable_with_cancel[0m
[1.061s] [35m[1mConsolidate compiler generated dependencies of target action_client_not_composable_with_feedback[0m
[1.061s] [35m[1mConsolidate compiler generated dependencies of target action_client_not_composable[0m
[1.061s] [ 25%] Built target action_client_member_functions
[1.061s] [ 50%] Built target action_client_not_composable_with_cancel
[1.061s] [ 75%] Built target action_client_not_composable_with_feedback
[1.061s] [100%] Built target action_client_not_composable
[1.068s] Invoked command in '/home/minarady/ros2_ws/build/examples_rclcpp_minimal_action_client' returned '0': CMAKE_PREFIX_PATH=/opt/ros/humble /usr/bin/cmake --build /home/minarady/ros2_ws/build/examples_rclcpp_minimal_action_client -- -j20 -l20
[1.110s] Invoking command in '/home/minarady/ros2_ws/build/examples_rclcpp_minimal_action_client': CMAKE_PREFIX_PATH=/opt/ros/humble /usr/bin/cmake --install /home/minarady/ros2_ws/build/examples_rclcpp_minimal_action_client
[1.126s] -- Install configuration: ""
[1.126s] -- Execute custom install script
[1.126s] -- Up-to-date symlink: /home/minarady/ros2_ws/install/examples_rclcpp_minimal_action_client/lib/examples_rclcpp_minimal_action_client/action_client_member_functions
[1.126s] -- Up-to-date symlink: /home/minarady/ros2_ws/install/examples_rclcpp_minimal_action_client/lib/examples_rclcpp_minimal_action_client/action_client_not_composable
[1.126s] -- Up-to-date symlink: /home/minarady/ros2_ws/install/examples_rclcpp_minimal_action_client/lib/examples_rclcpp_minimal_action_client/action_client_not_composable_with_cancel
[1.126s] -- Up-to-date symlink: /home/minarady/ros2_ws/install/examples_rclcpp_minimal_action_client/lib/examples_rclcpp_minimal_action_client/action_client_not_composable_with_feedback
[1.127s] -- Up-to-date symlink: /home/minarady/ros2_ws/install/examples_rclcpp_minimal_action_client/share/ament_index/resource_index/package_run_dependencies/examples_rclcpp_minimal_action_client
[1.127s] -- Up-to-date symlink: /home/minarady/ros2_ws/install/examples_rclcpp_minimal_action_client/share/ament_index/resource_index/parent_prefix_path/examples_rclcpp_minimal_action_client
[1.127s] -- Up-to-date symlink: /home/minarady/ros2_ws/install/examples_rclcpp_minimal_action_client/share/examples_rclcpp_minimal_action_client/environment/ament_prefix_path.sh
[1.127s] -- Up-to-date symlink: /home/minarady/ros2_ws/install/examples_rclcpp_minimal_action_client/share/examples_rclcpp_minimal_action_client/environment/ament_prefix_path.dsv
[1.127s] -- Up-to-date symlink: /home/minarady/ros2_ws/install/examples_rclcpp_minimal_action_client/share/examples_rclcpp_minimal_action_client/environment/path.sh
[1.127s] -- Up-to-date symlink: /home/minarady/ros2_ws/install/examples_rclcpp_minimal_action_client/share/examples_rclcpp_minimal_action_client/environment/path.dsv
[1.127s] -- Up-to-date symlink: /home/minarady/ros2_ws/install/examples_rclcpp_minimal_action_client/share/examples_rclcpp_minimal_action_client/local_setup.bash
[1.127s] -- Up-to-date symlink: /home/minarady/ros2_ws/install/examples_rclcpp_minimal_action_client/share/examples_rclcpp_minimal_action_client/local_setup.sh
[1.127s] -- Up-to-date symlink: /home/minarady/ros2_ws/install/examples_rclcpp_minimal_action_client/share/examples_rclcpp_minimal_action_client/local_setup.zsh
[1.127s] -- Up-to-date symlink: /home/minarady/ros2_ws/install/examples_rclcpp_minimal_action_client/share/examples_rclcpp_minimal_action_client/local_setup.dsv
[1.127s] -- Symlinking: /home/minarady/ros2_ws/install/examples_rclcpp_minimal_action_client/share/examples_rclcpp_minimal_action_client/package.dsv
[1.131s] -- Up-to-date symlink: /home/minarady/ros2_ws/install/examples_rclcpp_minimal_action_client/share/ament_index/resource_index/packages/examples_rclcpp_minimal_action_client
[1.132s] -- Up-to-date symlink: /home/minarady/ros2_ws/install/examples_rclcpp_minimal_action_client/share/examples_rclcpp_minimal_action_client/cmake/examples_rclcpp_minimal_action_clientConfig.cmake
[1.132s] -- Up-to-date symlink: /home/minarady/ros2_ws/install/examples_rclcpp_minimal_action_client/share/examples_rclcpp_minimal_action_client/cmake/examples_rclcpp_minimal_action_clientConfig-version.cmake
[1.132s] -- Up-to-date symlink: /home/minarady/ros2_ws/install/examples_rclcpp_minimal_action_client/share/examples_rclcpp_minimal_action_client/package.xml
[1.201s] Invoked command in '/home/minarady/ros2_ws/build/examples_rclcpp_minimal_action_client' returned '0': CMAKE_PREFIX_PATH=/opt/ros/humble /usr/bin/cmake --install /home/minarady/ros2_ws/build/examples_rclcpp_minimal_action_client
