[0.076s] Invoking command in '/home/minarady/ros2_ws/build/examples_rclcpp_cbg_executor': CMAKE_PREFIX_PATH=${CMAKE_PREFIX_PATH}:/home/minarady/ros2_ws/install/launch_testing_examples:/home/minarady/ros2_ws/install/examples_rclpy_pointcloud_publisher:/home/minarady/ros2_ws/install/examples_rclpy_minimal_subscriber:/home/minarady/ros2_ws/install/examples_rclpy_minimal_service:/home/minarady/ros2_ws/install/examples_rclpy_minimal_publisher:/home/minarady/ros2_ws/install/examples_rclpy_minimal_client:/home/minarady/ros2_ws/install/examples_rclpy_minimal_action_server:/home/minarady/ros2_ws/install/examples_rclpy_minimal_action_client:/home/minarady/ros2_ws/install/examples_rclpy_guard_conditions:/home/minarady/ros2_ws/install/examples_rclpy_executors:/opt/ros/humble /usr/bin/cmake /home/minarady/ros2_ws/src/examples/rclcpp/executors/cbg_executor -DCMAKE_INSTALL_PREFIX=/home/minarady/ros2_ws/install/examples_rclcpp_cbg_executor
[1.467s] -- Found ament_cmake: 1.3.2 (/opt/ros/humble/share/ament_cmake/cmake)
[1.467s] -- Override CMake install command with custom implementation using symlinks instead of copying resources
[1.467s] -- Found rclcpp: 16.0.1 (/opt/ros/humble/share/rclcpp/cmake)
[1.467s] -- Found rosidl_generator_c: 3.1.3 (/opt/ros/humble/share/rosidl_generator_c/cmake)
[1.467s] -- Found rosidl_adapter: 3.1.3 (/opt/ros/humble/share/rosidl_adapter/cmake)
[1.467s] -- Found rosidl_generator_cpp: 3.1.3 (/opt/ros/humble/share/rosidl_generator_cpp/cmake)
[1.467s] -- Using all available rosidl_typesupport_c: rosidl_typesupport_fastrtps_c;rosidl_typesupport_introspection_c
[1.467s] -- Using all available rosidl_typesupport_cpp: rosidl_typesupport_fastrtps_cpp;rosidl_typesupport_introspection_cpp
[1.467s] -- Found rmw_implementation_cmake: 6.1.0 (/opt/ros/humble/share/rmw_implementation_cmake/cmake)
[1.468s] -- Found rmw_fastrtps_cpp: 6.2.1 (/opt/ros/humble/share/rmw_fastrtps_cpp/cmake)
[1.468s] -- Using RMW implementation 'rmw_fastrtps_cpp' as default
[1.468s] -- Found ament_lint_auto: 0.12.4 (/opt/ros/humble/share/ament_lint_auto/cmake)
[1.468s] -- Added test 'copyright' to check source files copyright and LICENSE
[1.468s] -- Added test 'cppcheck' to perform static code analysis on C / C++ code
[1.468s] -- Configured cppcheck include dirs: /home/minarady/ros2_ws/src/examples/rclcpp/executors/cbg_executor/include
[1.468s] -- Configured cppcheck exclude dirs and/or files: 
[1.468s] -- Added test 'cpplint' to check C / C++ code against the Google style
[1.468s] -- Configured cpplint exclude dirs and/or files: 
[1.468s] -- Added test 'lint_cmake' to check CMake code style
[1.468s] -- Added test 'uncrustify' to check C / C++ code style
[1.468s] -- Configured uncrustify additional arguments: 
[1.468s] -- Added test 'xmllint' to check XML markup files
[1.468s] -- Configuring done
[1.468s] -- Generating done
[1.468s] -- Build files have been written to: /home/minarady/ros2_ws/build/examples_rclcpp_cbg_executor
[1.494s] Invoked command in '/home/minarady/ros2_ws/build/examples_rclcpp_cbg_executor' returned '0': CMAKE_PREFIX_PATH=${CMAKE_PREFIX_PATH}:/home/minarady/ros2_ws/install/launch_testing_examples:/home/minarady/ros2_ws/install/examples_rclpy_pointcloud_publisher:/home/minarady/ros2_ws/install/examples_rclpy_minimal_subscriber:/home/minarady/ros2_ws/install/examples_rclpy_minimal_service:/home/minarady/ros2_ws/install/examples_rclpy_minimal_publisher:/home/minarady/ros2_ws/install/examples_rclpy_minimal_client:/home/minarady/ros2_ws/install/examples_rclpy_minimal_action_server:/home/minarady/ros2_ws/install/examples_rclpy_minimal_action_client:/home/minarady/ros2_ws/install/examples_rclpy_guard_conditions:/home/minarady/ros2_ws/install/examples_rclpy_executors:/opt/ros/humble /usr/bin/cmake /home/minarady/ros2_ws/src/examples/rclcpp/executors/cbg_executor -DCMAKE_INSTALL_PREFIX=/home/minarady/ros2_ws/install/examples_rclcpp_cbg_executor
[1.494s] Invoking command in '/home/minarady/ros2_ws/build/examples_rclcpp_cbg_executor': CMAKE_PREFIX_PATH=${CMAKE_PREFIX_PATH}:/home/minarady/ros2_ws/install/launch_testing_examples:/home/minarady/ros2_ws/install/examples_rclpy_pointcloud_publisher:/home/minarady/ros2_ws/install/examples_rclpy_minimal_subscriber:/home/minarady/ros2_ws/install/examples_rclpy_minimal_service:/home/minarady/ros2_ws/install/examples_rclpy_minimal_publisher:/home/minarady/ros2_ws/install/examples_rclpy_minimal_client:/home/minarady/ros2_ws/install/examples_rclpy_minimal_action_server:/home/minarady/ros2_ws/install/examples_rclpy_minimal_action_client:/home/minarady/ros2_ws/install/examples_rclpy_guard_conditions:/home/minarady/ros2_ws/install/examples_rclpy_executors:/opt/ros/humble /usr/bin/cmake --build /home/minarady/ros2_ws/build/examples_rclcpp_cbg_executor -- -j20 -l20
[1.505s] [35m[1mConsolidate compiler generated dependencies of target ping[0m
[1.505s] [35m[1mConsolidate compiler generated dependencies of target pong[0m
[1.505s] [35m[1mConsolidate compiler generated dependencies of target ping_pong[0m
[1.508s] [ 30%] Built target ping
[1.508s] [ 70%] Built target ping_pong
[1.509s] [100%] Built target pong
[1.550s] Invoked command in '/home/minarady/ros2_ws/build/examples_rclcpp_cbg_executor' returned '0': CMAKE_PREFIX_PATH=${CMAKE_PREFIX_PATH}:/home/minarady/ros2_ws/install/launch_testing_examples:/home/minarady/ros2_ws/install/examples_rclpy_pointcloud_publisher:/home/minarady/ros2_ws/install/examples_rclpy_minimal_subscriber:/home/minarady/ros2_ws/install/examples_rclpy_minimal_service:/home/minarady/ros2_ws/install/examples_rclpy_minimal_publisher:/home/minarady/ros2_ws/install/examples_rclpy_minimal_client:/home/minarady/ros2_ws/install/examples_rclpy_minimal_action_server:/home/minarady/ros2_ws/install/examples_rclpy_minimal_action_client:/home/minarady/ros2_ws/install/examples_rclpy_guard_conditions:/home/minarady/ros2_ws/install/examples_rclpy_executors:/opt/ros/humble /usr/bin/cmake --build /home/minarady/ros2_ws/build/examples_rclcpp_cbg_executor -- -j20 -l20
[1.636s] Invoking command in '/home/minarady/ros2_ws/build/examples_rclcpp_cbg_executor': CMAKE_PREFIX_PATH=${CMAKE_PREFIX_PATH}:/home/minarady/ros2_ws/install/launch_testing_examples:/home/minarady/ros2_ws/install/examples_rclpy_pointcloud_publisher:/home/minarady/ros2_ws/install/examples_rclpy_minimal_subscriber:/home/minarady/ros2_ws/install/examples_rclpy_minimal_service:/home/minarady/ros2_ws/install/examples_rclpy_minimal_publisher:/home/minarady/ros2_ws/install/examples_rclpy_minimal_client:/home/minarady/ros2_ws/install/examples_rclpy_minimal_action_server:/home/minarady/ros2_ws/install/examples_rclpy_minimal_action_client:/home/minarady/ros2_ws/install/examples_rclpy_guard_conditions:/home/minarady/ros2_ws/install/examples_rclpy_executors:/opt/ros/humble /usr/bin/cmake --install /home/minarady/ros2_ws/build/examples_rclcpp_cbg_executor
[1.637s] -- Install configuration: ""
[1.637s] -- Execute custom install script
[1.637s] -- Up-to-date symlink: /home/minarady/ros2_ws/install/examples_rclcpp_cbg_executor/lib/examples_rclcpp_cbg_executor/ping
[1.637s] -- Up-to-date symlink: /home/minarady/ros2_ws/install/examples_rclcpp_cbg_executor/lib/examples_rclcpp_cbg_executor/pong
[1.637s] -- Up-to-date symlink: /home/minarady/ros2_ws/install/examples_rclcpp_cbg_executor/lib/examples_rclcpp_cbg_executor/ping_pong
[1.637s] -- Up-to-date symlink: /home/minarady/ros2_ws/install/examples_rclcpp_cbg_executor/include/examples_rclcpp_cbg_executor/ping_node.hpp
[1.637s] -- Up-to-date symlink: /home/minarady/ros2_ws/install/examples_rclcpp_cbg_executor/include/examples_rclcpp_cbg_executor/pong_node.hpp
[1.637s] -- Up-to-date symlink: /home/minarady/ros2_ws/install/examples_rclcpp_cbg_executor/share/ament_index/resource_index/package_run_dependencies/examples_rclcpp_cbg_executor
[1.637s] -- Up-to-date symlink: /home/minarady/ros2_ws/install/examples_rclcpp_cbg_executor/share/ament_index/resource_index/parent_prefix_path/examples_rclcpp_cbg_executor
[1.637s] -- Up-to-date symlink: /home/minarady/ros2_ws/install/examples_rclcpp_cbg_executor/share/examples_rclcpp_cbg_executor/environment/ament_prefix_path.sh
[1.637s] -- Up-to-date symlink: /home/minarady/ros2_ws/install/examples_rclcpp_cbg_executor/share/examples_rclcpp_cbg_executor/environment/ament_prefix_path.dsv
[1.637s] -- Up-to-date symlink: /home/minarady/ros2_ws/install/examples_rclcpp_cbg_executor/share/examples_rclcpp_cbg_executor/environment/path.sh
[1.637s] -- Up-to-date symlink: /home/minarady/ros2_ws/install/examples_rclcpp_cbg_executor/share/examples_rclcpp_cbg_executor/environment/path.dsv
[1.637s] -- Up-to-date symlink: /home/minarady/ros2_ws/install/examples_rclcpp_cbg_executor/share/examples_rclcpp_cbg_executor/local_setup.bash
[1.637s] -- Up-to-date symlink: /home/minarady/ros2_ws/install/examples_rclcpp_cbg_executor/share/examples_rclcpp_cbg_executor/local_setup.sh
[1.638s] -- Up-to-date symlink: /home/minarady/ros2_ws/install/examples_rclcpp_cbg_executor/share/examples_rclcpp_cbg_executor/local_setup.zsh
[1.638s] -- Up-to-date symlink: /home/minarady/ros2_ws/install/examples_rclcpp_cbg_executor/share/examples_rclcpp_cbg_executor/local_setup.dsv
[1.638s] -- Symlinking: /home/minarady/ros2_ws/install/examples_rclcpp_cbg_executor/share/examples_rclcpp_cbg_executor/package.dsv
[1.641s] -- Up-to-date symlink: /home/minarady/ros2_ws/install/examples_rclcpp_cbg_executor/share/ament_index/resource_index/packages/examples_rclcpp_cbg_executor
[1.641s] -- Up-to-date symlink: /home/minarady/ros2_ws/install/examples_rclcpp_cbg_executor/share/examples_rclcpp_cbg_executor/cmake/ament_cmake_export_dependencies-extras.cmake
[1.642s] -- Up-to-date symlink: /home/minarady/ros2_ws/install/examples_rclcpp_cbg_executor/share/examples_rclcpp_cbg_executor/cmake/examples_rclcpp_cbg_executorConfig.cmake
[1.642s] -- Up-to-date symlink: /home/minarady/ros2_ws/install/examples_rclcpp_cbg_executor/share/examples_rclcpp_cbg_executor/cmake/examples_rclcpp_cbg_executorConfig-version.cmake
[1.642s] -- Up-to-date symlink: /home/minarady/ros2_ws/install/examples_rclcpp_cbg_executor/share/examples_rclcpp_cbg_executor/package.xml
[1.707s] Invoked command in '/home/minarady/ros2_ws/build/examples_rclcpp_cbg_executor' returned '0': CMAKE_PREFIX_PATH=${CMAKE_PREFIX_PATH}:/home/minarady/ros2_ws/install/launch_testing_examples:/home/minarady/ros2_ws/install/examples_rclpy_pointcloud_publisher:/home/minarady/ros2_ws/install/examples_rclpy_minimal_subscriber:/home/minarady/ros2_ws/install/examples_rclpy_minimal_service:/home/minarady/ros2_ws/install/examples_rclpy_minimal_publisher:/home/minarady/ros2_ws/install/examples_rclpy_minimal_client:/home/minarady/ros2_ws/install/examples_rclpy_minimal_action_server:/home/minarady/ros2_ws/install/examples_rclpy_minimal_action_client:/home/minarady/ros2_ws/install/examples_rclpy_guard_conditions:/home/minarady/ros2_ws/install/examples_rclpy_executors:/opt/ros/humble /usr/bin/cmake --install /home/minarady/ros2_ws/build/examples_rclcpp_cbg_executor
