[0.843s] Invoking command in '/home/minarady/ros2_ws/build/examples_rclpy_pointcloud_publisher': PYTHONPATH=/home/minarady/ros2_ws/install/examples_rclpy_pointcloud_publisher/lib/python3.10/site-packages:${PYTHONPATH} /usr/bin/python3 setup.py develop --prefix /home/minarady/ros2_ws/install/examples_rclpy_pointcloud_publisher --uninstall --editable --build-directory /home/minarady/ros2_ws/build/examples_rclpy_pointcloud_publisher/build
[0.975s] running develop
[0.975s] /usr/lib/python3/dist-packages/setuptools/command/easy_install.py:158: EasyInstallDeprecationWarning: easy_install command is deprecated. Use build and pip and other standards-based tools.
[0.975s]   warnings.warn(
[0.976s] /usr/lib/python3/dist-packages/setuptools/command/install.py:34: SetuptoolsDeprecationWarning: setup.py install is deprecated. Use build and pip and other standards-based tools.
[0.976s]   warnings.warn(
[1.002s] /usr/lib/python3/dist-packages/pkg_resources/__init__.py:116: PkgResourcesDeprecationWarning: 1.1build1 is an invalid version and will not be supported in a future release
[1.003s]   warnings.warn(
[1.003s] /usr/lib/python3/dist-packages/pkg_resources/__init__.py:116: PkgResourcesDeprecationWarning: 0.1.43ubuntu1 is an invalid version and will not be supported in a future release
[1.004s]   warnings.warn(
[1.062s] Invoked command in '/home/minarady/ros2_ws/build/examples_rclpy_pointcloud_publisher' returned '0': PYTHONPATH=/home/minarady/ros2_ws/install/examples_rclpy_pointcloud_publisher/lib/python3.10/site-packages:${PYTHONPATH} /usr/bin/python3 setup.py develop --prefix /home/minarady/ros2_ws/install/examples_rclpy_pointcloud_publisher --uninstall --editable --build-directory /home/minarady/ros2_ws/build/examples_rclpy_pointcloud_publisher/build
[1.062s] Invoking command in '/home/minarady/ros2_ws/src/examples/rclpy/topics/pointcloud_publisher': PYTHONPATH=/home/minarady/ros2_ws/install/examples_rclpy_pointcloud_publisher/lib/python3.10/site-packages:${PYTHONPATH} /usr/bin/python3 setup.py egg_info --egg-base ../../../../../build/examples_rclpy_pointcloud_publisher build --build-base /home/minarady/ros2_ws/build/examples_rclpy_pointcloud_publisher/build install --prefix /home/minarady/ros2_ws/install/examples_rclpy_pointcloud_publisher --record /home/minarady/ros2_ws/build/examples_rclpy_pointcloud_publisher/install.log --single-version-externally-managed
[1.171s] running egg_info
[1.171s] writing ../../../../../build/examples_rclpy_pointcloud_publisher/examples_rclpy_pointcloud_publisher.egg-info/PKG-INFO
[1.173s] writing dependency_links to ../../../../../build/examples_rclpy_pointcloud_publisher/examples_rclpy_pointcloud_publisher.egg-info/dependency_links.txt
[1.173s] writing entry points to ../../../../../build/examples_rclpy_pointcloud_publisher/examples_rclpy_pointcloud_publisher.egg-info/entry_points.txt
[1.173s] writing requirements to ../../../../../build/examples_rclpy_pointcloud_publisher/examples_rclpy_pointcloud_publisher.egg-info/requires.txt
[1.173s] writing top-level names to ../../../../../build/examples_rclpy_pointcloud_publisher/examples_rclpy_pointcloud_publisher.egg-info/top_level.txt
[1.174s] reading manifest file '../../../../../build/examples_rclpy_pointcloud_publisher/examples_rclpy_pointcloud_publisher.egg-info/SOURCES.txt'
[1.175s] writing manifest file '../../../../../build/examples_rclpy_pointcloud_publisher/examples_rclpy_pointcloud_publisher.egg-info/SOURCES.txt'
[1.175s] running build
[1.175s] running build_py
[1.175s] running install
[1.176s] running install_lib
[1.176s] /usr/lib/python3/dist-packages/setuptools/command/install.py:34: SetuptoolsDeprecationWarning: setup.py install is deprecated. Use build and pip and other standards-based tools.
[1.176s]   warnings.warn(
[1.176s] running install_data
[1.176s] running install_egg_info
[1.177s] removing '/home/minarady/ros2_ws/install/examples_rclpy_pointcloud_publisher/lib/python3.10/site-packages/examples_rclpy_pointcloud_publisher-0.15.1-py3.10.egg-info' (and everything under it)
[1.178s] Copying ../../../../../build/examples_rclpy_pointcloud_publisher/examples_rclpy_pointcloud_publisher.egg-info to /home/minarady/ros2_ws/install/examples_rclpy_pointcloud_publisher/lib/python3.10/site-packages/examples_rclpy_pointcloud_publisher-0.15.1-py3.10.egg-info
[1.178s] running install_scripts
[1.189s] Installing pointcloud_publisher script to /home/minarady/ros2_ws/install/examples_rclpy_pointcloud_publisher/lib/examples_rclpy_pointcloud_publisher
[1.189s] writing list of installed files to '/home/minarady/ros2_ws/build/examples_rclpy_pointcloud_publisher/install.log'
[1.204s] Invoked command in '/home/minarady/ros2_ws/src/examples/rclpy/topics/pointcloud_publisher' returned '0': PYTHONPATH=/home/minarady/ros2_ws/install/examples_rclpy_pointcloud_publisher/lib/python3.10/site-packages:${PYTHONPATH} /usr/bin/python3 setup.py egg_info --egg-base ../../../../../build/examples_rclpy_pointcloud_publisher build --build-base /home/minarady/ros2_ws/build/examples_rclpy_pointcloud_publisher/build install --prefix /home/minarady/ros2_ws/install/examples_rclpy_pointcloud_publisher --record /home/minarady/ros2_ws/build/examples_rclpy_pointcloud_publisher/install.log --single-version-externally-managed
