[0.063s] Invoking command in '/home/minarady/ros2_ws/build/examples_rclcpp_minimal_composition': CMAKE_PREFIX_PATH=/opt/ros/humble /usr/bin/cmake --build /home/minarady/ros2_ws/build/examples_rclcpp_minimal_composition -- -j20 -l20
[1.266s] [ 33%] Built target composition_nodes
[1.266s] [ 55%] Built target composition_publisher
[1.266s] [ 77%] Built target composition_composed
[1.266s] [100%] Built target composition_subscriber
[1.273s] Invoked command in '/home/minarady/ros2_ws/build/examples_rclcpp_minimal_composition' returned '0': CMAKE_PREFIX_PATH=/opt/ros/humble /usr/bin/cmake --build /home/minarady/ros2_ws/build/examples_rclcpp_minimal_composition -- -j20 -l20
[1.311s] Invoking command in '/home/minarady/ros2_ws/build/examples_rclcpp_minimal_composition': CMAKE_PREFIX_PATH=/opt/ros/humble /usr/bin/cmake --install /home/minarady/ros2_ws/build/examples_rclcpp_minimal_composition
[1.335s] -- Install configuration: ""
[1.336s] -- Execute custom install script
[1.336s] -- Up-to-date symlink: /home/minarady/ros2_ws/install/examples_rclcpp_minimal_composition/share/examples_rclcpp_minimal_composition/environment/library_path.sh
[1.336s] -- Up-to-date symlink: /home/minarady/ros2_ws/install/examples_rclcpp_minimal_composition/share/examples_rclcpp_minimal_composition/environment/library_path.dsv
[1.336s] -- Up-to-date symlink: /home/minarady/ros2_ws/install/examples_rclcpp_minimal_composition/lib/libcomposition_nodes.so
[1.336s] -- Up-to-date symlink: /home/minarady/ros2_ws/install/examples_rclcpp_minimal_composition/lib/examples_rclcpp_minimal_composition/composition_publisher
[1.336s] -- Up-to-date symlink: /home/minarady/ros2_ws/install/examples_rclcpp_minimal_composition/lib/examples_rclcpp_minimal_composition/composition_subscriber
[1.336s] -- Up-to-date symlink: /home/minarady/ros2_ws/install/examples_rclcpp_minimal_composition/lib/examples_rclcpp_minimal_composition/composition_composed
[1.337s] -- Up-to-date symlink: /home/minarady/ros2_ws/install/examples_rclcpp_minimal_composition/share/ament_index/resource_index/package_run_dependencies/examples_rclcpp_minimal_composition
[1.339s] -- Up-to-date symlink: /home/minarady/ros2_ws/install/examples_rclcpp_minimal_composition/share/ament_index/resource_index/parent_prefix_path/examples_rclcpp_minimal_composition
[1.339s] -- Up-to-date symlink: /home/minarady/ros2_ws/install/examples_rclcpp_minimal_composition/share/examples_rclcpp_minimal_composition/environment/ament_prefix_path.sh
[1.340s] -- Up-to-date symlink: /home/minarady/ros2_ws/install/examples_rclcpp_minimal_composition/share/examples_rclcpp_minimal_composition/environment/ament_prefix_path.dsv
[1.340s] -- Up-to-date symlink: /home/minarady/ros2_ws/install/examples_rclcpp_minimal_composition/share/examples_rclcpp_minimal_composition/environment/path.sh
[1.341s] -- Up-to-date symlink: /home/minarady/ros2_ws/install/examples_rclcpp_minimal_composition/share/examples_rclcpp_minimal_composition/environment/path.dsv
[1.341s] -- Up-to-date symlink: /home/minarady/ros2_ws/install/examples_rclcpp_minimal_composition/share/examples_rclcpp_minimal_composition/local_setup.bash
[1.341s] -- Up-to-date symlink: /home/minarady/ros2_ws/install/examples_rclcpp_minimal_composition/share/examples_rclcpp_minimal_composition/local_setup.sh
[1.341s] -- Up-to-date symlink: /home/minarady/ros2_ws/install/examples_rclcpp_minimal_composition/share/examples_rclcpp_minimal_composition/local_setup.zsh
[1.342s] -- Up-to-date symlink: /home/minarady/ros2_ws/install/examples_rclcpp_minimal_composition/share/examples_rclcpp_minimal_composition/local_setup.dsv
[1.342s] -- Symlinking: /home/minarady/ros2_ws/install/examples_rclcpp_minimal_composition/share/examples_rclcpp_minimal_composition/package.dsv
[1.350s] -- Up-to-date symlink: /home/minarady/ros2_ws/install/examples_rclcpp_minimal_composition/share/ament_index/resource_index/packages/examples_rclcpp_minimal_composition
[1.350s] -- Up-to-date symlink: /home/minarady/ros2_ws/install/examples_rclcpp_minimal_composition/share/examples_rclcpp_minimal_composition/cmake/examples_rclcpp_minimal_compositionConfig.cmake
[1.351s] -- Up-to-date symlink: /home/minarady/ros2_ws/install/examples_rclcpp_minimal_composition/share/examples_rclcpp_minimal_composition/cmake/examples_rclcpp_minimal_compositionConfig-version.cmake
[1.351s] -- Up-to-date symlink: /home/minarady/ros2_ws/install/examples_rclcpp_minimal_composition/share/examples_rclcpp_minimal_composition/package.xml
[1.405s] Invoked command in '/home/minarady/ros2_ws/build/examples_rclcpp_minimal_composition' returned '0': CMAKE_PREFIX_PATH=/opt/ros/humble /usr/bin/cmake --install /home/minarady/ros2_ws/build/examples_rclcpp_minimal_composition
