[1.356s] Invoking command in '/home/minarady/ros2_ws/build/examples_rclpy_minimal_publisher': PYTHONPATH=/home/minarady/ros2_ws/install/examples_rclpy_minimal_publisher/lib/python3.10/site-packages:${PYTHONPATH} /usr/bin/python3 setup.py develop --prefix /home/minarady/ros2_ws/install/examples_rclpy_minimal_publisher --editable --build-directory /home/minarady/ros2_ws/build/examples_rclpy_minimal_publisher/build --no-deps install_data --install-dir /home/minarady/ros2_ws/install/examples_rclpy_minimal_publisher
[1.495s] /usr/lib/python3/dist-packages/setuptools/command/easy_install.py:158: EasyInstallDeprecationWarning: easy_install command is deprecated. Use build and pip and other standards-based tools.
[1.495s]   warnings.warn(
[1.495s] running develop
[1.496s] /usr/lib/python3/dist-packages/setuptools/command/install.py:34: SetuptoolsDeprecationWarning: setup.py install is deprecated. Use build and pip and other standards-based tools.
[1.496s]   warnings.warn(
[1.524s] /usr/lib/python3/dist-packages/pkg_resources/__init__.py:116: PkgResourcesDeprecationWarning: 1.1build1 is an invalid version and will not be supported in a future release
[1.524s]   warnings.warn(
[1.524s] /usr/lib/python3/dist-packages/pkg_resources/__init__.py:116: PkgResourcesDeprecationWarning: 0.1.43ubuntu1 is an invalid version and will not be supported in a future release
[1.524s]   warnings.warn(
[1.574s] running egg_info
[1.574s] writing examples_rclpy_minimal_publisher.egg-info/PKG-INFO
[1.575s] writing dependency_links to examples_rclpy_minimal_publisher.egg-info/dependency_links.txt
[1.575s] writing entry points to examples_rclpy_minimal_publisher.egg-info/entry_points.txt
[1.575s] writing requirements to examples_rclpy_minimal_publisher.egg-info/requires.txt
[1.575s] writing top-level names to examples_rclpy_minimal_publisher.egg-info/top_level.txt
[1.576s] reading manifest file 'examples_rclpy_minimal_publisher.egg-info/SOURCES.txt'
[1.576s] writing manifest file 'examples_rclpy_minimal_publisher.egg-info/SOURCES.txt'
[1.577s] running build_ext
[1.577s] Creating /home/minarady/ros2_ws/install/examples_rclpy_minimal_publisher/lib/python3.10/site-packages/examples-rclpy-minimal-publisher.egg-link (link to .)
[1.577s] Installing publisher_local_function script to /home/minarady/ros2_ws/install/examples_rclpy_minimal_publisher/lib/examples_rclpy_minimal_publisher
[1.578s] Installing publisher_member_function script to /home/minarady/ros2_ws/install/examples_rclpy_minimal_publisher/lib/examples_rclpy_minimal_publisher
[1.578s] Installing publisher_old_school script to /home/minarady/ros2_ws/install/examples_rclpy_minimal_publisher/lib/examples_rclpy_minimal_publisher
[1.578s] 
[1.578s] Installed /home/minarady/ros2_ws/build/examples_rclpy_minimal_publisher
[1.578s] running install_data
[1.781s] Invoked command in '/home/minarady/ros2_ws/build/examples_rclpy_minimal_publisher' returned '0': PYTHONPATH=/home/minarady/ros2_ws/install/examples_rclpy_minimal_publisher/lib/python3.10/site-packages:${PYTHONPATH} /usr/bin/python3 setup.py develop --prefix /home/minarady/ros2_ws/install/examples_rclpy_minimal_publisher --editable --build-directory /home/minarady/ros2_ws/build/examples_rclpy_minimal_publisher/build --no-deps install_data --install-dir /home/minarady/ros2_ws/install/examples_rclpy_minimal_publisher
