[1.897s] Invoking command in '/home/minarady/ros2_ws/build/examples_rclpy_minimal_service': PYTHONPATH=/home/minarady/ros2_ws/install/examples_rclpy_minimal_service/lib/python3.10/site-packages:${PYTHONPATH} /usr/bin/python3 setup.py develop --prefix /home/minarady/ros2_ws/install/examples_rclpy_minimal_service --uninstall --editable --build-directory /home/minarady/ros2_ws/build/examples_rclpy_minimal_service/build
[2.046s] running develop
[2.047s] /usr/lib/python3/dist-packages/setuptools/command/easy_install.py:158: EasyInstallDeprecationWarning: easy_install command is deprecated. Use build and pip and other standards-based tools.
[2.047s]   warnings.warn(
[2.048s] /usr/lib/python3/dist-packages/setuptools/command/install.py:34: SetuptoolsDeprecationWarning: setup.py install is deprecated. Use build and pip and other standards-based tools.
[2.048s]   warnings.warn(
[2.079s] /usr/lib/python3/dist-packages/pkg_resources/__init__.py:116: PkgResourcesDeprecationWarning: 1.1build1 is an invalid version and will not be supported in a future release
[2.079s]   warnings.warn(
[2.079s] /usr/lib/python3/dist-packages/pkg_resources/__init__.py:116: PkgResourcesDeprecationWarning: 0.1.43ubuntu1 is an invalid version and will not be supported in a future release
[2.079s]   warnings.warn(
[2.155s] Invoked command in '/home/minarady/ros2_ws/build/examples_rclpy_minimal_service' returned '0': PYTHONPATH=/home/minarady/ros2_ws/install/examples_rclpy_minimal_service/lib/python3.10/site-packages:${PYTHONPATH} /usr/bin/python3 setup.py develop --prefix /home/minarady/ros2_ws/install/examples_rclpy_minimal_service --uninstall --editable --build-directory /home/minarady/ros2_ws/build/examples_rclpy_minimal_service/build
[2.156s] Invoking command in '/home/minarady/ros2_ws/src/examples/rclpy/services/minimal_service': PYTHONPATH=/home/minarady/ros2_ws/install/examples_rclpy_minimal_service/lib/python3.10/site-packages:${PYTHONPATH} /usr/bin/python3 setup.py egg_info --egg-base ../../../../../build/examples_rclpy_minimal_service build --build-base /home/minarady/ros2_ws/build/examples_rclpy_minimal_service/build install --prefix /home/minarady/ros2_ws/install/examples_rclpy_minimal_service --record /home/minarady/ros2_ws/build/examples_rclpy_minimal_service/install.log --single-version-externally-managed
[2.292s] running egg_info
[2.292s] writing ../../../../../build/examples_rclpy_minimal_service/examples_rclpy_minimal_service.egg-info/PKG-INFO
[2.292s] writing dependency_links to ../../../../../build/examples_rclpy_minimal_service/examples_rclpy_minimal_service.egg-info/dependency_links.txt
[2.292s] writing entry points to ../../../../../build/examples_rclpy_minimal_service/examples_rclpy_minimal_service.egg-info/entry_points.txt
[2.292s] writing requirements to ../../../../../build/examples_rclpy_minimal_service/examples_rclpy_minimal_service.egg-info/requires.txt
[2.292s] writing top-level names to ../../../../../build/examples_rclpy_minimal_service/examples_rclpy_minimal_service.egg-info/top_level.txt
[2.293s] reading manifest file '../../../../../build/examples_rclpy_minimal_service/examples_rclpy_minimal_service.egg-info/SOURCES.txt'
[2.293s] writing manifest file '../../../../../build/examples_rclpy_minimal_service/examples_rclpy_minimal_service.egg-info/SOURCES.txt'
[2.293s] running build
[2.293s] running build_py
[2.293s] /usr/lib/python3/dist-packages/setuptools/command/install.py:34: SetuptoolsDeprecationWarning: setup.py install is deprecated. Use build and pip and other standards-based tools.
[2.294s]   warnings.warn(
[2.294s] running install
[2.294s] running install_lib
[2.295s] running install_data
[2.295s] running install_egg_info
[2.296s] removing '/home/minarady/ros2_ws/install/examples_rclpy_minimal_service/lib/python3.10/site-packages/examples_rclpy_minimal_service-0.15.1-py3.10.egg-info' (and everything under it)
[2.296s] Copying ../../../../../build/examples_rclpy_minimal_service/examples_rclpy_minimal_service.egg-info to /home/minarady/ros2_ws/install/examples_rclpy_minimal_service/lib/python3.10/site-packages/examples_rclpy_minimal_service-0.15.1-py3.10.egg-info
[2.296s] running install_scripts
[2.310s] Installing service script to /home/minarady/ros2_ws/install/examples_rclpy_minimal_service/lib/examples_rclpy_minimal_service
[2.310s] Installing service_member_function script to /home/minarady/ros2_ws/install/examples_rclpy_minimal_service/lib/examples_rclpy_minimal_service
[2.310s] writing list of installed files to '/home/minarady/ros2_ws/build/examples_rclpy_minimal_service/install.log'
[2.339s] Invoked command in '/home/minarady/ros2_ws/src/examples/rclpy/services/minimal_service' returned '0': PYTHONPATH=/home/minarady/ros2_ws/install/examples_rclpy_minimal_service/lib/python3.10/site-packages:${PYTHONPATH} /usr/bin/python3 setup.py egg_info --egg-base ../../../../../build/examples_rclpy_minimal_service build --build-base /home/minarady/ros2_ws/build/examples_rclpy_minimal_service/build install --prefix /home/minarady/ros2_ws/install/examples_rclpy_minimal_service --record /home/minarady/ros2_ws/build/examples_rclpy_minimal_service/install.log --single-version-externally-managed
