[0.063s] Invoking command in '/home/minarady/ros2_ws/build/examples_rclcpp_minimal_action_client': CMAKE_PREFIX_PATH=/opt/ros/humble /usr/bin/cmake /home/minarady/ros2_ws/src/examples/rclcpp/actions/minimal_action_client -DAMENT_CMAKE_SYMLINK_INSTALL=1 -DCMAKE_INSTALL_PREFIX=/home/minarady/ros2_ws/install/examples_rclcpp_minimal_action_client
[1.358s] -- The C compiler identification is GNU 11.3.0
[1.358s] -- The CXX compiler identification is GNU 11.3.0
[1.358s] -- Detecting C compiler ABI info
[1.358s] -- Detecting C compiler ABI info - done
[1.358s] -- Check for working C compiler: /usr/bin/cc - skipped
[1.359s] -- Detecting C compile features
[1.359s] -- Detecting C compile features - done
[1.359s] -- Detecting CXX compiler ABI info
[1.359s] -- Detecting CXX compiler ABI info - done
[1.359s] -- Check for working CXX compiler: /usr/bin/c++ - skipped
[1.359s] -- Detecting CXX compile features
[1.359s] -- Detecting CXX compile features - done
[1.359s] -- Found ament_cmake: 1.3.2 (/opt/ros/humble/share/ament_cmake/cmake)
[1.359s] -- Found Python3: /usr/bin/python3.10 (found version "3.10.6") found components: Interpreter 
[1.359s] -- Override CMake install command with custom implementation using symlinks instead of copying resources
[1.359s] -- Found example_interfaces: 0.9.3 (/opt/ros/humble/share/example_interfaces/cmake)
[1.359s] -- Found rosidl_generator_c: 3.1.3 (/opt/ros/humble/share/rosidl_generator_c/cmake)
[1.359s] -- Found rosidl_adapter: 3.1.3 (/opt/ros/humble/share/rosidl_adapter/cmake)
[1.359s] -- Found rosidl_generator_cpp: 3.1.3 (/opt/ros/humble/share/rosidl_generator_cpp/cmake)
[1.359s] -- Using all available rosidl_typesupport_c: rosidl_typesupport_fastrtps_c;rosidl_typesupport_introspection_c
[1.360s] -- Using all available rosidl_typesupport_cpp: rosidl_typesupport_fastrtps_cpp;rosidl_typesupport_introspection_cpp
[1.360s] -- Found rclcpp: 16.0.1 (/opt/ros/humble/share/rclcpp/cmake)
[1.360s] -- Found rmw_implementation_cmake: 6.1.0 (/opt/ros/humble/share/rmw_implementation_cmake/cmake)
[1.360s] -- Found rmw_fastrtps_cpp: 6.2.1 (/opt/ros/humble/share/rmw_fastrtps_cpp/cmake)
[1.360s] -- Found OpenSSL: /usr/lib/x86_64-linux-gnu/libcrypto.so (found version "3.0.2")  
[1.360s] -- Found FastRTPS: /opt/ros/humble/include  
[1.360s] -- Using RMW implementation 'rmw_fastrtps_cpp' as default
[1.360s] -- Found rclcpp_action: 16.0.1 (/opt/ros/humble/share/rclcpp_action/cmake)
[1.360s] -- Found ament_lint_auto: 0.12.4 (/opt/ros/humble/share/ament_lint_auto/cmake)
[1.360s] -- Added test 'copyright' to check source files copyright and LICENSE
[1.360s] -- Added test 'cppcheck' to perform static code analysis on C / C++ code
[1.360s] -- Configured cppcheck include dirs: 
[1.360s] -- Configured cppcheck exclude dirs and/or files: 
[1.360s] -- Added test 'cpplint' to check C / C++ code against the Google style
[1.360s] -- Configured cpplint exclude dirs and/or files: 
[1.360s] -- Added test 'lint_cmake' to check CMake code style
[1.360s] -- Added test 'uncrustify' to check C / C++ code style
[1.361s] -- Configured uncrustify additional arguments: 
[1.361s] -- Added test 'xmllint' to check XML markup files
[1.361s] -- Configuring done
[1.361s] -- Generating done
[1.361s] -- Build files have been written to: /home/minarady/ros2_ws/build/examples_rclcpp_minimal_action_client
[1.392s] Invoked command in '/home/minarady/ros2_ws/build/examples_rclcpp_minimal_action_client' returned '0': CMAKE_PREFIX_PATH=/opt/ros/humble /usr/bin/cmake /home/minarady/ros2_ws/src/examples/rclcpp/actions/minimal_action_client -DAMENT_CMAKE_SYMLINK_INSTALL=1 -DCMAKE_INSTALL_PREFIX=/home/minarady/ros2_ws/install/examples_rclcpp_minimal_action_client
[1.392s] Invoking command in '/home/minarady/ros2_ws/build/examples_rclcpp_minimal_action_client': CMAKE_PREFIX_PATH=/opt/ros/humble /usr/bin/cmake --build /home/minarady/ros2_ws/build/examples_rclcpp_minimal_action_client -- -j20 -l20
[1.398s] [ 12%] [32mBuilding CXX object CMakeFiles/action_client_not_composable_with_cancel.dir/not_composable_with_cancel.cpp.o[0m
[1.398s] [ 25%] [32mBuilding CXX object CMakeFiles/action_client_not_composable.dir/not_composable.cpp.o[0m
[1.398s] [ 37%] [32mBuilding CXX object CMakeFiles/action_client_member_functions.dir/member_functions.cpp.o[0m
[1.398s] [ 50%] [32mBuilding CXX object CMakeFiles/action_client_not_composable_with_feedback.dir/not_composable_with_feedback.cpp.o[0m
[13.278s] [ 62%] [32m[1mLinking CXX executable action_client_not_composable[0m
[13.319s] [ 75%] [32m[1mLinking CXX executable action_client_not_composable_with_feedback[0m
[13.553s] [ 75%] Built target action_client_not_composable_with_feedback
[13.565s] [ 75%] Built target action_client_not_composable
[13.764s] [ 87%] [32m[1mLinking CXX executable action_client_member_functions[0m
[14.016s] [ 87%] Built target action_client_member_functions
[15.396s] [100%] [32m[1mLinking CXX executable action_client_not_composable_with_cancel[0m
[15.645s] [100%] Built target action_client_not_composable_with_cancel
[15.657s] Invoked command in '/home/minarady/ros2_ws/build/examples_rclcpp_minimal_action_client' returned '0': CMAKE_PREFIX_PATH=/opt/ros/humble /usr/bin/cmake --build /home/minarady/ros2_ws/build/examples_rclcpp_minimal_action_client -- -j20 -l20
[15.715s] Invoking command in '/home/minarady/ros2_ws/build/examples_rclcpp_minimal_action_client': CMAKE_PREFIX_PATH=/opt/ros/humble /usr/bin/cmake --install /home/minarady/ros2_ws/build/examples_rclcpp_minimal_action_client
[15.725s] -- Install configuration: ""
[15.725s] -- Execute custom install script
[15.725s] -- Symlinking: /home/minarady/ros2_ws/install/examples_rclcpp_minimal_action_client/lib/examples_rclcpp_minimal_action_client/action_client_member_functions
[15.747s] -- Symlinking: /home/minarady/ros2_ws/install/examples_rclcpp_minimal_action_client/lib/examples_rclcpp_minimal_action_client/action_client_not_composable
[15.774s] -- Symlinking: /home/minarady/ros2_ws/install/examples_rclcpp_minimal_action_client/lib/examples_rclcpp_minimal_action_client/action_client_not_composable_with_cancel
[15.797s] -- Symlinking: /home/minarady/ros2_ws/install/examples_rclcpp_minimal_action_client/lib/examples_rclcpp_minimal_action_client/action_client_not_composable_with_feedback
[15.805s] -- Symlinking: /home/minarady/ros2_ws/install/examples_rclcpp_minimal_action_client/share/ament_index/resource_index/package_run_dependencies/examples_rclcpp_minimal_action_client
[15.817s] -- Symlinking: /home/minarady/ros2_ws/install/examples_rclcpp_minimal_action_client/share/ament_index/resource_index/parent_prefix_path/examples_rclcpp_minimal_action_client
[15.826s] -- Symlinking: /home/minarady/ros2_ws/install/examples_rclcpp_minimal_action_client/share/examples_rclcpp_minimal_action_client/environment/ament_prefix_path.sh
[15.837s] -- Symlinking: /home/minarady/ros2_ws/install/examples_rclcpp_minimal_action_client/share/examples_rclcpp_minimal_action_client/environment/ament_prefix_path.dsv
[15.845s] -- Symlinking: /home/minarady/ros2_ws/install/examples_rclcpp_minimal_action_client/share/examples_rclcpp_minimal_action_client/environment/path.sh
[15.853s] -- Symlinking: /home/minarady/ros2_ws/install/examples_rclcpp_minimal_action_client/share/examples_rclcpp_minimal_action_client/environment/path.dsv
[15.862s] -- Symlinking: /home/minarady/ros2_ws/install/examples_rclcpp_minimal_action_client/share/examples_rclcpp_minimal_action_client/local_setup.bash
[15.870s] -- Symlinking: /home/minarady/ros2_ws/install/examples_rclcpp_minimal_action_client/share/examples_rclcpp_minimal_action_client/local_setup.sh
[15.878s] -- Symlinking: /home/minarady/ros2_ws/install/examples_rclcpp_minimal_action_client/share/examples_rclcpp_minimal_action_client/local_setup.zsh
[15.887s] -- Symlinking: /home/minarady/ros2_ws/install/examples_rclcpp_minimal_action_client/share/examples_rclcpp_minimal_action_client/local_setup.dsv
[15.895s] -- Symlinking: /home/minarady/ros2_ws/install/examples_rclcpp_minimal_action_client/share/examples_rclcpp_minimal_action_client/package.dsv
[15.903s] -- Symlinking: /home/minarady/ros2_ws/install/examples_rclcpp_minimal_action_client/share/ament_index/resource_index/packages/examples_rclcpp_minimal_action_client
[15.915s] -- Symlinking: /home/minarady/ros2_ws/install/examples_rclcpp_minimal_action_client/share/examples_rclcpp_minimal_action_client/cmake/examples_rclcpp_minimal_action_clientConfig.cmake
[15.921s] -- Symlinking: /home/minarady/ros2_ws/install/examples_rclcpp_minimal_action_client/share/examples_rclcpp_minimal_action_client/cmake/examples_rclcpp_minimal_action_clientConfig-version.cmake
[15.930s] -- Symlinking: /home/minarady/ros2_ws/install/examples_rclcpp_minimal_action_client/share/examples_rclcpp_minimal_action_client/package.xml
[15.953s] Invoked command in '/home/minarady/ros2_ws/build/examples_rclcpp_minimal_action_client' returned '0': CMAKE_PREFIX_PATH=/opt/ros/humble /usr/bin/cmake --install /home/minarady/ros2_ws/build/examples_rclcpp_minimal_action_client
