[0.923s] Invoking command in '/home/minarady/ros2_ws/build/examples_rclpy_pointcloud_publisher': PYTHONPATH=/home/minarady/ros2_ws/install/examples_rclpy_pointcloud_publisher/lib/python3.10/site-packages:${PYTHONPATH} /usr/bin/python3 setup.py develop --prefix /home/minarady/ros2_ws/install/examples_rclpy_pointcloud_publisher --uninstall --editable --build-directory /home/minarady/ros2_ws/build/examples_rclpy_pointcloud_publisher/build
[1.046s] running develop
[1.046s] /usr/lib/python3/dist-packages/setuptools/command/easy_install.py:158: EasyInstallDeprecationWarning: easy_install command is deprecated. Use build and pip and other standards-based tools.
[1.046s]   warnings.warn(
[1.047s] /usr/lib/python3/dist-packages/setuptools/command/install.py:34: SetuptoolsDeprecationWarning: setup.py install is deprecated. Use build and pip and other standards-based tools.
[1.047s]   warnings.warn(
[1.071s] /usr/lib/python3/dist-packages/pkg_resources/__init__.py:116: PkgResourcesDeprecationWarning: 1.1build1 is an invalid version and will not be supported in a future release
[1.072s]   warnings.warn(
[1.072s] /usr/lib/python3/dist-packages/pkg_resources/__init__.py:116: PkgResourcesDeprecationWarning: 0.1.43ubuntu1 is an invalid version and will not be supported in a future release
[1.072s]   warnings.warn(
[1.111s] Removing /home/minarady/ros2_ws/install/examples_rclpy_pointcloud_publisher/lib/python3.10/site-packages/examples-rclpy-pointcloud-publisher.egg-link (link to .)
[1.125s] Invoked command in '/home/minarady/ros2_ws/build/examples_rclpy_pointcloud_publisher' returned '0': PYTHONPATH=/home/minarady/ros2_ws/install/examples_rclpy_pointcloud_publisher/lib/python3.10/site-packages:${PYTHONPATH} /usr/bin/python3 setup.py develop --prefix /home/minarady/ros2_ws/install/examples_rclpy_pointcloud_publisher --uninstall --editable --build-directory /home/minarady/ros2_ws/build/examples_rclpy_pointcloud_publisher/build
[1.126s] Invoking command in '/home/minarady/ros2_ws/src/examples/rclpy/topics/pointcloud_publisher': PYTHONPATH=/home/minarady/ros2_ws/install/examples_rclpy_pointcloud_publisher/lib/python3.10/site-packages:${PYTHONPATH} /usr/bin/python3 setup.py egg_info --egg-base ../../../../../build/examples_rclpy_pointcloud_publisher build --build-base /home/minarady/ros2_ws/build/examples_rclpy_pointcloud_publisher/build install --prefix /home/minarady/ros2_ws/install/examples_rclpy_pointcloud_publisher --record /home/minarady/ros2_ws/build/examples_rclpy_pointcloud_publisher/install.log --single-version-externally-managed
[1.230s] running egg_info
[1.230s] writing ../../../../../build/examples_rclpy_pointcloud_publisher/examples_rclpy_pointcloud_publisher.egg-info/PKG-INFO
[1.230s] writing dependency_links to ../../../../../build/examples_rclpy_pointcloud_publisher/examples_rclpy_pointcloud_publisher.egg-info/dependency_links.txt
[1.230s] writing entry points to ../../../../../build/examples_rclpy_pointcloud_publisher/examples_rclpy_pointcloud_publisher.egg-info/entry_points.txt
[1.231s] writing requirements to ../../../../../build/examples_rclpy_pointcloud_publisher/examples_rclpy_pointcloud_publisher.egg-info/requires.txt
[1.231s] writing top-level names to ../../../../../build/examples_rclpy_pointcloud_publisher/examples_rclpy_pointcloud_publisher.egg-info/top_level.txt
[1.243s] reading manifest file '../../../../../build/examples_rclpy_pointcloud_publisher/examples_rclpy_pointcloud_publisher.egg-info/SOURCES.txt'
[1.245s] writing manifest file '../../../../../build/examples_rclpy_pointcloud_publisher/examples_rclpy_pointcloud_publisher.egg-info/SOURCES.txt'
[1.246s] running build
[1.246s] running build_py
[1.246s] creating /home/minarady/ros2_ws/build/examples_rclpy_pointcloud_publisher/build
[1.246s] creating /home/minarady/ros2_ws/build/examples_rclpy_pointcloud_publisher/build/lib
[1.246s] creating /home/minarady/ros2_ws/build/examples_rclpy_pointcloud_publisher/build/lib/examples_rclpy_pointcloud_publisher
[1.246s] copying examples_rclpy_pointcloud_publisher/pointcloud_publisher.py -> /home/minarady/ros2_ws/build/examples_rclpy_pointcloud_publisher/build/lib/examples_rclpy_pointcloud_publisher
[1.246s] copying examples_rclpy_pointcloud_publisher/__init__.py -> /home/minarady/ros2_ws/build/examples_rclpy_pointcloud_publisher/build/lib/examples_rclpy_pointcloud_publisher
[1.246s] running install
[1.246s] /usr/lib/python3/dist-packages/setuptools/command/install.py:34: SetuptoolsDeprecationWarning: setup.py install is deprecated. Use build and pip and other standards-based tools.
[1.246s]   warnings.warn(
[1.246s] running install_lib
[1.247s] creating /home/minarady/ros2_ws/install/examples_rclpy_pointcloud_publisher/lib/python3.10/site-packages/examples_rclpy_pointcloud_publisher
[1.247s] copying /home/minarady/ros2_ws/build/examples_rclpy_pointcloud_publisher/build/lib/examples_rclpy_pointcloud_publisher/pointcloud_publisher.py -> /home/minarady/ros2_ws/install/examples_rclpy_pointcloud_publisher/lib/python3.10/site-packages/examples_rclpy_pointcloud_publisher
[1.247s] copying /home/minarady/ros2_ws/build/examples_rclpy_pointcloud_publisher/build/lib/examples_rclpy_pointcloud_publisher/__init__.py -> /home/minarady/ros2_ws/install/examples_rclpy_pointcloud_publisher/lib/python3.10/site-packages/examples_rclpy_pointcloud_publisher
[1.247s] byte-compiling /home/minarady/ros2_ws/install/examples_rclpy_pointcloud_publisher/lib/python3.10/site-packages/examples_rclpy_pointcloud_publisher/pointcloud_publisher.py to pointcloud_publisher.cpython-310.pyc
[1.247s] byte-compiling /home/minarady/ros2_ws/install/examples_rclpy_pointcloud_publisher/lib/python3.10/site-packages/examples_rclpy_pointcloud_publisher/__init__.py to __init__.cpython-310.pyc
[1.247s] running install_data
[1.247s] running install_egg_info
[1.249s] Copying ../../../../../build/examples_rclpy_pointcloud_publisher/examples_rclpy_pointcloud_publisher.egg-info to /home/minarady/ros2_ws/install/examples_rclpy_pointcloud_publisher/lib/python3.10/site-packages/examples_rclpy_pointcloud_publisher-0.15.1-py3.10.egg-info
[1.249s] running install_scripts
[1.260s] Installing pointcloud_publisher script to /home/minarady/ros2_ws/install/examples_rclpy_pointcloud_publisher/lib/examples_rclpy_pointcloud_publisher
[1.260s] writing list of installed files to '/home/minarady/ros2_ws/build/examples_rclpy_pointcloud_publisher/install.log'
[1.274s] Invoked command in '/home/minarady/ros2_ws/src/examples/rclpy/topics/pointcloud_publisher' returned '0': PYTHONPATH=/home/minarady/ros2_ws/install/examples_rclpy_pointcloud_publisher/lib/python3.10/site-packages:${PYTHONPATH} /usr/bin/python3 setup.py egg_info --egg-base ../../../../../build/examples_rclpy_pointcloud_publisher build --build-base /home/minarady/ros2_ws/build/examples_rclpy_pointcloud_publisher/build install --prefix /home/minarady/ros2_ws/install/examples_rclpy_pointcloud_publisher --record /home/minarady/ros2_ws/build/examples_rclpy_pointcloud_publisher/install.log --single-version-externally-managed
