[3.360s] Invoking command in '/home/minarady/ros2_ws/src/examples/rclpy/services/minimal_service': PYTHONPATH=/home/minarady/ros2_ws/src/install/examples_rclpy_minimal_service/lib/python3.10/site-packages:${PYTHONPATH} /usr/bin/python3 setup.py egg_info --egg-base ../../../../build/examples_rclpy_minimal_service build --build-base /home/minarady/ros2_ws/src/build/examples_rclpy_minimal_service/build install --prefix /home/minarady/ros2_ws/src/install/examples_rclpy_minimal_service --record /home/minarady/ros2_ws/src/build/examples_rclpy_minimal_service/install.log --single-version-externally-managed
[7.094s] running egg_info
[7.094s] creating ../../../../build/examples_rclpy_minimal_service/examples_rclpy_minimal_service.egg-info
[7.094s] writing ../../../../build/examples_rclpy_minimal_service/examples_rclpy_minimal_service.egg-info/PKG-INFO
[7.094s] writing dependency_links to ../../../../build/examples_rclpy_minimal_service/examples_rclpy_minimal_service.egg-info/dependency_links.txt
[7.094s] writing entry points to ../../../../build/examples_rclpy_minimal_service/examples_rclpy_minimal_service.egg-info/entry_points.txt
[7.094s] writing requirements to ../../../../build/examples_rclpy_minimal_service/examples_rclpy_minimal_service.egg-info/requires.txt
[7.094s] writing top-level names to ../../../../build/examples_rclpy_minimal_service/examples_rclpy_minimal_service.egg-info/top_level.txt
[7.094s] writing manifest file '../../../../build/examples_rclpy_minimal_service/examples_rclpy_minimal_service.egg-info/SOURCES.txt'
[7.094s] reading manifest file '../../../../build/examples_rclpy_minimal_service/examples_rclpy_minimal_service.egg-info/SOURCES.txt'
[7.095s] writing manifest file '../../../../build/examples_rclpy_minimal_service/examples_rclpy_minimal_service.egg-info/SOURCES.txt'
[7.095s] running build
[7.095s] running build_py
[7.095s] creating /home/minarady/ros2_ws/src/build/examples_rclpy_minimal_service/build
[7.095s] creating /home/minarady/ros2_ws/src/build/examples_rclpy_minimal_service/build/lib
[7.095s] creating /home/minarady/ros2_ws/src/build/examples_rclpy_minimal_service/build/lib/examples_rclpy_minimal_service
[7.095s] copying examples_rclpy_minimal_service/service.py -> /home/minarady/ros2_ws/src/build/examples_rclpy_minimal_service/build/lib/examples_rclpy_minimal_service
[7.095s] copying examples_rclpy_minimal_service/service_member_function.py -> /home/minarady/ros2_ws/src/build/examples_rclpy_minimal_service/build/lib/examples_rclpy_minimal_service
[7.095s] copying examples_rclpy_minimal_service/__init__.py -> /home/minarady/ros2_ws/src/build/examples_rclpy_minimal_service/build/lib/examples_rclpy_minimal_service
[7.095s] running install
[7.095s] running install_lib
[7.095s] creating /home/minarady/ros2_ws/src/install/examples_rclpy_minimal_service/lib/python3.10/site-packages/examples_rclpy_minimal_service
[7.095s] copying /home/minarady/ros2_ws/src/build/examples_rclpy_minimal_service/build/lib/examples_rclpy_minimal_service/service.py -> /home/minarady/ros2_ws/src/install/examples_rclpy_minimal_service/lib/python3.10/site-packages/examples_rclpy_minimal_service
[7.095s] copying /home/minarady/ros2_ws/src/build/examples_rclpy_minimal_service/build/lib/examples_rclpy_minimal_service/service_member_function.py -> /home/minarady/ros2_ws/src/install/examples_rclpy_minimal_service/lib/python3.10/site-packages/examples_rclpy_minimal_service
[7.095s] copying /home/minarady/ros2_ws/src/build/examples_rclpy_minimal_service/build/lib/examples_rclpy_minimal_service/__init__.py -> /home/minarady/ros2_ws/src/install/examples_rclpy_minimal_service/lib/python3.10/site-packages/examples_rclpy_minimal_service
[7.095s] byte-compiling /home/minarady/ros2_ws/src/install/examples_rclpy_minimal_service/lib/python3.10/site-packages/examples_rclpy_minimal_service/service.py to service.cpython-310.pyc
[7.095s] byte-compiling /home/minarady/ros2_ws/src/install/examples_rclpy_minimal_service/lib/python3.10/site-packages/examples_rclpy_minimal_service/service_member_function.py to service_member_function.cpython-310.pyc
[7.095s] byte-compiling /home/minarady/ros2_ws/src/install/examples_rclpy_minimal_service/lib/python3.10/site-packages/examples_rclpy_minimal_service/__init__.py to __init__.cpython-310.pyc
[7.095s] running install_data
[7.095s] creating /home/minarady/ros2_ws/src/install/examples_rclpy_minimal_service/share/ament_index
[7.095s] creating /home/minarady/ros2_ws/src/install/examples_rclpy_minimal_service/share/ament_index/resource_index
[7.095s] creating /home/minarady/ros2_ws/src/install/examples_rclpy_minimal_service/share/ament_index/resource_index/packages
[7.095s] copying resource/examples_rclpy_minimal_service -> /home/minarady/ros2_ws/src/install/examples_rclpy_minimal_service/share/ament_index/resource_index/packages
[7.095s] copying package.xml -> /home/minarady/ros2_ws/src/install/examples_rclpy_minimal_service/share/examples_rclpy_minimal_service
[7.095s] running install_egg_info
[7.096s] Copying ../../../../build/examples_rclpy_minimal_service/examples_rclpy_minimal_service.egg-info to /home/minarady/ros2_ws/src/install/examples_rclpy_minimal_service/lib/python3.10/site-packages/examples_rclpy_minimal_service-0.15.1-py3.10.egg-info
[7.096s] running install_scripts
[7.096s] Installing service script to /home/minarady/ros2_ws/src/install/examples_rclpy_minimal_service/lib/examples_rclpy_minimal_service
[7.096s] Installing service_member_function script to /home/minarady/ros2_ws/src/install/examples_rclpy_minimal_service/lib/examples_rclpy_minimal_service
[7.096s] writing list of installed files to '/home/minarady/ros2_ws/src/build/examples_rclpy_minimal_service/install.log'
[7.096s] /usr/lib/python3/dist-packages/setuptools/command/install.py:34: SetuptoolsDeprecationWarning: setup.py install is deprecated. Use build and pip and other standards-based tools.
[7.096s]   warnings.warn(
