[0.066s] Invoking command in '/home/minarady/ros2_ws/build/examples_rclcpp_minimal_action_server': CMAKE_PREFIX_PATH=/opt/ros/humble /usr/bin/cmake --build /home/minarady/ros2_ws/build/examples_rclcpp_minimal_action_server -- -j20 -l20
[1.059s] [35m[1mConsolidate compiler generated dependencies of target action_server_not_composable[0m
[1.059s] [35m[1mConsolidate compiler generated dependencies of target action_server_member_functions[0m
[1.060s] [ 50%] Built target action_server_not_composable
[1.060s] [100%] Built target action_server_member_functions
[1.066s] Invoked command in '/home/minarady/ros2_ws/build/examples_rclcpp_minimal_action_server' returned '0': CMAKE_PREFIX_PATH=/opt/ros/humble /usr/bin/cmake --build /home/minarady/ros2_ws/build/examples_rclcpp_minimal_action_server -- -j20 -l20
[1.106s] Invoking command in '/home/minarady/ros2_ws/build/examples_rclcpp_minimal_action_server': CMAKE_PREFIX_PATH=/opt/ros/humble /usr/bin/cmake --install /home/minarady/ros2_ws/build/examples_rclcpp_minimal_action_server
[1.123s] -- Install configuration: ""
[1.123s] -- Execute custom install script
[1.123s] -- Up-to-date symlink: /home/minarady/ros2_ws/install/examples_rclcpp_minimal_action_server/lib/examples_rclcpp_minimal_action_server/action_server_not_composable
[1.123s] -- Up-to-date symlink: /home/minarady/ros2_ws/install/examples_rclcpp_minimal_action_server/lib/examples_rclcpp_minimal_action_server/action_server_member_functions
[1.123s] -- Up-to-date symlink: /home/minarady/ros2_ws/install/examples_rclcpp_minimal_action_server/share/ament_index/resource_index/package_run_dependencies/examples_rclcpp_minimal_action_server
[1.123s] -- Up-to-date symlink: /home/minarady/ros2_ws/install/examples_rclcpp_minimal_action_server/share/ament_index/resource_index/parent_prefix_path/examples_rclcpp_minimal_action_server
[1.123s] -- Up-to-date symlink: /home/minarady/ros2_ws/install/examples_rclcpp_minimal_action_server/share/examples_rclcpp_minimal_action_server/environment/ament_prefix_path.sh
[1.123s] -- Up-to-date symlink: /home/minarady/ros2_ws/install/examples_rclcpp_minimal_action_server/share/examples_rclcpp_minimal_action_server/environment/ament_prefix_path.dsv
[1.123s] -- Up-to-date symlink: /home/minarady/ros2_ws/install/examples_rclcpp_minimal_action_server/share/examples_rclcpp_minimal_action_server/environment/path.sh
[1.123s] -- Up-to-date symlink: /home/minarady/ros2_ws/install/examples_rclcpp_minimal_action_server/share/examples_rclcpp_minimal_action_server/environment/path.dsv
[1.123s] -- Up-to-date symlink: /home/minarady/ros2_ws/install/examples_rclcpp_minimal_action_server/share/examples_rclcpp_minimal_action_server/local_setup.bash
[1.123s] -- Up-to-date symlink: /home/minarady/ros2_ws/install/examples_rclcpp_minimal_action_server/share/examples_rclcpp_minimal_action_server/local_setup.sh
[1.123s] -- Up-to-date symlink: /home/minarady/ros2_ws/install/examples_rclcpp_minimal_action_server/share/examples_rclcpp_minimal_action_server/local_setup.zsh
[1.123s] -- Up-to-date symlink: /home/minarady/ros2_ws/install/examples_rclcpp_minimal_action_server/share/examples_rclcpp_minimal_action_server/local_setup.dsv
[1.124s] -- Symlinking: /home/minarady/ros2_ws/install/examples_rclcpp_minimal_action_server/share/examples_rclcpp_minimal_action_server/package.dsv
[1.127s] -- Up-to-date symlink: /home/minarady/ros2_ws/install/examples_rclcpp_minimal_action_server/share/ament_index/resource_index/packages/examples_rclcpp_minimal_action_server
[1.128s] -- Up-to-date symlink: /home/minarady/ros2_ws/install/examples_rclcpp_minimal_action_server/share/examples_rclcpp_minimal_action_server/cmake/examples_rclcpp_minimal_action_serverConfig.cmake
[1.128s] -- Up-to-date symlink: /home/minarady/ros2_ws/install/examples_rclcpp_minimal_action_server/share/examples_rclcpp_minimal_action_server/cmake/examples_rclcpp_minimal_action_serverConfig-version.cmake
[1.128s] -- Up-to-date symlink: /home/minarady/ros2_ws/install/examples_rclcpp_minimal_action_server/share/examples_rclcpp_minimal_action_server/package.xml
[1.209s] Invoked command in '/home/minarady/ros2_ws/build/examples_rclcpp_minimal_action_server' returned '0': CMAKE_PREFIX_PATH=/opt/ros/humble /usr/bin/cmake --install /home/minarady/ros2_ws/build/examples_rclcpp_minimal_action_server
