[0.071s] Invoking command in '/home/minarady/ros2_ws/src/build/examples_rclcpp_multithreaded_executor': CMAKE_PREFIX_PATH=${CMAKE_PREFIX_PATH}:/home/minarady/ros2_ws/install/tx_control:/home/minarady/ros2_ws/install/launch_testing_examples:/home/minarady/ros2_ws/install/examples_rclpy_pointcloud_publisher:/home/minarady/ros2_ws/install/examples_rclpy_minimal_subscriber:/home/minarady/ros2_ws/install/examples_rclpy_minimal_service:/home/minarady/ros2_ws/install/examples_rclpy_minimal_publisher:/home/minarady/ros2_ws/install/examples_rclpy_minimal_client:/home/minarady/ros2_ws/install/examples_rclpy_minimal_action_server:/home/minarady/ros2_ws/install/examples_rclpy_minimal_action_client:/home/minarady/ros2_ws/install/examples_rclpy_guard_conditions:/home/minarady/ros2_ws/install/examples_rclpy_executors:/opt/ros/humble /usr/bin/cmake --build /home/minarady/ros2_ws/src/build/examples_rclcpp_multithreaded_executor -- -j20 -l20
[7.349s] [ 50%] [32mBuilding CXX object CMakeFiles/multithreaded_executor.dir/multithreaded_executor.cpp.o[0m
[20.856s] [100%] [32m[1mLinking CXX executable multithreaded_executor[0m
[21.378s] [100%] Built target multithreaded_executor
[21.389s] Invoked command in '/home/minarady/ros2_ws/src/build/examples_rclcpp_multithreaded_executor' returned '0': CMAKE_PREFIX_PATH=${CMAKE_PREFIX_PATH}:/home/minarady/ros2_ws/install/tx_control:/home/minarady/ros2_ws/install/launch_testing_examples:/home/minarady/ros2_ws/install/examples_rclpy_pointcloud_publisher:/home/minarady/ros2_ws/install/examples_rclpy_minimal_subscriber:/home/minarady/ros2_ws/install/examples_rclpy_minimal_service:/home/minarady/ros2_ws/install/examples_rclpy_minimal_publisher:/home/minarady/ros2_ws/install/examples_rclpy_minimal_client:/home/minarady/ros2_ws/install/examples_rclpy_minimal_action_server:/home/minarady/ros2_ws/install/examples_rclpy_minimal_action_client:/home/minarady/ros2_ws/install/examples_rclpy_guard_conditions:/home/minarady/ros2_ws/install/examples_rclpy_executors:/opt/ros/humble /usr/bin/cmake --build /home/minarady/ros2_ws/src/build/examples_rclcpp_multithreaded_executor -- -j20 -l20
[21.418s] Invoking command in '/home/minarady/ros2_ws/src/build/examples_rclcpp_multithreaded_executor': CMAKE_PREFIX_PATH=${CMAKE_PREFIX_PATH}:/home/minarady/ros2_ws/install/tx_control:/home/minarady/ros2_ws/install/launch_testing_examples:/home/minarady/ros2_ws/install/examples_rclpy_pointcloud_publisher:/home/minarady/ros2_ws/install/examples_rclpy_minimal_subscriber:/home/minarady/ros2_ws/install/examples_rclpy_minimal_service:/home/minarady/ros2_ws/install/examples_rclpy_minimal_publisher:/home/minarady/ros2_ws/install/examples_rclpy_minimal_client:/home/minarady/ros2_ws/install/examples_rclpy_minimal_action_server:/home/minarady/ros2_ws/install/examples_rclpy_minimal_action_client:/home/minarady/ros2_ws/install/examples_rclpy_guard_conditions:/home/minarady/ros2_ws/install/examples_rclpy_executors:/opt/ros/humble /usr/bin/cmake --install /home/minarady/ros2_ws/src/build/examples_rclcpp_multithreaded_executor
[21.425s] -- Install configuration: ""
[21.426s] -- Installing: /home/minarady/ros2_ws/src/install/examples_rclcpp_multithreaded_executor/lib/examples_rclcpp_multithreaded_executor/multithreaded_executor
[21.429s] -- Set runtime path of "/home/minarady/ros2_ws/src/install/examples_rclcpp_multithreaded_executor/lib/examples_rclcpp_multithreaded_executor/multithreaded_executor" to ""
[21.430s] -- Installing: /home/minarady/ros2_ws/src/install/examples_rclcpp_multithreaded_executor/share/ament_index/resource_index/package_run_dependencies/examples_rclcpp_multithreaded_executor
[21.430s] -- Installing: /home/minarady/ros2_ws/src/install/examples_rclcpp_multithreaded_executor/share/ament_index/resource_index/parent_prefix_path/examples_rclcpp_multithreaded_executor
[21.430s] -- Installing: /home/minarady/ros2_ws/src/install/examples_rclcpp_multithreaded_executor/share/examples_rclcpp_multithreaded_executor/environment/ament_prefix_path.sh
[21.430s] -- Installing: /home/minarady/ros2_ws/src/install/examples_rclcpp_multithreaded_executor/share/examples_rclcpp_multithreaded_executor/environment/ament_prefix_path.dsv
[21.430s] -- Installing: /home/minarady/ros2_ws/src/install/examples_rclcpp_multithreaded_executor/share/examples_rclcpp_multithreaded_executor/environment/path.sh
[21.430s] -- Installing: /home/minarady/ros2_ws/src/install/examples_rclcpp_multithreaded_executor/share/examples_rclcpp_multithreaded_executor/environment/path.dsv
[21.430s] -- Installing: /home/minarady/ros2_ws/src/install/examples_rclcpp_multithreaded_executor/share/examples_rclcpp_multithreaded_executor/local_setup.bash
[21.431s] -- Installing: /home/minarady/ros2_ws/src/install/examples_rclcpp_multithreaded_executor/share/examples_rclcpp_multithreaded_executor/local_setup.sh
[21.431s] -- Installing: /home/minarady/ros2_ws/src/install/examples_rclcpp_multithreaded_executor/share/examples_rclcpp_multithreaded_executor/local_setup.zsh
[21.431s] -- Installing: /home/minarady/ros2_ws/src/install/examples_rclcpp_multithreaded_executor/share/examples_rclcpp_multithreaded_executor/local_setup.dsv
[21.431s] -- Installing: /home/minarady/ros2_ws/src/install/examples_rclcpp_multithreaded_executor/share/examples_rclcpp_multithreaded_executor/package.dsv
[21.431s] -- Installing: /home/minarady/ros2_ws/src/install/examples_rclcpp_multithreaded_executor/share/ament_index/resource_index/packages/examples_rclcpp_multithreaded_executor
[21.431s] -- Installing: /home/minarady/ros2_ws/src/install/examples_rclcpp_multithreaded_executor/share/examples_rclcpp_multithreaded_executor/cmake/examples_rclcpp_multithreaded_executorConfig.cmake
[21.431s] -- Installing: /home/minarady/ros2_ws/src/install/examples_rclcpp_multithreaded_executor/share/examples_rclcpp_multithreaded_executor/cmake/examples_rclcpp_multithreaded_executorConfig-version.cmake
[21.431s] -- Installing: /home/minarady/ros2_ws/src/install/examples_rclcpp_multithreaded_executor/share/examples_rclcpp_multithreaded_executor/package.xml
[21.436s] Invoked command in '/home/minarady/ros2_ws/src/build/examples_rclcpp_multithreaded_executor' returned '0': CMAKE_PREFIX_PATH=${CMAKE_PREFIX_PATH}:/home/minarady/ros2_ws/install/tx_control:/home/minarady/ros2_ws/install/launch_testing_examples:/home/minarady/ros2_ws/install/examples_rclpy_pointcloud_publisher:/home/minarady/ros2_ws/install/examples_rclpy_minimal_subscriber:/home/minarady/ros2_ws/install/examples_rclpy_minimal_service:/home/minarady/ros2_ws/install/examples_rclpy_minimal_publisher:/home/minarady/ros2_ws/install/examples_rclpy_minimal_client:/home/minarady/ros2_ws/install/examples_rclpy_minimal_action_server:/home/minarady/ros2_ws/install/examples_rclpy_minimal_action_client:/home/minarady/ros2_ws/install/examples_rclpy_guard_conditions:/home/minarady/ros2_ws/install/examples_rclpy_executors:/opt/ros/humble /usr/bin/cmake --install /home/minarady/ros2_ws/src/build/examples_rclcpp_multithreaded_executor
