[0.912s] Invoking command in '/home/minarady/ros2_ws/src/tx_control': PYTHONPATH=/home/minarady/ros2_ws/install/tx_control/lib/python3.10/site-packages:${PYTHONPATH} /usr/bin/python3 setup.py egg_info --egg-base ../../build/tx_control build --build-base /home/minarady/ros2_ws/build/tx_control/build install --prefix /home/minarady/ros2_ws/install/tx_control --record /home/minarady/ros2_ws/build/tx_control/install.log --single-version-externally-managed
[1.040s] running egg_info
[1.040s] writing ../../build/tx_control/tx_control.egg-info/PKG-INFO
[1.041s] writing dependency_links to ../../build/tx_control/tx_control.egg-info/dependency_links.txt
[1.041s] writing entry points to ../../build/tx_control/tx_control.egg-info/entry_points.txt
[1.041s] writing requirements to ../../build/tx_control/tx_control.egg-info/requires.txt
[1.041s] writing top-level names to ../../build/tx_control/tx_control.egg-info/top_level.txt
[1.042s] reading manifest file '../../build/tx_control/tx_control.egg-info/SOURCES.txt'
[1.042s] writing manifest file '../../build/tx_control/tx_control.egg-info/SOURCES.txt'
[1.042s] running build
[1.042s] running build_py
[1.043s] copying tx_control/subscriber_member_function.py -> /home/minarady/ros2_ws/build/tx_control/build/lib/tx_control
[1.043s] running install
[1.044s] /usr/lib/python3/dist-packages/setuptools/command/install.py:34: SetuptoolsDeprecationWarning: setup.py install is deprecated. Use build and pip and other standards-based tools.
[1.044s]   warnings.warn(
[1.044s] running install_lib
[1.044s] copying /home/minarady/ros2_ws/build/tx_control/build/lib/tx_control/subscriber_member_function.py -> /home/minarady/ros2_ws/install/tx_control/lib/python3.10/site-packages/tx_control
[1.045s] byte-compiling /home/minarady/ros2_ws/install/tx_control/lib/python3.10/site-packages/tx_control/subscriber_member_function.py to subscriber_member_function.cpython-310.pyc
[1.045s] running install_data
[1.046s] running install_egg_info
[1.047s] removing '/home/minarady/ros2_ws/install/tx_control/lib/python3.10/site-packages/tx_control-0.0.0-py3.10.egg-info' (and everything under it)
[1.047s] Copying ../../build/tx_control/tx_control.egg-info to /home/minarady/ros2_ws/install/tx_control/lib/python3.10/site-packages/tx_control-0.0.0-py3.10.egg-info
[1.048s] running install_scripts
[1.060s] Installing listener script to /home/minarady/ros2_ws/install/tx_control/lib/tx_control
[1.060s] Installing talker script to /home/minarady/ros2_ws/install/tx_control/lib/tx_control
[1.060s] writing list of installed files to '/home/minarady/ros2_ws/build/tx_control/install.log'
[1.075s] Invoked command in '/home/minarady/ros2_ws/src/tx_control' returned '0': PYTHONPATH=/home/minarady/ros2_ws/install/tx_control/lib/python3.10/site-packages:${PYTHONPATH} /usr/bin/python3 setup.py egg_info --egg-base ../../build/tx_control build --build-base /home/minarady/ros2_ws/build/tx_control/build install --prefix /home/minarady/ros2_ws/install/tx_control --record /home/minarady/ros2_ws/build/tx_control/install.log --single-version-externally-managed
