[1.736s] Invoking command in '/home/minarady/ros2_ws/build/examples_rclpy_minimal_service': PYTHONPATH=/home/minarady/ros2_ws/install/examples_rclpy_minimal_service/lib/python3.10/site-packages:${PYTHONPATH} /usr/bin/python3 setup.py develop --prefix /home/minarady/ros2_ws/install/examples_rclpy_minimal_service --uninstall --editable --build-directory /home/minarady/ros2_ws/build/examples_rclpy_minimal_service/build
[1.977s] running develop
[1.977s] /usr/lib/python3/dist-packages/setuptools/command/easy_install.py:158: EasyInstallDeprecationWarning: easy_install command is deprecated. Use build and pip and other standards-based tools.
[1.977s]   warnings.warn(
[1.978s] /usr/lib/python3/dist-packages/setuptools/command/install.py:34: SetuptoolsDeprecationWarning: setup.py install is deprecated. Use build and pip and other standards-based tools.
[1.978s]   warnings.warn(
[2.036s] /usr/lib/python3/dist-packages/pkg_resources/__init__.py:116: PkgResourcesDeprecationWarning: 1.1build1 is an invalid version and will not be supported in a future release
[2.036s]   warnings.warn(
[2.036s] /usr/lib/python3/dist-packages/pkg_resources/__init__.py:116: PkgResourcesDeprecationWarning: 0.1.43ubuntu1 is an invalid version and will not be supported in a future release
[2.036s]   warnings.warn(
[2.151s] Invoked command in '/home/minarady/ros2_ws/build/examples_rclpy_minimal_service' returned '0': PYTHONPATH=/home/minarady/ros2_ws/install/examples_rclpy_minimal_service/lib/python3.10/site-packages:${PYTHONPATH} /usr/bin/python3 setup.py develop --prefix /home/minarady/ros2_ws/install/examples_rclpy_minimal_service --uninstall --editable --build-directory /home/minarady/ros2_ws/build/examples_rclpy_minimal_service/build
[2.152s] Invoking command in '/home/minarady/ros2_ws/src/examples/rclpy/services/minimal_service': PYTHONPATH=/home/minarady/ros2_ws/install/examples_rclpy_minimal_service/lib/python3.10/site-packages:${PYTHONPATH} /usr/bin/python3 setup.py egg_info --egg-base ../../../../../build/examples_rclpy_minimal_service build --build-base /home/minarady/ros2_ws/build/examples_rclpy_minimal_service/build install --prefix /home/minarady/ros2_ws/install/examples_rclpy_minimal_service --record /home/minarady/ros2_ws/build/examples_rclpy_minimal_service/install.log --single-version-externally-managed
[2.266s] running egg_info
[2.266s] writing ../../../../../build/examples_rclpy_minimal_service/examples_rclpy_minimal_service.egg-info/PKG-INFO
[2.267s] writing dependency_links to ../../../../../build/examples_rclpy_minimal_service/examples_rclpy_minimal_service.egg-info/dependency_links.txt
[2.267s] writing entry points to ../../../../../build/examples_rclpy_minimal_service/examples_rclpy_minimal_service.egg-info/entry_points.txt
[2.267s] writing requirements to ../../../../../build/examples_rclpy_minimal_service/examples_rclpy_minimal_service.egg-info/requires.txt
[2.267s] writing top-level names to ../../../../../build/examples_rclpy_minimal_service/examples_rclpy_minimal_service.egg-info/top_level.txt
[2.268s] reading manifest file '../../../../../build/examples_rclpy_minimal_service/examples_rclpy_minimal_service.egg-info/SOURCES.txt'
[2.268s] writing manifest file '../../../../../build/examples_rclpy_minimal_service/examples_rclpy_minimal_service.egg-info/SOURCES.txt'
[2.268s] running build
[2.268s] running build_py
[2.270s] running install
[2.270s] /usr/lib/python3/dist-packages/setuptools/command/install.py:34: SetuptoolsDeprecationWarning: setup.py install is deprecated. Use build and pip and other standards-based tools.
[2.270s]   warnings.warn(
[2.270s] running install_lib
[2.270s] running install_data
[2.271s] running install_egg_info
[2.272s] removing '/home/minarady/ros2_ws/install/examples_rclpy_minimal_service/lib/python3.10/site-packages/examples_rclpy_minimal_service-0.15.1-py3.10.egg-info' (and everything under it)
[2.272s] Copying ../../../../../build/examples_rclpy_minimal_service/examples_rclpy_minimal_service.egg-info to /home/minarady/ros2_ws/install/examples_rclpy_minimal_service/lib/python3.10/site-packages/examples_rclpy_minimal_service-0.15.1-py3.10.egg-info
[2.272s] running install_scripts
[2.286s] Installing service script to /home/minarady/ros2_ws/install/examples_rclpy_minimal_service/lib/examples_rclpy_minimal_service
[2.286s] Installing service_member_function script to /home/minarady/ros2_ws/install/examples_rclpy_minimal_service/lib/examples_rclpy_minimal_service
[2.286s] writing list of installed files to '/home/minarady/ros2_ws/build/examples_rclpy_minimal_service/install.log'
[2.299s] Invoked command in '/home/minarady/ros2_ws/src/examples/rclpy/services/minimal_service' returned '0': PYTHONPATH=/home/minarady/ros2_ws/install/examples_rclpy_minimal_service/lib/python3.10/site-packages:${PYTHONPATH} /usr/bin/python3 setup.py egg_info --egg-base ../../../../../build/examples_rclpy_minimal_service build --build-base /home/minarady/ros2_ws/build/examples_rclpy_minimal_service/build install --prefix /home/minarady/ros2_ws/install/examples_rclpy_minimal_service --record /home/minarady/ros2_ws/build/examples_rclpy_minimal_service/install.log --single-version-externally-managed
