[0.067s] Invoking command in '/home/minarady/ros2_ws/build/examples_rclcpp_minimal_service': CMAKE_PREFIX_PATH=${CMAKE_PREFIX_PATH}:/home/minarady/ros2_ws/install/launch_testing_examples:/home/minarady/ros2_ws/install/examples_rclpy_pointcloud_publisher:/home/minarady/ros2_ws/install/examples_rclpy_minimal_subscriber:/home/minarady/ros2_ws/install/examples_rclpy_minimal_service:/home/minarady/ros2_ws/install/examples_rclpy_minimal_publisher:/home/minarady/ros2_ws/install/examples_rclpy_minimal_client:/home/minarady/ros2_ws/install/examples_rclpy_minimal_action_server:/home/minarady/ros2_ws/install/examples_rclpy_minimal_action_client:/home/minarady/ros2_ws/install/examples_rclpy_guard_conditions:/home/minarady/ros2_ws/install/examples_rclpy_executors:/opt/ros/humble /usr/bin/cmake /home/minarady/ros2_ws/src/examples/rclcpp/services/minimal_service -DCMAKE_INSTALL_PREFIX=/home/minarady/ros2_ws/install/examples_rclcpp_minimal_service
[1.464s] -- Found ament_cmake: 1.3.2 (/opt/ros/humble/share/ament_cmake/cmake)
[1.464s] -- Override CMake install command with custom implementation using symlinks instead of copying resources
[1.464s] -- Found example_interfaces: 0.9.3 (/opt/ros/humble/share/example_interfaces/cmake)
[1.464s] -- Found rosidl_generator_c: 3.1.3 (/opt/ros/humble/share/rosidl_generator_c/cmake)
[1.464s] -- Found rosidl_adapter: 3.1.3 (/opt/ros/humble/share/rosidl_adapter/cmake)
[1.464s] -- Found rosidl_generator_cpp: 3.1.3 (/opt/ros/humble/share/rosidl_generator_cpp/cmake)
[1.464s] -- Using all available rosidl_typesupport_c: rosidl_typesupport_fastrtps_c;rosidl_typesupport_introspection_c
[1.464s] -- Using all available rosidl_typesupport_cpp: rosidl_typesupport_fastrtps_cpp;rosidl_typesupport_introspection_cpp
[1.464s] -- Found rclcpp: 16.0.1 (/opt/ros/humble/share/rclcpp/cmake)
[1.464s] -- Found rmw_implementation_cmake: 6.1.0 (/opt/ros/humble/share/rmw_implementation_cmake/cmake)
[1.464s] -- Found rmw_fastrtps_cpp: 6.2.1 (/opt/ros/humble/share/rmw_fastrtps_cpp/cmake)
[1.464s] -- Using RMW implementation 'rmw_fastrtps_cpp' as default
[1.465s] -- Found ament_lint_auto: 0.12.4 (/opt/ros/humble/share/ament_lint_auto/cmake)
[1.465s] -- Added test 'copyright' to check source files copyright and LICENSE
[1.465s] -- Added test 'cppcheck' to perform static code analysis on C / C++ code
[1.465s] -- Configured cppcheck include dirs: 
[1.465s] -- Configured cppcheck exclude dirs and/or files: 
[1.465s] -- Added test 'cpplint' to check C / C++ code against the Google style
[1.465s] -- Configured cpplint exclude dirs and/or files: 
[1.465s] -- Added test 'lint_cmake' to check CMake code style
[1.465s] -- Added test 'uncrustify' to check C / C++ code style
[1.465s] -- Configured uncrustify additional arguments: 
[1.465s] -- Added test 'xmllint' to check XML markup files
[1.465s] -- Configuring done
[1.465s] -- Generating done
[1.465s] -- Build files have been written to: /home/minarady/ros2_ws/build/examples_rclcpp_minimal_service
[1.479s] Invoked command in '/home/minarady/ros2_ws/build/examples_rclcpp_minimal_service' returned '0': CMAKE_PREFIX_PATH=${CMAKE_PREFIX_PATH}:/home/minarady/ros2_ws/install/launch_testing_examples:/home/minarady/ros2_ws/install/examples_rclpy_pointcloud_publisher:/home/minarady/ros2_ws/install/examples_rclpy_minimal_subscriber:/home/minarady/ros2_ws/install/examples_rclpy_minimal_service:/home/minarady/ros2_ws/install/examples_rclpy_minimal_publisher:/home/minarady/ros2_ws/install/examples_rclpy_minimal_client:/home/minarady/ros2_ws/install/examples_rclpy_minimal_action_server:/home/minarady/ros2_ws/install/examples_rclpy_minimal_action_client:/home/minarady/ros2_ws/install/examples_rclpy_guard_conditions:/home/minarady/ros2_ws/install/examples_rclpy_executors:/opt/ros/humble /usr/bin/cmake /home/minarady/ros2_ws/src/examples/rclcpp/services/minimal_service -DCMAKE_INSTALL_PREFIX=/home/minarady/ros2_ws/install/examples_rclcpp_minimal_service
[1.480s] Invoking command in '/home/minarady/ros2_ws/build/examples_rclcpp_minimal_service': CMAKE_PREFIX_PATH=${CMAKE_PREFIX_PATH}:/home/minarady/ros2_ws/install/launch_testing_examples:/home/minarady/ros2_ws/install/examples_rclpy_pointcloud_publisher:/home/minarady/ros2_ws/install/examples_rclpy_minimal_subscriber:/home/minarady/ros2_ws/install/examples_rclpy_minimal_service:/home/minarady/ros2_ws/install/examples_rclpy_minimal_publisher:/home/minarady/ros2_ws/install/examples_rclpy_minimal_client:/home/minarady/ros2_ws/install/examples_rclpy_minimal_action_server:/home/minarady/ros2_ws/install/examples_rclpy_minimal_action_client:/home/minarady/ros2_ws/install/examples_rclpy_guard_conditions:/home/minarady/ros2_ws/install/examples_rclpy_executors:/opt/ros/humble /usr/bin/cmake --build /home/minarady/ros2_ws/build/examples_rclcpp_minimal_service -- -j20 -l20
[1.488s] [35m[1mConsolidate compiler generated dependencies of target service_main[0m
[1.500s] [100%] Built target service_main
[1.533s] Invoked command in '/home/minarady/ros2_ws/build/examples_rclcpp_minimal_service' returned '0': CMAKE_PREFIX_PATH=${CMAKE_PREFIX_PATH}:/home/minarady/ros2_ws/install/launch_testing_examples:/home/minarady/ros2_ws/install/examples_rclpy_pointcloud_publisher:/home/minarady/ros2_ws/install/examples_rclpy_minimal_subscriber:/home/minarady/ros2_ws/install/examples_rclpy_minimal_service:/home/minarady/ros2_ws/install/examples_rclpy_minimal_publisher:/home/minarady/ros2_ws/install/examples_rclpy_minimal_client:/home/minarady/ros2_ws/install/examples_rclpy_minimal_action_server:/home/minarady/ros2_ws/install/examples_rclpy_minimal_action_client:/home/minarady/ros2_ws/install/examples_rclpy_guard_conditions:/home/minarady/ros2_ws/install/examples_rclpy_executors:/opt/ros/humble /usr/bin/cmake --build /home/minarady/ros2_ws/build/examples_rclcpp_minimal_service -- -j20 -l20
[1.570s] Invoking command in '/home/minarady/ros2_ws/build/examples_rclcpp_minimal_service': CMAKE_PREFIX_PATH=${CMAKE_PREFIX_PATH}:/home/minarady/ros2_ws/install/launch_testing_examples:/home/minarady/ros2_ws/install/examples_rclpy_pointcloud_publisher:/home/minarady/ros2_ws/install/examples_rclpy_minimal_subscriber:/home/minarady/ros2_ws/install/examples_rclpy_minimal_service:/home/minarady/ros2_ws/install/examples_rclpy_minimal_publisher:/home/minarady/ros2_ws/install/examples_rclpy_minimal_client:/home/minarady/ros2_ws/install/examples_rclpy_minimal_action_server:/home/minarady/ros2_ws/install/examples_rclpy_minimal_action_client:/home/minarady/ros2_ws/install/examples_rclpy_guard_conditions:/home/minarady/ros2_ws/install/examples_rclpy_executors:/opt/ros/humble /usr/bin/cmake --install /home/minarady/ros2_ws/build/examples_rclcpp_minimal_service
[1.583s] -- Install configuration: ""
[1.584s] -- Execute custom install script
[1.587s] -- Up-to-date symlink: /home/minarady/ros2_ws/install/examples_rclcpp_minimal_service/lib/examples_rclcpp_minimal_service/service_main
[1.587s] -- Up-to-date symlink: /home/minarady/ros2_ws/install/examples_rclcpp_minimal_service/share/ament_index/resource_index/package_run_dependencies/examples_rclcpp_minimal_service
[1.588s] -- Up-to-date symlink: /home/minarady/ros2_ws/install/examples_rclcpp_minimal_service/share/ament_index/resource_index/parent_prefix_path/examples_rclcpp_minimal_service
[1.588s] -- Up-to-date symlink: /home/minarady/ros2_ws/install/examples_rclcpp_minimal_service/share/examples_rclcpp_minimal_service/environment/ament_prefix_path.sh
[1.588s] -- Up-to-date symlink: /home/minarady/ros2_ws/install/examples_rclcpp_minimal_service/share/examples_rclcpp_minimal_service/environment/ament_prefix_path.dsv
[1.588s] -- Up-to-date symlink: /home/minarady/ros2_ws/install/examples_rclcpp_minimal_service/share/examples_rclcpp_minimal_service/environment/path.sh
[1.590s] -- Up-to-date symlink: /home/minarady/ros2_ws/install/examples_rclcpp_minimal_service/share/examples_rclcpp_minimal_service/environment/path.dsv
[1.590s] -- Up-to-date symlink: /home/minarady/ros2_ws/install/examples_rclcpp_minimal_service/share/examples_rclcpp_minimal_service/local_setup.bash
[1.590s] -- Up-to-date symlink: /home/minarady/ros2_ws/install/examples_rclcpp_minimal_service/share/examples_rclcpp_minimal_service/local_setup.sh
[1.590s] -- Up-to-date symlink: /home/minarady/ros2_ws/install/examples_rclcpp_minimal_service/share/examples_rclcpp_minimal_service/local_setup.zsh
[1.590s] -- Up-to-date symlink: /home/minarady/ros2_ws/install/examples_rclcpp_minimal_service/share/examples_rclcpp_minimal_service/local_setup.dsv
[1.590s] -- Symlinking: /home/minarady/ros2_ws/install/examples_rclcpp_minimal_service/share/examples_rclcpp_minimal_service/package.dsv
[1.599s] -- Up-to-date symlink: /home/minarady/ros2_ws/install/examples_rclcpp_minimal_service/share/ament_index/resource_index/packages/examples_rclcpp_minimal_service
[1.599s] -- Up-to-date symlink: /home/minarady/ros2_ws/install/examples_rclcpp_minimal_service/share/examples_rclcpp_minimal_service/cmake/examples_rclcpp_minimal_serviceConfig.cmake
[1.599s] -- Up-to-date symlink: /home/minarady/ros2_ws/install/examples_rclcpp_minimal_service/share/examples_rclcpp_minimal_service/cmake/examples_rclcpp_minimal_serviceConfig-version.cmake
[1.601s] -- Up-to-date symlink: /home/minarady/ros2_ws/install/examples_rclcpp_minimal_service/share/examples_rclcpp_minimal_service/package.xml
[1.626s] Invoked command in '/home/minarady/ros2_ws/build/examples_rclcpp_minimal_service' returned '0': CMAKE_PREFIX_PATH=${CMAKE_PREFIX_PATH}:/home/minarady/ros2_ws/install/launch_testing_examples:/home/minarady/ros2_ws/install/examples_rclpy_pointcloud_publisher:/home/minarady/ros2_ws/install/examples_rclpy_minimal_subscriber:/home/minarady/ros2_ws/install/examples_rclpy_minimal_service:/home/minarady/ros2_ws/install/examples_rclpy_minimal_publisher:/home/minarady/ros2_ws/install/examples_rclpy_minimal_client:/home/minarady/ros2_ws/install/examples_rclpy_minimal_action_server:/home/minarady/ros2_ws/install/examples_rclpy_minimal_action_client:/home/minarady/ros2_ws/install/examples_rclpy_guard_conditions:/home/minarady/ros2_ws/install/examples_rclpy_executors:/opt/ros/humble /usr/bin/cmake --install /home/minarady/ros2_ws/build/examples_rclcpp_minimal_service
