[3.103s] Invoking command in '/home/minarady/ros2_ws/src/examples/rclpy/executors': PYTHONPATH=/home/minarady/ros2_ws/src/install/examples_rclpy_executors/lib/python3.10/site-packages:${PYTHONPATH} /usr/bin/python3 setup.py egg_info --egg-base ../../../build/examples_rclpy_executors build --build-base /home/minarady/ros2_ws/src/build/examples_rclpy_executors/build install --prefix /home/minarady/ros2_ws/src/install/examples_rclpy_executors --record /home/minarady/ros2_ws/src/build/examples_rclpy_executors/install.log --single-version-externally-managed
[7.154s] /usr/lib/python3/dist-packages/setuptools/command/install.py:34: SetuptoolsDeprecationWarning: setup.py install is deprecated. Use build and pip and other standards-based tools.
[7.154s]   warnings.warn(
[7.155s] running egg_info
[7.155s] creating ../../../build/examples_rclpy_executors/examples_rclpy_executors.egg-info
[7.155s] writing ../../../build/examples_rclpy_executors/examples_rclpy_executors.egg-info/PKG-INFO
[7.155s] writing dependency_links to ../../../build/examples_rclpy_executors/examples_rclpy_executors.egg-info/dependency_links.txt
[7.155s] writing entry points to ../../../build/examples_rclpy_executors/examples_rclpy_executors.egg-info/entry_points.txt
[7.155s] writing requirements to ../../../build/examples_rclpy_executors/examples_rclpy_executors.egg-info/requires.txt
[7.155s] writing top-level names to ../../../build/examples_rclpy_executors/examples_rclpy_executors.egg-info/top_level.txt
[7.155s] writing manifest file '../../../build/examples_rclpy_executors/examples_rclpy_executors.egg-info/SOURCES.txt'
[7.155s] reading manifest file '../../../build/examples_rclpy_executors/examples_rclpy_executors.egg-info/SOURCES.txt'
[7.155s] writing manifest file '../../../build/examples_rclpy_executors/examples_rclpy_executors.egg-info/SOURCES.txt'
[7.155s] running build
[7.155s] running build_py
[7.155s] creating /home/minarady/ros2_ws/src/build/examples_rclpy_executors/build
[7.155s] creating /home/minarady/ros2_ws/src/build/examples_rclpy_executors/build/lib
[7.155s] creating /home/minarady/ros2_ws/src/build/examples_rclpy_executors/build/lib/examples_rclpy_executors
[7.156s] copying examples_rclpy_executors/listener.py -> /home/minarady/ros2_ws/src/build/examples_rclpy_executors/build/lib/examples_rclpy_executors
[7.156s] copying examples_rclpy_executors/callback_group.py -> /home/minarady/ros2_ws/src/build/examples_rclpy_executors/build/lib/examples_rclpy_executors
[7.156s] copying examples_rclpy_executors/composed.py -> /home/minarady/ros2_ws/src/build/examples_rclpy_executors/build/lib/examples_rclpy_executors
[7.156s] copying examples_rclpy_executors/talker.py -> /home/minarady/ros2_ws/src/build/examples_rclpy_executors/build/lib/examples_rclpy_executors
[7.156s] copying examples_rclpy_executors/__init__.py -> /home/minarady/ros2_ws/src/build/examples_rclpy_executors/build/lib/examples_rclpy_executors
[7.156s] copying examples_rclpy_executors/custom_executor.py -> /home/minarady/ros2_ws/src/build/examples_rclpy_executors/build/lib/examples_rclpy_executors
[7.156s] copying examples_rclpy_executors/custom_callback_group.py -> /home/minarady/ros2_ws/src/build/examples_rclpy_executors/build/lib/examples_rclpy_executors
[7.156s] running install
[7.156s] running install_lib
[7.156s] creating /home/minarady/ros2_ws/src/install/examples_rclpy_executors/lib/python3.10/site-packages/examples_rclpy_executors
[7.156s] copying /home/minarady/ros2_ws/src/build/examples_rclpy_executors/build/lib/examples_rclpy_executors/listener.py -> /home/minarady/ros2_ws/src/install/examples_rclpy_executors/lib/python3.10/site-packages/examples_rclpy_executors
[7.156s] copying /home/minarady/ros2_ws/src/build/examples_rclpy_executors/build/lib/examples_rclpy_executors/callback_group.py -> /home/minarady/ros2_ws/src/install/examples_rclpy_executors/lib/python3.10/site-packages/examples_rclpy_executors
[7.156s] copying /home/minarady/ros2_ws/src/build/examples_rclpy_executors/build/lib/examples_rclpy_executors/composed.py -> /home/minarady/ros2_ws/src/install/examples_rclpy_executors/lib/python3.10/site-packages/examples_rclpy_executors
[7.157s] copying /home/minarady/ros2_ws/src/build/examples_rclpy_executors/build/lib/examples_rclpy_executors/talker.py -> /home/minarady/ros2_ws/src/install/examples_rclpy_executors/lib/python3.10/site-packages/examples_rclpy_executors
[7.157s] copying /home/minarady/ros2_ws/src/build/examples_rclpy_executors/build/lib/examples_rclpy_executors/__init__.py -> /home/minarady/ros2_ws/src/install/examples_rclpy_executors/lib/python3.10/site-packages/examples_rclpy_executors
[7.157s] copying /home/minarady/ros2_ws/src/build/examples_rclpy_executors/build/lib/examples_rclpy_executors/custom_executor.py -> /home/minarady/ros2_ws/src/install/examples_rclpy_executors/lib/python3.10/site-packages/examples_rclpy_executors
[7.157s] copying /home/minarady/ros2_ws/src/build/examples_rclpy_executors/build/lib/examples_rclpy_executors/custom_callback_group.py -> /home/minarady/ros2_ws/src/install/examples_rclpy_executors/lib/python3.10/site-packages/examples_rclpy_executors
[7.157s] byte-compiling /home/minarady/ros2_ws/src/install/examples_rclpy_executors/lib/python3.10/site-packages/examples_rclpy_executors/listener.py to listener.cpython-310.pyc
[7.157s] byte-compiling /home/minarady/ros2_ws/src/install/examples_rclpy_executors/lib/python3.10/site-packages/examples_rclpy_executors/callback_group.py to callback_group.cpython-310.pyc
[7.157s] byte-compiling /home/minarady/ros2_ws/src/install/examples_rclpy_executors/lib/python3.10/site-packages/examples_rclpy_executors/composed.py to composed.cpython-310.pyc
[7.157s] byte-compiling /home/minarady/ros2_ws/src/install/examples_rclpy_executors/lib/python3.10/site-packages/examples_rclpy_executors/talker.py to talker.cpython-310.pyc
[7.157s] byte-compiling /home/minarady/ros2_ws/src/install/examples_rclpy_executors/lib/python3.10/site-packages/examples_rclpy_executors/__init__.py to __init__.cpython-310.pyc
[7.157s] byte-compiling /home/minarady/ros2_ws/src/install/examples_rclpy_executors/lib/python3.10/site-packages/examples_rclpy_executors/custom_executor.py to custom_executor.cpython-310.pyc
[7.157s] byte-compiling /home/minarady/ros2_ws/src/install/examples_rclpy_executors/lib/python3.10/site-packages/examples_rclpy_executors/custom_callback_group.py to custom_callback_group.cpython-310.pyc
[7.157s] running install_data
[7.157s] creating /home/minarady/ros2_ws/src/install/examples_rclpy_executors/share/ament_index
[7.157s] creating /home/minarady/ros2_ws/src/install/examples_rclpy_executors/share/ament_index/resource_index
[7.157s] creating /home/minarady/ros2_ws/src/install/examples_rclpy_executors/share/ament_index/resource_index/packages
[7.157s] copying resource/examples_rclpy_executors -> /home/minarady/ros2_ws/src/install/examples_rclpy_executors/share/ament_index/resource_index/packages
[7.157s] copying package.xml -> /home/minarady/ros2_ws/src/install/examples_rclpy_executors/share/examples_rclpy_executors
[7.157s] running install_egg_info
[7.158s] Copying ../../../build/examples_rclpy_executors/examples_rclpy_executors.egg-info to /home/minarady/ros2_ws/src/install/examples_rclpy_executors/lib/python3.10/site-packages/examples_rclpy_executors-0.15.1-py3.10.egg-info
[7.158s] running install_scripts
[7.158s] Installing callback_group script to /home/minarady/ros2_ws/src/install/examples_rclpy_executors/lib/examples_rclpy_executors
[7.158s] Installing composed script to /home/minarady/ros2_ws/src/install/examples_rclpy_executors/lib/examples_rclpy_executors
[7.158s] Installing custom_callback_group script to /home/minarady/ros2_ws/src/install/examples_rclpy_executors/lib/examples_rclpy_executors
[7.158s] Installing custom_executor script to /home/minarady/ros2_ws/src/install/examples_rclpy_executors/lib/examples_rclpy_executors
[7.158s] Installing listener script to /home/minarady/ros2_ws/src/install/examples_rclpy_executors/lib/examples_rclpy_executors
[7.158s] Installing talker script to /home/minarady/ros2_ws/src/install/examples_rclpy_executors/lib/examples_rclpy_executors
[7.158s] writing list of installed files to '/home/minarady/ros2_ws/src/build/examples_rclpy_executors/install.log'
[7.181s] Invoked command in '/home/minarady/ros2_ws/src/examples/rclpy/executors' returned '0': PYTHONPATH=/home/minarady/ros2_ws/src/install/examples_rclpy_executors/lib/python3.10/site-packages:${PYTHONPATH} /usr/bin/python3 setup.py egg_info --egg-base ../../../build/examples_rclpy_executors build --build-base /home/minarady/ros2_ws/src/build/examples_rclpy_executors/build install --prefix /home/minarady/ros2_ws/src/install/examples_rclpy_executors --record /home/minarady/ros2_ws/src/build/examples_rclpy_executors/install.log --single-version-externally-managed
