[0.292s] Invoking command in '/home/minarady/ros2_ws/src/tx_control': PYTHONPATH=/home/minarady/ros2_ws/src/install/tx_control/lib/python3.10/site-packages:${PYTHONPATH} /usr/bin/python3 setup.py egg_info --egg-base ../build/tx_control build --build-base /home/minarady/ros2_ws/src/build/tx_control/build install --prefix /home/minarady/ros2_ws/src/install/tx_control --record /home/minarady/ros2_ws/src/build/tx_control/install.log --single-version-externally-managed
[0.408s] running egg_info
[0.408s] writing ../build/tx_control/tx_control.egg-info/PKG-INFO
[0.408s] writing dependency_links to ../build/tx_control/tx_control.egg-info/dependency_links.txt
[0.408s] writing entry points to ../build/tx_control/tx_control.egg-info/entry_points.txt
[0.408s] writing requirements to ../build/tx_control/tx_control.egg-info/requires.txt
[0.408s] writing top-level names to ../build/tx_control/tx_control.egg-info/top_level.txt
[0.409s] reading manifest file '../build/tx_control/tx_control.egg-info/SOURCES.txt'
[0.409s] writing manifest file '../build/tx_control/tx_control.egg-info/SOURCES.txt'
[0.409s] running build
[0.410s] running build_py
[0.410s] copying tx_control/publisher_member_function.py -> /home/minarady/ros2_ws/src/build/tx_control/build/lib/tx_control
[0.410s] running install
[0.410s] /usr/lib/python3/dist-packages/setuptools/command/install.py:34: SetuptoolsDeprecationWarning: setup.py install is deprecated. Use build and pip and other standards-based tools.
[0.410s]   warnings.warn(
[0.410s] running install_lib
[0.410s] copying /home/minarady/ros2_ws/src/build/tx_control/build/lib/tx_control/publisher_member_function.py -> /home/minarady/ros2_ws/src/install/tx_control/lib/python3.10/site-packages/tx_control
[0.410s] byte-compiling /home/minarady/ros2_ws/src/install/tx_control/lib/python3.10/site-packages/tx_control/publisher_member_function.py to publisher_member_function.cpython-310.pyc
[0.411s] running install_data
[0.411s] running install_egg_info
[0.412s] removing '/home/minarady/ros2_ws/src/install/tx_control/lib/python3.10/site-packages/tx_control-0.0.0-py3.10.egg-info' (and everything under it)
[0.412s] Copying ../build/tx_control/tx_control.egg-info to /home/minarady/ros2_ws/src/install/tx_control/lib/python3.10/site-packages/tx_control-0.0.0-py3.10.egg-info
[0.412s] running install_scripts
[0.424s] Installing listener script to /home/minarady/ros2_ws/src/install/tx_control/lib/tx_control
[0.424s] Installing talker script to /home/minarady/ros2_ws/src/install/tx_control/lib/tx_control
[0.424s] writing list of installed files to '/home/minarady/ros2_ws/src/build/tx_control/install.log'
[0.436s] Invoked command in '/home/minarady/ros2_ws/src/tx_control' returned '0': PYTHONPATH=/home/minarady/ros2_ws/src/install/tx_control/lib/python3.10/site-packages:${PYTHONPATH} /usr/bin/python3 setup.py egg_info --egg-base ../build/tx_control build --build-base /home/minarady/ros2_ws/src/build/tx_control/build install --prefix /home/minarady/ros2_ws/src/install/tx_control --record /home/minarady/ros2_ws/src/build/tx_control/install.log --single-version-externally-managed
