[2.596s] Invoking command in '/home/minarady/ros2_ws/build/examples_rclpy_executors': PYTHONPATH=/home/minarady/ros2_ws/install/examples_rclpy_executors/lib/python3.10/site-packages:${PYTHONPATH} /usr/bin/python3 setup.py develop --prefix /home/minarady/ros2_ws/install/examples_rclpy_executors --editable --build-directory /home/minarady/ros2_ws/build/examples_rclpy_executors/build --no-deps install_data --install-dir /home/minarady/ros2_ws/install/examples_rclpy_executors
[11.436s] running develop
[11.436s] running egg_info
[11.436s] creating examples_rclpy_executors.egg-info
[11.436s] writing examples_rclpy_executors.egg-info/PKG-INFO
[11.436s] writing dependency_links to examples_rclpy_executors.egg-info/dependency_links.txt
[11.436s] writing entry points to examples_rclpy_executors.egg-info/entry_points.txt
[11.436s] writing requirements to examples_rclpy_executors.egg-info/requires.txt
[11.436s] writing top-level names to examples_rclpy_executors.egg-info/top_level.txt
[11.436s] writing manifest file 'examples_rclpy_executors.egg-info/SOURCES.txt'
[11.436s] reading manifest file 'examples_rclpy_executors.egg-info/SOURCES.txt'
[11.436s] writing manifest file 'examples_rclpy_executors.egg-info/SOURCES.txt'
[11.436s] running build_ext
[11.437s] Creating /home/minarady/ros2_ws/install/examples_rclpy_executors/lib/python3.10/site-packages/examples-rclpy-executors.egg-link (link to .)
[11.437s] Installing callback_group script to /home/minarady/ros2_ws/install/examples_rclpy_executors/lib/examples_rclpy_executors
[11.437s] Installing composed script to /home/minarady/ros2_ws/install/examples_rclpy_executors/lib/examples_rclpy_executors
[11.437s] Installing custom_callback_group script to /home/minarady/ros2_ws/install/examples_rclpy_executors/lib/examples_rclpy_executors
[11.437s] Installing custom_executor script to /home/minarady/ros2_ws/install/examples_rclpy_executors/lib/examples_rclpy_executors
[11.437s] Installing listener script to /home/minarady/ros2_ws/install/examples_rclpy_executors/lib/examples_rclpy_executors
[11.437s] Installing talker script to /home/minarady/ros2_ws/install/examples_rclpy_executors/lib/examples_rclpy_executors
[11.437s] 
[11.437s] Installed /home/minarady/ros2_ws/build/examples_rclpy_executors
[11.437s] running install_data
[11.437s] creating /home/minarady/ros2_ws/install/examples_rclpy_executors/share/ament_index
[11.437s] creating /home/minarady/ros2_ws/install/examples_rclpy_executors/share/ament_index/resource_index
[11.437s] creating /home/minarady/ros2_ws/install/examples_rclpy_executors/share/ament_index/resource_index/packages
[11.437s] copying resource/examples_rclpy_executors -> /home/minarady/ros2_ws/install/examples_rclpy_executors/share/ament_index/resource_index/packages
[11.437s] copying package.xml -> /home/minarady/ros2_ws/install/examples_rclpy_executors/share/examples_rclpy_executors
[11.437s] /usr/lib/python3/dist-packages/setuptools/command/easy_install.py:158: EasyInstallDeprecationWarning: easy_install command is deprecated. Use build and pip and other standards-based tools.
[11.437s]   warnings.warn(
[11.437s] /usr/lib/python3/dist-packages/setuptools/command/install.py:34: SetuptoolsDeprecationWarning: setup.py install is deprecated. Use build and pip and other standards-based tools.
[11.438s]   warnings.warn(
[11.438s] /usr/lib/python3/dist-packages/pkg_resources/__init__.py:116: PkgResourcesDeprecationWarning: 1.1build1 is an invalid version and will not be supported in a future release
[11.438s]   warnings.warn(
[11.438s] /usr/lib/python3/dist-packages/pkg_resources/__init__.py:116: PkgResourcesDeprecationWarning: 0.1.43ubuntu1 is an invalid version and will not be supported in a future release
[11.438s]   warnings.warn(
[11.515s] Invoked command in '/home/minarady/ros2_ws/build/examples_rclpy_executors' returned '0': PYTHONPATH=/home/minarady/ros2_ws/install/examples_rclpy_executors/lib/python3.10/site-packages:${PYTHONPATH} /usr/bin/python3 setup.py develop --prefix /home/minarady/ros2_ws/install/examples_rclpy_executors --editable --build-directory /home/minarady/ros2_ws/build/examples_rclpy_executors/build --no-deps install_data --install-dir /home/minarady/ros2_ws/install/examples_rclpy_executors
