[0.061s] Invoking command in '/home/minarady/ros2_ws/build/examples_rclcpp_minimal_timer': CMAKE_PREFIX_PATH=/opt/ros/humble /usr/bin/cmake --build /home/minarady/ros2_ws/build/examples_rclcpp_minimal_timer -- -j20 -l20
[1.044s] [35m[1mConsolidate compiler generated dependencies of target timer_lambda[0m
[1.044s] [35m[1mConsolidate compiler generated dependencies of target timer_member_function[0m
[1.044s] [ 50%] Built target timer_lambda
[1.044s] [100%] Built target timer_member_function
[1.054s] Invoked command in '/home/minarady/ros2_ws/build/examples_rclcpp_minimal_timer' returned '0': CMAKE_PREFIX_PATH=/opt/ros/humble /usr/bin/cmake --build /home/minarady/ros2_ws/build/examples_rclcpp_minimal_timer -- -j20 -l20
[1.092s] Invoking command in '/home/minarady/ros2_ws/build/examples_rclcpp_minimal_timer': CMAKE_PREFIX_PATH=/opt/ros/humble /usr/bin/cmake --install /home/minarady/ros2_ws/build/examples_rclcpp_minimal_timer
[1.107s] -- Install configuration: ""
[1.107s] -- Execute custom install script
[1.107s] -- Up-to-date symlink: /home/minarady/ros2_ws/install/examples_rclcpp_minimal_timer/lib/examples_rclcpp_minimal_timer/timer_lambda
[1.107s] -- Up-to-date symlink: /home/minarady/ros2_ws/install/examples_rclcpp_minimal_timer/lib/examples_rclcpp_minimal_timer/timer_member_function
[1.107s] -- Up-to-date symlink: /home/minarady/ros2_ws/install/examples_rclcpp_minimal_timer/share/ament_index/resource_index/package_run_dependencies/examples_rclcpp_minimal_timer
[1.107s] -- Up-to-date symlink: /home/minarady/ros2_ws/install/examples_rclcpp_minimal_timer/share/ament_index/resource_index/parent_prefix_path/examples_rclcpp_minimal_timer
[1.107s] -- Up-to-date symlink: /home/minarady/ros2_ws/install/examples_rclcpp_minimal_timer/share/examples_rclcpp_minimal_timer/environment/ament_prefix_path.sh
[1.107s] -- Up-to-date symlink: /home/minarady/ros2_ws/install/examples_rclcpp_minimal_timer/share/examples_rclcpp_minimal_timer/environment/ament_prefix_path.dsv
[1.107s] -- Up-to-date symlink: /home/minarady/ros2_ws/install/examples_rclcpp_minimal_timer/share/examples_rclcpp_minimal_timer/environment/path.sh
[1.108s] -- Up-to-date symlink: /home/minarady/ros2_ws/install/examples_rclcpp_minimal_timer/share/examples_rclcpp_minimal_timer/environment/path.dsv
[1.108s] -- Up-to-date symlink: /home/minarady/ros2_ws/install/examples_rclcpp_minimal_timer/share/examples_rclcpp_minimal_timer/local_setup.bash
[1.108s] -- Up-to-date symlink: /home/minarady/ros2_ws/install/examples_rclcpp_minimal_timer/share/examples_rclcpp_minimal_timer/local_setup.sh
[1.108s] -- Up-to-date symlink: /home/minarady/ros2_ws/install/examples_rclcpp_minimal_timer/share/examples_rclcpp_minimal_timer/local_setup.zsh
[1.108s] -- Up-to-date symlink: /home/minarady/ros2_ws/install/examples_rclcpp_minimal_timer/share/examples_rclcpp_minimal_timer/local_setup.dsv
[1.109s] -- Symlinking: /home/minarady/ros2_ws/install/examples_rclcpp_minimal_timer/share/examples_rclcpp_minimal_timer/package.dsv
[1.112s] -- Up-to-date symlink: /home/minarady/ros2_ws/install/examples_rclcpp_minimal_timer/share/ament_index/resource_index/packages/examples_rclcpp_minimal_timer
[1.112s] -- Up-to-date symlink: /home/minarady/ros2_ws/install/examples_rclcpp_minimal_timer/share/examples_rclcpp_minimal_timer/cmake/examples_rclcpp_minimal_timerConfig.cmake
[1.112s] -- Up-to-date symlink: /home/minarady/ros2_ws/install/examples_rclcpp_minimal_timer/share/examples_rclcpp_minimal_timer/cmake/examples_rclcpp_minimal_timerConfig-version.cmake
[1.112s] -- Up-to-date symlink: /home/minarady/ros2_ws/install/examples_rclcpp_minimal_timer/share/examples_rclcpp_minimal_timer/package.xml
[1.201s] Invoked command in '/home/minarady/ros2_ws/build/examples_rclcpp_minimal_timer' returned '0': CMAKE_PREFIX_PATH=/opt/ros/humble /usr/bin/cmake --install /home/minarady/ros2_ws/build/examples_rclcpp_minimal_timer
