[3.439s] Invoking command in '/home/minarady/ros2_ws/src/examples/rclpy/services/minimal_client': PYTHONPATH=/home/minarady/ros2_ws/src/install/examples_rclpy_minimal_client/lib/python3.10/site-packages:${PYTHONPATH} /usr/bin/python3 setup.py egg_info --egg-base ../../../../build/examples_rclpy_minimal_client build --build-base /home/minarady/ros2_ws/src/build/examples_rclpy_minimal_client/build install --prefix /home/minarady/ros2_ws/src/install/examples_rclpy_minimal_client --record /home/minarady/ros2_ws/src/build/examples_rclpy_minimal_client/install.log --single-version-externally-managed
[7.118s] running egg_info
[7.118s] creating ../../../../build/examples_rclpy_minimal_client/examples_rclpy_minimal_client.egg-info
[7.118s] writing ../../../../build/examples_rclpy_minimal_client/examples_rclpy_minimal_client.egg-info/PKG-INFO
[7.118s] writing dependency_links to ../../../../build/examples_rclpy_minimal_client/examples_rclpy_minimal_client.egg-info/dependency_links.txt
[7.118s] writing entry points to ../../../../build/examples_rclpy_minimal_client/examples_rclpy_minimal_client.egg-info/entry_points.txt
[7.118s] writing requirements to ../../../../build/examples_rclpy_minimal_client/examples_rclpy_minimal_client.egg-info/requires.txt
[7.118s] writing top-level names to ../../../../build/examples_rclpy_minimal_client/examples_rclpy_minimal_client.egg-info/top_level.txt
[7.118s] writing manifest file '../../../../build/examples_rclpy_minimal_client/examples_rclpy_minimal_client.egg-info/SOURCES.txt'
[7.118s] reading manifest file '../../../../build/examples_rclpy_minimal_client/examples_rclpy_minimal_client.egg-info/SOURCES.txt'
[7.119s] writing manifest file '../../../../build/examples_rclpy_minimal_client/examples_rclpy_minimal_client.egg-info/SOURCES.txt'
[7.119s] running build
[7.119s] running build_py
[7.119s] creating /home/minarady/ros2_ws/src/build/examples_rclpy_minimal_client/build
[7.119s] creating /home/minarady/ros2_ws/src/build/examples_rclpy_minimal_client/build/lib
[7.119s] creating /home/minarady/ros2_ws/src/build/examples_rclpy_minimal_client/build/lib/examples_rclpy_minimal_client
[7.119s] copying examples_rclpy_minimal_client/client.py -> /home/minarady/ros2_ws/src/build/examples_rclpy_minimal_client/build/lib/examples_rclpy_minimal_client
[7.119s] copying examples_rclpy_minimal_client/client_async_member_function.py -> /home/minarady/ros2_ws/src/build/examples_rclpy_minimal_client/build/lib/examples_rclpy_minimal_client
[7.119s] copying examples_rclpy_minimal_client/client_async.py -> /home/minarady/ros2_ws/src/build/examples_rclpy_minimal_client/build/lib/examples_rclpy_minimal_client
[7.119s] copying examples_rclpy_minimal_client/__init__.py -> /home/minarady/ros2_ws/src/build/examples_rclpy_minimal_client/build/lib/examples_rclpy_minimal_client
[7.119s] copying examples_rclpy_minimal_client/client_async_callback.py -> /home/minarady/ros2_ws/src/build/examples_rclpy_minimal_client/build/lib/examples_rclpy_minimal_client
[7.119s] running install
[7.119s] running install_lib
[7.119s] creating /home/minarady/ros2_ws/src/install/examples_rclpy_minimal_client/lib/python3.10/site-packages/examples_rclpy_minimal_client
[7.119s] copying /home/minarady/ros2_ws/src/build/examples_rclpy_minimal_client/build/lib/examples_rclpy_minimal_client/client.py -> /home/minarady/ros2_ws/src/install/examples_rclpy_minimal_client/lib/python3.10/site-packages/examples_rclpy_minimal_client
[7.119s] copying /home/minarady/ros2_ws/src/build/examples_rclpy_minimal_client/build/lib/examples_rclpy_minimal_client/client_async_member_function.py -> /home/minarady/ros2_ws/src/install/examples_rclpy_minimal_client/lib/python3.10/site-packages/examples_rclpy_minimal_client
[7.119s] copying /home/minarady/ros2_ws/src/build/examples_rclpy_minimal_client/build/lib/examples_rclpy_minimal_client/client_async.py -> /home/minarady/ros2_ws/src/install/examples_rclpy_minimal_client/lib/python3.10/site-packages/examples_rclpy_minimal_client
[7.119s] copying /home/minarady/ros2_ws/src/build/examples_rclpy_minimal_client/build/lib/examples_rclpy_minimal_client/__init__.py -> /home/minarady/ros2_ws/src/install/examples_rclpy_minimal_client/lib/python3.10/site-packages/examples_rclpy_minimal_client
[7.119s] copying /home/minarady/ros2_ws/src/build/examples_rclpy_minimal_client/build/lib/examples_rclpy_minimal_client/client_async_callback.py -> /home/minarady/ros2_ws/src/install/examples_rclpy_minimal_client/lib/python3.10/site-packages/examples_rclpy_minimal_client
[7.119s] byte-compiling /home/minarady/ros2_ws/src/install/examples_rclpy_minimal_client/lib/python3.10/site-packages/examples_rclpy_minimal_client/client.py to client.cpython-310.pyc
[7.119s] byte-compiling /home/minarady/ros2_ws/src/install/examples_rclpy_minimal_client/lib/python3.10/site-packages/examples_rclpy_minimal_client/client_async_member_function.py to client_async_member_function.cpython-310.pyc
[7.119s] byte-compiling /home/minarady/ros2_ws/src/install/examples_rclpy_minimal_client/lib/python3.10/site-packages/examples_rclpy_minimal_client/client_async.py to client_async.cpython-310.pyc
[7.119s] byte-compiling /home/minarady/ros2_ws/src/install/examples_rclpy_minimal_client/lib/python3.10/site-packages/examples_rclpy_minimal_client/__init__.py to __init__.cpython-310.pyc
[7.119s] byte-compiling /home/minarady/ros2_ws/src/install/examples_rclpy_minimal_client/lib/python3.10/site-packages/examples_rclpy_minimal_client/client_async_callback.py to client_async_callback.cpython-310.pyc
[7.119s] running install_data
[7.119s] creating /home/minarady/ros2_ws/src/install/examples_rclpy_minimal_client/share/ament_index
[7.119s] creating /home/minarady/ros2_ws/src/install/examples_rclpy_minimal_client/share/ament_index/resource_index
[7.119s] creating /home/minarady/ros2_ws/src/install/examples_rclpy_minimal_client/share/ament_index/resource_index/packages
[7.119s] copying resource/examples_rclpy_minimal_client -> /home/minarady/ros2_ws/src/install/examples_rclpy_minimal_client/share/ament_index/resource_index/packages
[7.119s] copying package.xml -> /home/minarady/ros2_ws/src/install/examples_rclpy_minimal_client/share/examples_rclpy_minimal_client
[7.120s] running install_egg_info
[7.120s] Copying ../../../../build/examples_rclpy_minimal_client/examples_rclpy_minimal_client.egg-info to /home/minarady/ros2_ws/src/install/examples_rclpy_minimal_client/lib/python3.10/site-packages/examples_rclpy_minimal_client-0.15.1-py3.10.egg-info
[7.120s] running install_scripts
[7.120s] Installing client script to /home/minarady/ros2_ws/src/install/examples_rclpy_minimal_client/lib/examples_rclpy_minimal_client
[7.120s] Installing client_async script to /home/minarady/ros2_ws/src/install/examples_rclpy_minimal_client/lib/examples_rclpy_minimal_client
[7.120s] Installing client_async_callback script to /home/minarady/ros2_ws/src/install/examples_rclpy_minimal_client/lib/examples_rclpy_minimal_client
[7.120s] Installing client_async_member_function script to /home/minarady/ros2_ws/src/install/examples_rclpy_minimal_client/lib/examples_rclpy_minimal_client
[7.120s] writing list of installed files to '/home/minarady/ros2_ws/src/build/examples_rclpy_minimal_client/install.log'
[7.120s] /usr/lib/python3/dist-packages/setuptools/command/install.py:34: SetuptoolsDeprecationWarning: setup.py install is deprecated. Use build and pip and other standards-based tools.
[7.120s]   warnings.warn(
