[1.565s] Invoking command in '/home/minarady/ros2_ws/build/examples_rclpy_minimal_client': PYTHONPATH=/home/minarady/ros2_ws/install/examples_rclpy_minimal_client/lib/python3.10/site-packages:${PYTHONPATH} /usr/bin/python3 setup.py develop --prefix /home/minarady/ros2_ws/install/examples_rclpy_minimal_client --uninstall --editable --build-directory /home/minarady/ros2_ws/build/examples_rclpy_minimal_client/build
[1.900s] running develop
[1.903s] /usr/lib/python3/dist-packages/setuptools/command/easy_install.py:158: EasyInstallDeprecationWarning: easy_install command is deprecated. Use build and pip and other standards-based tools.
[1.903s]   warnings.warn(
[1.904s] /usr/lib/python3/dist-packages/setuptools/command/install.py:34: SetuptoolsDeprecationWarning: setup.py install is deprecated. Use build and pip and other standards-based tools.
[1.904s]   warnings.warn(
[1.904s] /usr/lib/python3/dist-packages/pkg_resources/__init__.py:116: PkgResourcesDeprecationWarning: 1.1build1 is an invalid version and will not be supported in a future release
[1.904s]   warnings.warn(
[1.904s] /usr/lib/python3/dist-packages/pkg_resources/__init__.py:116: PkgResourcesDeprecationWarning: 0.1.43ubuntu1 is an invalid version and will not be supported in a future release
[1.904s]   warnings.warn(
[1.911s] Invoked command in '/home/minarady/ros2_ws/build/examples_rclpy_minimal_client' returned '0': PYTHONPATH=/home/minarady/ros2_ws/install/examples_rclpy_minimal_client/lib/python3.10/site-packages:${PYTHONPATH} /usr/bin/python3 setup.py develop --prefix /home/minarady/ros2_ws/install/examples_rclpy_minimal_client --uninstall --editable --build-directory /home/minarady/ros2_ws/build/examples_rclpy_minimal_client/build
[1.911s] Invoking command in '/home/minarady/ros2_ws/src/examples/rclpy/services/minimal_client': PYTHONPATH=/home/minarady/ros2_ws/install/examples_rclpy_minimal_client/lib/python3.10/site-packages:${PYTHONPATH} /usr/bin/python3 setup.py egg_info --egg-base ../../../../../build/examples_rclpy_minimal_client build --build-base /home/minarady/ros2_ws/build/examples_rclpy_minimal_client/build install --prefix /home/minarady/ros2_ws/install/examples_rclpy_minimal_client --record /home/minarady/ros2_ws/build/examples_rclpy_minimal_client/install.log --single-version-externally-managed
[2.038s] running egg_info
[2.039s] writing ../../../../../build/examples_rclpy_minimal_client/examples_rclpy_minimal_client.egg-info/PKG-INFO
[2.044s] writing dependency_links to ../../../../../build/examples_rclpy_minimal_client/examples_rclpy_minimal_client.egg-info/dependency_links.txt
[2.045s] writing entry points to ../../../../../build/examples_rclpy_minimal_client/examples_rclpy_minimal_client.egg-info/entry_points.txt
[2.045s] writing requirements to ../../../../../build/examples_rclpy_minimal_client/examples_rclpy_minimal_client.egg-info/requires.txt
[2.045s] writing top-level names to ../../../../../build/examples_rclpy_minimal_client/examples_rclpy_minimal_client.egg-info/top_level.txt
[2.050s] reading manifest file '../../../../../build/examples_rclpy_minimal_client/examples_rclpy_minimal_client.egg-info/SOURCES.txt'
[2.055s] writing manifest file '../../../../../build/examples_rclpy_minimal_client/examples_rclpy_minimal_client.egg-info/SOURCES.txt'
[2.055s] running build
[2.055s] running build_py
[2.056s] creating /home/minarady/ros2_ws/build/examples_rclpy_minimal_client/build
[2.056s] creating /home/minarady/ros2_ws/build/examples_rclpy_minimal_client/build/lib
[2.056s] creating /home/minarady/ros2_ws/build/examples_rclpy_minimal_client/build/lib/examples_rclpy_minimal_client
[2.056s] copying examples_rclpy_minimal_client/client.py -> /home/minarady/ros2_ws/build/examples_rclpy_minimal_client/build/lib/examples_rclpy_minimal_client
[2.056s] copying examples_rclpy_minimal_client/client_async_member_function.py -> /home/minarady/ros2_ws/build/examples_rclpy_minimal_client/build/lib/examples_rclpy_minimal_client
[2.057s] copying examples_rclpy_minimal_client/client_async.py -> /home/minarady/ros2_ws/build/examples_rclpy_minimal_client/build/lib/examples_rclpy_minimal_client
[2.057s] copying examples_rclpy_minimal_client/__init__.py -> /home/minarady/ros2_ws/build/examples_rclpy_minimal_client/build/lib/examples_rclpy_minimal_client
[2.057s] copying examples_rclpy_minimal_client/client_async_callback.py -> /home/minarady/ros2_ws/build/examples_rclpy_minimal_client/build/lib/examples_rclpy_minimal_client
[2.058s] running install
[2.059s] /usr/lib/python3/dist-packages/setuptools/command/install.py:34: SetuptoolsDeprecationWarning: setup.py install is deprecated. Use build and pip and other standards-based tools.
[2.059s]   warnings.warn(
[2.059s] running install_lib
[2.060s] creating /home/minarady/ros2_ws/install/examples_rclpy_minimal_client/lib/python3.10/site-packages/examples_rclpy_minimal_client
[2.060s] copying /home/minarady/ros2_ws/build/examples_rclpy_minimal_client/build/lib/examples_rclpy_minimal_client/client.py -> /home/minarady/ros2_ws/install/examples_rclpy_minimal_client/lib/python3.10/site-packages/examples_rclpy_minimal_client
[2.060s] copying /home/minarady/ros2_ws/build/examples_rclpy_minimal_client/build/lib/examples_rclpy_minimal_client/client_async_member_function.py -> /home/minarady/ros2_ws/install/examples_rclpy_minimal_client/lib/python3.10/site-packages/examples_rclpy_minimal_client
[2.060s] copying /home/minarady/ros2_ws/build/examples_rclpy_minimal_client/build/lib/examples_rclpy_minimal_client/client_async.py -> /home/minarady/ros2_ws/install/examples_rclpy_minimal_client/lib/python3.10/site-packages/examples_rclpy_minimal_client
[2.061s] copying /home/minarady/ros2_ws/build/examples_rclpy_minimal_client/build/lib/examples_rclpy_minimal_client/__init__.py -> /home/minarady/ros2_ws/install/examples_rclpy_minimal_client/lib/python3.10/site-packages/examples_rclpy_minimal_client
[2.061s] copying /home/minarady/ros2_ws/build/examples_rclpy_minimal_client/build/lib/examples_rclpy_minimal_client/client_async_callback.py -> /home/minarady/ros2_ws/install/examples_rclpy_minimal_client/lib/python3.10/site-packages/examples_rclpy_minimal_client
[2.061s] byte-compiling /home/minarady/ros2_ws/install/examples_rclpy_minimal_client/lib/python3.10/site-packages/examples_rclpy_minimal_client/client.py to client.cpython-310.pyc
[2.061s] byte-compiling /home/minarady/ros2_ws/install/examples_rclpy_minimal_client/lib/python3.10/site-packages/examples_rclpy_minimal_client/client_async_member_function.py to client_async_member_function.cpython-310.pyc
[2.062s] byte-compiling /home/minarady/ros2_ws/install/examples_rclpy_minimal_client/lib/python3.10/site-packages/examples_rclpy_minimal_client/client_async.py to client_async.cpython-310.pyc
[2.062s] byte-compiling /home/minarady/ros2_ws/install/examples_rclpy_minimal_client/lib/python3.10/site-packages/examples_rclpy_minimal_client/__init__.py to __init__.cpython-310.pyc
[2.062s] byte-compiling /home/minarady/ros2_ws/install/examples_rclpy_minimal_client/lib/python3.10/site-packages/examples_rclpy_minimal_client/client_async_callback.py to client_async_callback.cpython-310.pyc
[2.062s] running install_data
[2.063s] running install_egg_info
[2.063s] Copying ../../../../../build/examples_rclpy_minimal_client/examples_rclpy_minimal_client.egg-info to /home/minarady/ros2_ws/install/examples_rclpy_minimal_client/lib/python3.10/site-packages/examples_rclpy_minimal_client-0.15.1-py3.10.egg-info
[2.063s] running install_scripts
[2.077s] Installing client script to /home/minarady/ros2_ws/install/examples_rclpy_minimal_client/lib/examples_rclpy_minimal_client
[2.078s] Installing client_async script to /home/minarady/ros2_ws/install/examples_rclpy_minimal_client/lib/examples_rclpy_minimal_client
[2.078s] Installing client_async_callback script to /home/minarady/ros2_ws/install/examples_rclpy_minimal_client/lib/examples_rclpy_minimal_client
[2.078s] Installing client_async_member_function script to /home/minarady/ros2_ws/install/examples_rclpy_minimal_client/lib/examples_rclpy_minimal_client
[2.078s] writing list of installed files to '/home/minarady/ros2_ws/build/examples_rclpy_minimal_client/install.log'
[2.115s] Invoked command in '/home/minarady/ros2_ws/src/examples/rclpy/services/minimal_client' returned '0': PYTHONPATH=/home/minarady/ros2_ws/install/examples_rclpy_minimal_client/lib/python3.10/site-packages:${PYTHONPATH} /usr/bin/python3 setup.py egg_info --egg-base ../../../../../build/examples_rclpy_minimal_client build --build-base /home/minarady/ros2_ws/build/examples_rclpy_minimal_client/build install --prefix /home/minarady/ros2_ws/install/examples_rclpy_minimal_client --record /home/minarady/ros2_ws/build/examples_rclpy_minimal_client/install.log --single-version-externally-managed
