[0.060s] Invoking command in '/home/minarady/ros2_ws/build/examples_rclcpp_minimal_publisher': CMAKE_PREFIX_PATH=/opt/ros/humble /usr/bin/cmake --build /home/minarady/ros2_ws/build/examples_rclcpp_minimal_publisher -- -j20 -l20
[1.093s] [ 16%] Built target publisher_member_function_with_unique_network_flow_endpoints
[1.094s] [ 33%] Built target publisher_lambda
[1.094s] [ 50%] Built target publisher_member_function_with_type_adapter
[1.094s] [ 66%] Built target publisher_wait_for_all_acked
[1.094s] [ 83%] Built target publisher_member_function
[1.094s] [100%] Built target publisher_not_composable
[1.101s] Invoked command in '/home/minarady/ros2_ws/build/examples_rclcpp_minimal_publisher' returned '0': CMAKE_PREFIX_PATH=/opt/ros/humble /usr/bin/cmake --build /home/minarady/ros2_ws/build/examples_rclcpp_minimal_publisher -- -j20 -l20
[1.147s] Invoking command in '/home/minarady/ros2_ws/build/examples_rclcpp_minimal_publisher': CMAKE_PREFIX_PATH=/opt/ros/humble /usr/bin/cmake --install /home/minarady/ros2_ws/build/examples_rclcpp_minimal_publisher
[1.165s] -- Install configuration: ""
[1.165s] -- Execute custom install script
[1.165s] -- Up-to-date symlink: /home/minarady/ros2_ws/install/examples_rclcpp_minimal_publisher/lib/examples_rclcpp_minimal_publisher/publisher_lambda
[1.165s] -- Up-to-date symlink: /home/minarady/ros2_ws/install/examples_rclcpp_minimal_publisher/lib/examples_rclcpp_minimal_publisher/publisher_member_function
[1.165s] -- Up-to-date symlink: /home/minarady/ros2_ws/install/examples_rclcpp_minimal_publisher/lib/examples_rclcpp_minimal_publisher/publisher_member_function_with_type_adapter
[1.165s] -- Up-to-date symlink: /home/minarady/ros2_ws/install/examples_rclcpp_minimal_publisher/lib/examples_rclcpp_minimal_publisher/publisher_member_function_with_unique_network_flow_endpoints
[1.165s] -- Up-to-date symlink: /home/minarady/ros2_ws/install/examples_rclcpp_minimal_publisher/lib/examples_rclcpp_minimal_publisher/publisher_wait_for_all_acked
[1.166s] -- Up-to-date symlink: /home/minarady/ros2_ws/install/examples_rclcpp_minimal_publisher/lib/examples_rclcpp_minimal_publisher/publisher_not_composable
[1.168s] -- Up-to-date symlink: /home/minarady/ros2_ws/install/examples_rclcpp_minimal_publisher/share/ament_index/resource_index/package_run_dependencies/examples_rclcpp_minimal_publisher
[1.168s] -- Up-to-date symlink: /home/minarady/ros2_ws/install/examples_rclcpp_minimal_publisher/share/ament_index/resource_index/parent_prefix_path/examples_rclcpp_minimal_publisher
[1.169s] -- Up-to-date symlink: /home/minarady/ros2_ws/install/examples_rclcpp_minimal_publisher/share/examples_rclcpp_minimal_publisher/environment/ament_prefix_path.sh
[1.169s] -- Up-to-date symlink: /home/minarady/ros2_ws/install/examples_rclcpp_minimal_publisher/share/examples_rclcpp_minimal_publisher/environment/ament_prefix_path.dsv
[1.170s] -- Up-to-date symlink: /home/minarady/ros2_ws/install/examples_rclcpp_minimal_publisher/share/examples_rclcpp_minimal_publisher/environment/path.sh
[1.170s] -- Up-to-date symlink: /home/minarady/ros2_ws/install/examples_rclcpp_minimal_publisher/share/examples_rclcpp_minimal_publisher/environment/path.dsv
[1.170s] -- Up-to-date symlink: /home/minarady/ros2_ws/install/examples_rclcpp_minimal_publisher/share/examples_rclcpp_minimal_publisher/local_setup.bash
[1.170s] -- Up-to-date symlink: /home/minarady/ros2_ws/install/examples_rclcpp_minimal_publisher/share/examples_rclcpp_minimal_publisher/local_setup.sh
[1.170s] -- Up-to-date symlink: /home/minarady/ros2_ws/install/examples_rclcpp_minimal_publisher/share/examples_rclcpp_minimal_publisher/local_setup.zsh
[1.170s] -- Up-to-date symlink: /home/minarady/ros2_ws/install/examples_rclcpp_minimal_publisher/share/examples_rclcpp_minimal_publisher/local_setup.dsv
[1.171s] -- Symlinking: /home/minarady/ros2_ws/install/examples_rclcpp_minimal_publisher/share/examples_rclcpp_minimal_publisher/package.dsv
[1.174s] -- Up-to-date symlink: /home/minarady/ros2_ws/install/examples_rclcpp_minimal_publisher/share/ament_index/resource_index/packages/examples_rclcpp_minimal_publisher
[1.175s] -- Up-to-date symlink: /home/minarady/ros2_ws/install/examples_rclcpp_minimal_publisher/share/examples_rclcpp_minimal_publisher/cmake/examples_rclcpp_minimal_publisherConfig.cmake
[1.175s] -- Up-to-date symlink: /home/minarady/ros2_ws/install/examples_rclcpp_minimal_publisher/share/examples_rclcpp_minimal_publisher/cmake/examples_rclcpp_minimal_publisherConfig-version.cmake
[1.175s] -- Up-to-date symlink: /home/minarady/ros2_ws/install/examples_rclcpp_minimal_publisher/share/examples_rclcpp_minimal_publisher/package.xml
[1.285s] Invoked command in '/home/minarady/ros2_ws/build/examples_rclcpp_minimal_publisher' returned '0': CMAKE_PREFIX_PATH=/opt/ros/humble /usr/bin/cmake --install /home/minarady/ros2_ws/build/examples_rclcpp_minimal_publisher
