[0.065s] Invoking command in '/home/minarady/ros2_ws/build/examples_rclcpp_cbg_executor': CMAKE_PREFIX_PATH=/opt/ros/humble /usr/bin/cmake /home/minarady/ros2_ws/src/examples/rclcpp/executors/cbg_executor -DAMENT_CMAKE_SYMLINK_INSTALL=1 -DCMAKE_INSTALL_PREFIX=/home/minarady/ros2_ws/install/examples_rclcpp_cbg_executor
[1.352s] -- The C compiler identification is GNU 11.3.0
[1.354s] -- The CXX compiler identification is GNU 11.3.0
[1.354s] -- Detecting C compiler ABI info
[1.354s] -- Detecting C compiler ABI info - done
[1.355s] -- Check for working C compiler: /usr/bin/cc - skipped
[1.355s] -- Detecting C compile features
[1.355s] -- Detecting C compile features - done
[1.356s] -- Detecting CXX compiler ABI info
[1.356s] -- Detecting CXX compiler ABI info - done
[1.356s] -- Check for working CXX compiler: /usr/bin/c++ - skipped
[1.356s] -- Detecting CXX compile features
[1.357s] -- Detecting CXX compile features - done
[1.357s] -- Found ament_cmake: 1.3.2 (/opt/ros/humble/share/ament_cmake/cmake)
[1.357s] -- Found Python3: /usr/bin/python3.10 (found version "3.10.6") found components: Interpreter 
[1.357s] -- Override CMake install command with custom implementation using symlinks instead of copying resources
[1.358s] -- Found rclcpp: 16.0.1 (/opt/ros/humble/share/rclcpp/cmake)
[1.358s] -- Found rosidl_generator_c: 3.1.3 (/opt/ros/humble/share/rosidl_generator_c/cmake)
[1.358s] -- Found rosidl_adapter: 3.1.3 (/opt/ros/humble/share/rosidl_adapter/cmake)
[1.359s] -- Found rosidl_generator_cpp: 3.1.3 (/opt/ros/humble/share/rosidl_generator_cpp/cmake)
[1.359s] -- Using all available rosidl_typesupport_c: rosidl_typesupport_fastrtps_c;rosidl_typesupport_introspection_c
[1.359s] -- Using all available rosidl_typesupport_cpp: rosidl_typesupport_fastrtps_cpp;rosidl_typesupport_introspection_cpp
[1.359s] -- Found rmw_implementation_cmake: 6.1.0 (/opt/ros/humble/share/rmw_implementation_cmake/cmake)
[1.359s] -- Found rmw_fastrtps_cpp: 6.2.1 (/opt/ros/humble/share/rmw_fastrtps_cpp/cmake)
[1.359s] -- Found OpenSSL: /usr/lib/x86_64-linux-gnu/libcrypto.so (found version "3.0.2")  
[1.359s] -- Found FastRTPS: /opt/ros/humble/include  
[1.360s] -- Using RMW implementation 'rmw_fastrtps_cpp' as default
[1.360s] -- Found ament_lint_auto: 0.12.4 (/opt/ros/humble/share/ament_lint_auto/cmake)
[1.360s] -- Added test 'copyright' to check source files copyright and LICENSE
[1.360s] -- Added test 'cppcheck' to perform static code analysis on C / C++ code
[1.360s] -- Configured cppcheck include dirs: /home/minarady/ros2_ws/src/examples/rclcpp/executors/cbg_executor/include
[1.360s] -- Configured cppcheck exclude dirs and/or files: 
[1.360s] -- Added test 'cpplint' to check C / C++ code against the Google style
[1.360s] -- Configured cpplint exclude dirs and/or files: 
[1.360s] -- Added test 'lint_cmake' to check CMake code style
[1.360s] -- Added test 'uncrustify' to check C / C++ code style
[1.360s] -- Configured uncrustify additional arguments: 
[1.360s] -- Added test 'xmllint' to check XML markup files
[1.360s] -- Configuring done
[1.361s] -- Generating done
[1.361s] -- Build files have been written to: /home/minarady/ros2_ws/build/examples_rclcpp_cbg_executor
[1.395s] Invoked command in '/home/minarady/ros2_ws/build/examples_rclcpp_cbg_executor' returned '0': CMAKE_PREFIX_PATH=/opt/ros/humble /usr/bin/cmake /home/minarady/ros2_ws/src/examples/rclcpp/executors/cbg_executor -DAMENT_CMAKE_SYMLINK_INSTALL=1 -DCMAKE_INSTALL_PREFIX=/home/minarady/ros2_ws/install/examples_rclcpp_cbg_executor
[1.395s] Invoking command in '/home/minarady/ros2_ws/build/examples_rclcpp_cbg_executor': CMAKE_PREFIX_PATH=/opt/ros/humble /usr/bin/cmake --build /home/minarady/ros2_ws/build/examples_rclcpp_cbg_executor -- -j20 -l20
[1.401s] [ 10%] [32mBuilding CXX object CMakeFiles/pong.dir/src/examples_rclcpp_cbg_executor/pong_node.cpp.o[0m
[1.401s] [ 30%] [32mBuilding CXX object CMakeFiles/pong.dir/src/pong.cpp.o[0m
[1.401s] [ 30%] [32mBuilding CXX object CMakeFiles/ping.dir/src/ping.cpp.o[0m
[1.401s] [ 40%] [32mBuilding CXX object CMakeFiles/ping_pong.dir/src/ping_pong.cpp.o[0m
[1.402s] [ 50%] [32mBuilding CXX object CMakeFiles/ping.dir/src/examples_rclcpp_cbg_executor/ping_node.cpp.o[0m
[1.402s] [ 60%] [32mBuilding CXX object CMakeFiles/ping_pong.dir/src/examples_rclcpp_cbg_executor/ping_node.cpp.o[0m
[1.402s] [ 70%] [32mBuilding CXX object CMakeFiles/ping_pong.dir/src/examples_rclcpp_cbg_executor/pong_node.cpp.o[0m
[14.525s] [ 80%] [32m[1mLinking CXX executable pong[0m
[15.052s] [ 80%] Built target pong
[19.618s] [ 90%] [32m[1mLinking CXX executable ping_pong[0m
[19.761s] [100%] [32m[1mLinking CXX executable ping[0m
[20.247s] [100%] Built target ping
[20.360s] [100%] Built target ping_pong
[20.370s] Invoked command in '/home/minarady/ros2_ws/build/examples_rclcpp_cbg_executor' returned '0': CMAKE_PREFIX_PATH=/opt/ros/humble /usr/bin/cmake --build /home/minarady/ros2_ws/build/examples_rclcpp_cbg_executor -- -j20 -l20
[20.398s] Invoking command in '/home/minarady/ros2_ws/build/examples_rclcpp_cbg_executor': CMAKE_PREFIX_PATH=/opt/ros/humble /usr/bin/cmake --install /home/minarady/ros2_ws/build/examples_rclcpp_cbg_executor
[20.404s] -- Install configuration: ""
[20.405s] -- Execute custom install script
[20.405s] -- Symlinking: /home/minarady/ros2_ws/install/examples_rclcpp_cbg_executor/lib/examples_rclcpp_cbg_executor/ping
[20.413s] -- Symlinking: /home/minarady/ros2_ws/install/examples_rclcpp_cbg_executor/lib/examples_rclcpp_cbg_executor/pong
[20.420s] -- Symlinking: /home/minarady/ros2_ws/install/examples_rclcpp_cbg_executor/lib/examples_rclcpp_cbg_executor/ping_pong
[20.429s] -- Symlinking: /home/minarady/ros2_ws/install/examples_rclcpp_cbg_executor/include/examples_rclcpp_cbg_executor/ping_node.hpp
[20.435s] -- Symlinking: /home/minarady/ros2_ws/install/examples_rclcpp_cbg_executor/include/examples_rclcpp_cbg_executor/pong_node.hpp
[20.443s] -- Symlinking: /home/minarady/ros2_ws/install/examples_rclcpp_cbg_executor/share/ament_index/resource_index/package_run_dependencies/examples_rclcpp_cbg_executor
[20.451s] -- Symlinking: /home/minarady/ros2_ws/install/examples_rclcpp_cbg_executor/share/ament_index/resource_index/parent_prefix_path/examples_rclcpp_cbg_executor
[20.459s] -- Symlinking: /home/minarady/ros2_ws/install/examples_rclcpp_cbg_executor/share/examples_rclcpp_cbg_executor/environment/ament_prefix_path.sh
[20.467s] -- Symlinking: /home/minarady/ros2_ws/install/examples_rclcpp_cbg_executor/share/examples_rclcpp_cbg_executor/environment/ament_prefix_path.dsv
[20.475s] -- Symlinking: /home/minarady/ros2_ws/install/examples_rclcpp_cbg_executor/share/examples_rclcpp_cbg_executor/environment/path.sh
[20.483s] -- Symlinking: /home/minarady/ros2_ws/install/examples_rclcpp_cbg_executor/share/examples_rclcpp_cbg_executor/environment/path.dsv
[20.491s] -- Symlinking: /home/minarady/ros2_ws/install/examples_rclcpp_cbg_executor/share/examples_rclcpp_cbg_executor/local_setup.bash
[20.498s] -- Symlinking: /home/minarady/ros2_ws/install/examples_rclcpp_cbg_executor/share/examples_rclcpp_cbg_executor/local_setup.sh
[20.506s] -- Symlinking: /home/minarady/ros2_ws/install/examples_rclcpp_cbg_executor/share/examples_rclcpp_cbg_executor/local_setup.zsh
[20.513s] -- Symlinking: /home/minarady/ros2_ws/install/examples_rclcpp_cbg_executor/share/examples_rclcpp_cbg_executor/local_setup.dsv
[20.521s] -- Symlinking: /home/minarady/ros2_ws/install/examples_rclcpp_cbg_executor/share/examples_rclcpp_cbg_executor/package.dsv
[20.529s] -- Symlinking: /home/minarady/ros2_ws/install/examples_rclcpp_cbg_executor/share/ament_index/resource_index/packages/examples_rclcpp_cbg_executor
[20.537s] -- Symlinking: /home/minarady/ros2_ws/install/examples_rclcpp_cbg_executor/share/examples_rclcpp_cbg_executor/cmake/ament_cmake_export_dependencies-extras.cmake
[20.545s] -- Symlinking: /home/minarady/ros2_ws/install/examples_rclcpp_cbg_executor/share/examples_rclcpp_cbg_executor/cmake/examples_rclcpp_cbg_executorConfig.cmake
[20.553s] -- Symlinking: /home/minarady/ros2_ws/install/examples_rclcpp_cbg_executor/share/examples_rclcpp_cbg_executor/cmake/examples_rclcpp_cbg_executorConfig-version.cmake
[20.560s] -- Symlinking: /home/minarady/ros2_ws/install/examples_rclcpp_cbg_executor/share/examples_rclcpp_cbg_executor/package.xml
[20.572s] Invoked command in '/home/minarady/ros2_ws/build/examples_rclcpp_cbg_executor' returned '0': CMAKE_PREFIX_PATH=/opt/ros/humble /usr/bin/cmake --install /home/minarady/ros2_ws/build/examples_rclcpp_cbg_executor
