[8.727s] Invoking command in '/home/minarady/ros2_ws/src/examples/rclpy/executors': PYTHONPATH=/home/minarady/ros2_ws/src/install/examples_rclpy_executors/lib/python3.10/site-packages:${PYTHONPATH} /usr/bin/python3 setup.py egg_info --egg-base ../../../build/examples_rclpy_executors build --build-base /home/minarady/ros2_ws/src/build/examples_rclpy_executors/build install --prefix /home/minarady/ros2_ws/src/install/examples_rclpy_executors --record /home/minarady/ros2_ws/src/build/examples_rclpy_executors/install.log --single-version-externally-managed
[11.923s] running egg_info
[11.924s] writing ../../../build/examples_rclpy_executors/examples_rclpy_executors.egg-info/PKG-INFO
[11.924s] writing dependency_links to ../../../build/examples_rclpy_executors/examples_rclpy_executors.egg-info/dependency_links.txt
[11.924s] writing entry points to ../../../build/examples_rclpy_executors/examples_rclpy_executors.egg-info/entry_points.txt
[11.924s] writing requirements to ../../../build/examples_rclpy_executors/examples_rclpy_executors.egg-info/requires.txt
[11.924s] writing top-level names to ../../../build/examples_rclpy_executors/examples_rclpy_executors.egg-info/top_level.txt
[11.924s] reading manifest file '../../../build/examples_rclpy_executors/examples_rclpy_executors.egg-info/SOURCES.txt'
[11.924s] writing manifest file '../../../build/examples_rclpy_executors/examples_rclpy_executors.egg-info/SOURCES.txt'
[11.924s] running build
[11.924s] running build_py
[11.924s] running install
[11.924s] running install_lib
[11.925s] running install_data
[11.925s] running install_egg_info
[11.925s] removing '/home/minarady/ros2_ws/src/install/examples_rclpy_executors/lib/python3.10/site-packages/examples_rclpy_executors-0.15.1-py3.10.egg-info' (and everything under it)
[11.925s] Copying ../../../build/examples_rclpy_executors/examples_rclpy_executors.egg-info to /home/minarady/ros2_ws/src/install/examples_rclpy_executors/lib/python3.10/site-packages/examples_rclpy_executors-0.15.1-py3.10.egg-info
[11.925s] running install_scripts
[11.925s] Installing callback_group script to /home/minarady/ros2_ws/src/install/examples_rclpy_executors/lib/examples_rclpy_executors
[11.925s] Installing composed script to /home/minarady/ros2_ws/src/install/examples_rclpy_executors/lib/examples_rclpy_executors
[11.925s] Installing custom_callback_group script to /home/minarady/ros2_ws/src/install/examples_rclpy_executors/lib/examples_rclpy_executors
[11.925s] Installing custom_executor script to /home/minarady/ros2_ws/src/install/examples_rclpy_executors/lib/examples_rclpy_executors
[11.925s] Installing listener script to /home/minarady/ros2_ws/src/install/examples_rclpy_executors/lib/examples_rclpy_executors
[11.925s] Installing talker script to /home/minarady/ros2_ws/src/install/examples_rclpy_executors/lib/examples_rclpy_executors
[11.925s] writing list of installed files to '/home/minarady/ros2_ws/src/build/examples_rclpy_executors/install.log'
[11.926s] /usr/lib/python3/dist-packages/setuptools/command/install.py:34: SetuptoolsDeprecationWarning: setup.py install is deprecated. Use build and pip and other standards-based tools.
[11.926s]   warnings.warn(
[12.104s] Invoked command in '/home/minarady/ros2_ws/src/examples/rclpy/executors' returned '0': PYTHONPATH=/home/minarady/ros2_ws/src/install/examples_rclpy_executors/lib/python3.10/site-packages:${PYTHONPATH} /usr/bin/python3 setup.py egg_info --egg-base ../../../build/examples_rclpy_executors build --build-base /home/minarady/ros2_ws/src/build/examples_rclpy_executors/build install --prefix /home/minarady/ros2_ws/src/install/examples_rclpy_executors --record /home/minarady/ros2_ws/src/build/examples_rclpy_executors/install.log --single-version-externally-managed
