[3.483s] Invoking command in '/home/minarady/ros2_ws/src/tx_control': PYTHONPATH=/home/minarady/ros2_ws/src/install/tx_control/lib/python3.10/site-packages:${PYTHONPATH} /usr/bin/python3 setup.py egg_info --egg-base ../build/tx_control build --build-base /home/minarady/ros2_ws/src/build/tx_control/build install --prefix /home/minarady/ros2_ws/src/install/tx_control --record /home/minarady/ros2_ws/src/build/tx_control/install.log --single-version-externally-managed
[3.819s] running egg_info
[3.820s] writing ../build/tx_control/tx_control.egg-info/PKG-INFO
[3.821s] writing dependency_links to ../build/tx_control/tx_control.egg-info/dependency_links.txt
[3.821s] writing entry points to ../build/tx_control/tx_control.egg-info/entry_points.txt
[3.821s] writing requirements to ../build/tx_control/tx_control.egg-info/requires.txt
[3.821s] writing top-level names to ../build/tx_control/tx_control.egg-info/top_level.txt
[3.824s] reading manifest file '../build/tx_control/tx_control.egg-info/SOURCES.txt'
[3.826s] writing manifest file '../build/tx_control/tx_control.egg-info/SOURCES.txt'
[3.826s] running build
[3.826s] running build_py
[3.828s] copying tx_control/subscriber_member_function.py -> /home/minarady/ros2_ws/src/build/tx_control/build/lib/tx_control
[3.828s] running install
[3.828s] /usr/lib/python3/dist-packages/setuptools/command/install.py:34: SetuptoolsDeprecationWarning: setup.py install is deprecated. Use build and pip and other standards-based tools.
[3.828s]   warnings.warn(
[3.829s] running install_lib
[3.846s] copying /home/minarady/ros2_ws/src/build/tx_control/build/lib/tx_control/subscriber_member_function.py -> /home/minarady/ros2_ws/src/install/tx_control/lib/python3.10/site-packages/tx_control
[3.848s] byte-compiling /home/minarady/ros2_ws/src/install/tx_control/lib/python3.10/site-packages/tx_control/subscriber_member_function.py to subscriber_member_function.cpython-310.pyc
[3.849s] running install_data
[3.851s] running install_egg_info
[3.853s] removing '/home/minarady/ros2_ws/src/install/tx_control/lib/python3.10/site-packages/tx_control-0.0.0-py3.10.egg-info' (and everything under it)
[3.853s] Copying ../build/tx_control/tx_control.egg-info to /home/minarady/ros2_ws/src/install/tx_control/lib/python3.10/site-packages/tx_control-0.0.0-py3.10.egg-info
[3.855s] running install_scripts
[3.886s] Installing listener script to /home/minarady/ros2_ws/src/install/tx_control/lib/tx_control
[3.886s] Installing talker script to /home/minarady/ros2_ws/src/install/tx_control/lib/tx_control
[3.887s] writing list of installed files to '/home/minarady/ros2_ws/src/build/tx_control/install.log'
[3.957s] Invoked command in '/home/minarady/ros2_ws/src/tx_control' returned '0': PYTHONPATH=/home/minarady/ros2_ws/src/install/tx_control/lib/python3.10/site-packages:${PYTHONPATH} /usr/bin/python3 setup.py egg_info --egg-base ../build/tx_control build --build-base /home/minarady/ros2_ws/src/build/tx_control/build install --prefix /home/minarady/ros2_ws/src/install/tx_control --record /home/minarady/ros2_ws/src/build/tx_control/install.log --single-version-externally-managed
