[1.366s] Invoking command in '/home/minarady/ros2_ws/build/examples_rclpy_executors': PYTHONPATH=/home/minarady/ros2_ws/install/examples_rclpy_executors/lib/python3.10/site-packages:${PYTHONPATH} /usr/bin/python3 setup.py develop --prefix /home/minarady/ros2_ws/install/examples_rclpy_executors --editable --build-directory /home/minarady/ros2_ws/build/examples_rclpy_executors/build --no-deps install_data --install-dir /home/minarady/ros2_ws/install/examples_rclpy_executors
[1.498s] running develop
[1.499s] /usr/lib/python3/dist-packages/setuptools/command/easy_install.py:158: EasyInstallDeprecationWarning: easy_install command is deprecated. Use build and pip and other standards-based tools.
[1.499s]   warnings.warn(
[1.499s] /usr/lib/python3/dist-packages/setuptools/command/install.py:34: SetuptoolsDeprecationWarning: setup.py install is deprecated. Use build and pip and other standards-based tools.
[1.499s]   warnings.warn(
[1.528s] /usr/lib/python3/dist-packages/pkg_resources/__init__.py:116: PkgResourcesDeprecationWarning: 1.1build1 is an invalid version and will not be supported in a future release
[1.528s]   warnings.warn(
[1.528s] /usr/lib/python3/dist-packages/pkg_resources/__init__.py:116: PkgResourcesDeprecationWarning: 0.1.43ubuntu1 is an invalid version and will not be supported in a future release
[1.528s]   warnings.warn(
[1.577s] running egg_info
[1.577s] writing examples_rclpy_executors.egg-info/PKG-INFO
[1.578s] writing dependency_links to examples_rclpy_executors.egg-info/dependency_links.txt
[1.578s] writing entry points to examples_rclpy_executors.egg-info/entry_points.txt
[1.578s] writing requirements to examples_rclpy_executors.egg-info/requires.txt
[1.578s] writing top-level names to examples_rclpy_executors.egg-info/top_level.txt
[1.579s] reading manifest file 'examples_rclpy_executors.egg-info/SOURCES.txt'
[1.579s] writing manifest file 'examples_rclpy_executors.egg-info/SOURCES.txt'
[1.580s] running build_ext
[1.580s] Creating /home/minarady/ros2_ws/install/examples_rclpy_executors/lib/python3.10/site-packages/examples-rclpy-executors.egg-link (link to .)
[1.581s] Installing callback_group script to /home/minarady/ros2_ws/install/examples_rclpy_executors/lib/examples_rclpy_executors
[1.581s] Installing composed script to /home/minarady/ros2_ws/install/examples_rclpy_executors/lib/examples_rclpy_executors
[1.581s] Installing custom_callback_group script to /home/minarady/ros2_ws/install/examples_rclpy_executors/lib/examples_rclpy_executors
[1.581s] Installing custom_executor script to /home/minarady/ros2_ws/install/examples_rclpy_executors/lib/examples_rclpy_executors
[1.581s] Installing listener script to /home/minarady/ros2_ws/install/examples_rclpy_executors/lib/examples_rclpy_executors
[1.581s] Installing talker script to /home/minarady/ros2_ws/install/examples_rclpy_executors/lib/examples_rclpy_executors
[1.581s] 
[1.581s] Installed /home/minarady/ros2_ws/build/examples_rclpy_executors
[1.581s] running install_data
[1.780s] Invoked command in '/home/minarady/ros2_ws/build/examples_rclpy_executors' returned '0': PYTHONPATH=/home/minarady/ros2_ws/install/examples_rclpy_executors/lib/python3.10/site-packages:${PYTHONPATH} /usr/bin/python3 setup.py develop --prefix /home/minarady/ros2_ws/install/examples_rclpy_executors --editable --build-directory /home/minarady/ros2_ws/build/examples_rclpy_executors/build --no-deps install_data --install-dir /home/minarady/ros2_ws/install/examples_rclpy_executors
