[0.079s] Invoking command in '/home/minarady/ros2_ws/src/build/examples_rclcpp_minimal_action_server': CMAKE_PREFIX_PATH=${CMAKE_PREFIX_PATH}:/home/minarady/ros2_ws/install/tx_control:/home/minarady/ros2_ws/install/launch_testing_examples:/home/minarady/ros2_ws/install/examples_rclpy_pointcloud_publisher:/home/minarady/ros2_ws/install/examples_rclpy_minimal_subscriber:/home/minarady/ros2_ws/install/examples_rclpy_minimal_service:/home/minarady/ros2_ws/install/examples_rclpy_minimal_publisher:/home/minarady/ros2_ws/install/examples_rclpy_minimal_client:/home/minarady/ros2_ws/install/examples_rclpy_minimal_action_server:/home/minarady/ros2_ws/install/examples_rclpy_minimal_action_client:/home/minarady/ros2_ws/install/examples_rclpy_guard_conditions:/home/minarady/ros2_ws/install/examples_rclpy_executors:/opt/ros/humble /usr/bin/cmake --build /home/minarady/ros2_ws/src/build/examples_rclcpp_minimal_action_server -- -j20 -l20
[7.154s] [ 25%] [32mBuilding CXX object CMakeFiles/action_server_member_functions.dir/member_functions.cpp.o[0m
[7.154s] [ 50%] [32mBuilding CXX object CMakeFiles/action_server_not_composable.dir/not_composable.cpp.o[0m
[11.814s] [ 75%] [32m[1mLinking CXX executable action_server_not_composable[0m
[12.439s] [ 75%] Built target action_server_not_composable
[14.833s] [100%] [32m[1mLinking CXX executable action_server_member_functions[0m
[15.125s] [100%] Built target action_server_member_functions
[15.148s] Invoked command in '/home/minarady/ros2_ws/src/build/examples_rclcpp_minimal_action_server' returned '0': CMAKE_PREFIX_PATH=${CMAKE_PREFIX_PATH}:/home/minarady/ros2_ws/install/tx_control:/home/minarady/ros2_ws/install/launch_testing_examples:/home/minarady/ros2_ws/install/examples_rclpy_pointcloud_publisher:/home/minarady/ros2_ws/install/examples_rclpy_minimal_subscriber:/home/minarady/ros2_ws/install/examples_rclpy_minimal_service:/home/minarady/ros2_ws/install/examples_rclpy_minimal_publisher:/home/minarady/ros2_ws/install/examples_rclpy_minimal_client:/home/minarady/ros2_ws/install/examples_rclpy_minimal_action_server:/home/minarady/ros2_ws/install/examples_rclpy_minimal_action_client:/home/minarady/ros2_ws/install/examples_rclpy_guard_conditions:/home/minarady/ros2_ws/install/examples_rclpy_executors:/opt/ros/humble /usr/bin/cmake --build /home/minarady/ros2_ws/src/build/examples_rclcpp_minimal_action_server -- -j20 -l20
[15.638s] Invoking command in '/home/minarady/ros2_ws/src/build/examples_rclcpp_minimal_action_server': CMAKE_PREFIX_PATH=${CMAKE_PREFIX_PATH}:/home/minarady/ros2_ws/install/tx_control:/home/minarady/ros2_ws/install/launch_testing_examples:/home/minarady/ros2_ws/install/examples_rclpy_pointcloud_publisher:/home/minarady/ros2_ws/install/examples_rclpy_minimal_subscriber:/home/minarady/ros2_ws/install/examples_rclpy_minimal_service:/home/minarady/ros2_ws/install/examples_rclpy_minimal_publisher:/home/minarady/ros2_ws/install/examples_rclpy_minimal_client:/home/minarady/ros2_ws/install/examples_rclpy_minimal_action_server:/home/minarady/ros2_ws/install/examples_rclpy_minimal_action_client:/home/minarady/ros2_ws/install/examples_rclpy_guard_conditions:/home/minarady/ros2_ws/install/examples_rclpy_executors:/opt/ros/humble /usr/bin/cmake --install /home/minarady/ros2_ws/src/build/examples_rclcpp_minimal_action_server
[15.663s] -- Install configuration: ""
[15.663s] -- Installing: /home/minarady/ros2_ws/src/install/examples_rclcpp_minimal_action_server/lib/examples_rclcpp_minimal_action_server/action_server_not_composable
[15.663s] -- Set runtime path of "/home/minarady/ros2_ws/src/install/examples_rclcpp_minimal_action_server/lib/examples_rclcpp_minimal_action_server/action_server_not_composable" to ""
[15.663s] -- Installing: /home/minarady/ros2_ws/src/install/examples_rclcpp_minimal_action_server/lib/examples_rclcpp_minimal_action_server/action_server_member_functions
[15.663s] -- Set runtime path of "/home/minarady/ros2_ws/src/install/examples_rclcpp_minimal_action_server/lib/examples_rclcpp_minimal_action_server/action_server_member_functions" to ""
[15.663s] -- Installing: /home/minarady/ros2_ws/src/install/examples_rclcpp_minimal_action_server/share/ament_index/resource_index/package_run_dependencies/examples_rclcpp_minimal_action_server
[15.663s] -- Installing: /home/minarady/ros2_ws/src/install/examples_rclcpp_minimal_action_server/share/ament_index/resource_index/parent_prefix_path/examples_rclcpp_minimal_action_server
[15.664s] -- Installing: /home/minarady/ros2_ws/src/install/examples_rclcpp_minimal_action_server/share/examples_rclcpp_minimal_action_server/environment/ament_prefix_path.sh
[15.664s] -- Installing: /home/minarady/ros2_ws/src/install/examples_rclcpp_minimal_action_server/share/examples_rclcpp_minimal_action_server/environment/ament_prefix_path.dsv
[15.664s] -- Installing: /home/minarady/ros2_ws/src/install/examples_rclcpp_minimal_action_server/share/examples_rclcpp_minimal_action_server/environment/path.sh
[15.664s] -- Installing: /home/minarady/ros2_ws/src/install/examples_rclcpp_minimal_action_server/share/examples_rclcpp_minimal_action_server/environment/path.dsv
[15.664s] -- Installing: /home/minarady/ros2_ws/src/install/examples_rclcpp_minimal_action_server/share/examples_rclcpp_minimal_action_server/local_setup.bash
[15.664s] -- Installing: /home/minarady/ros2_ws/src/install/examples_rclcpp_minimal_action_server/share/examples_rclcpp_minimal_action_server/local_setup.sh
[15.664s] -- Installing: /home/minarady/ros2_ws/src/install/examples_rclcpp_minimal_action_server/share/examples_rclcpp_minimal_action_server/local_setup.zsh
[15.664s] -- Installing: /home/minarady/ros2_ws/src/install/examples_rclcpp_minimal_action_server/share/examples_rclcpp_minimal_action_server/local_setup.dsv
[15.664s] -- Installing: /home/minarady/ros2_ws/src/install/examples_rclcpp_minimal_action_server/share/examples_rclcpp_minimal_action_server/package.dsv
[15.664s] -- Installing: /home/minarady/ros2_ws/src/install/examples_rclcpp_minimal_action_server/share/ament_index/resource_index/packages/examples_rclcpp_minimal_action_server
[15.664s] -- Installing: /home/minarady/ros2_ws/src/install/examples_rclcpp_minimal_action_server/share/examples_rclcpp_minimal_action_server/cmake/examples_rclcpp_minimal_action_serverConfig.cmake
[15.664s] -- Installing: /home/minarady/ros2_ws/src/install/examples_rclcpp_minimal_action_server/share/examples_rclcpp_minimal_action_server/cmake/examples_rclcpp_minimal_action_serverConfig-version.cmake
[15.665s] -- Installing: /home/minarady/ros2_ws/src/install/examples_rclcpp_minimal_action_server/share/examples_rclcpp_minimal_action_server/package.xml
[15.674s] Invoked command in '/home/minarady/ros2_ws/src/build/examples_rclcpp_minimal_action_server' returned '0': CMAKE_PREFIX_PATH=${CMAKE_PREFIX_PATH}:/home/minarady/ros2_ws/install/tx_control:/home/minarady/ros2_ws/install/launch_testing_examples:/home/minarady/ros2_ws/install/examples_rclpy_pointcloud_publisher:/home/minarady/ros2_ws/install/examples_rclpy_minimal_subscriber:/home/minarady/ros2_ws/install/examples_rclpy_minimal_service:/home/minarady/ros2_ws/install/examples_rclpy_minimal_publisher:/home/minarady/ros2_ws/install/examples_rclpy_minimal_client:/home/minarady/ros2_ws/install/examples_rclpy_minimal_action_server:/home/minarady/ros2_ws/install/examples_rclpy_minimal_action_client:/home/minarady/ros2_ws/install/examples_rclpy_guard_conditions:/home/minarady/ros2_ws/install/examples_rclpy_executors:/opt/ros/humble /usr/bin/cmake --install /home/minarady/ros2_ws/src/build/examples_rclcpp_minimal_action_server
