[1.397s] Invoking command in '/home/minarady/ros2_ws/build/examples_rclpy_guard_conditions': PYTHONPATH=/home/minarady/ros2_ws/install/examples_rclpy_guard_conditions/lib/python3.10/site-packages:${PYTHONPATH} /usr/bin/python3 setup.py develop --prefix /home/minarady/ros2_ws/install/examples_rclpy_guard_conditions --editable --build-directory /home/minarady/ros2_ws/build/examples_rclpy_guard_conditions/build --no-deps install_data --install-dir /home/minarady/ros2_ws/install/examples_rclpy_guard_conditions
[1.756s] /usr/lib/python3/dist-packages/setuptools/command/easy_install.py:158: EasyInstallDeprecationWarning: easy_install command is deprecated. Use build and pip and other standards-based tools.
[1.757s]   warnings.warn(
[1.757s] /usr/lib/python3/dist-packages/setuptools/command/install.py:34: SetuptoolsDeprecationWarning: setup.py install is deprecated. Use build and pip and other standards-based tools.
[1.757s]   warnings.warn(
[1.757s] /usr/lib/python3/dist-packages/pkg_resources/__init__.py:116: PkgResourcesDeprecationWarning: 1.1build1 is an invalid version and will not be supported in a future release
[1.757s]   warnings.warn(
[1.757s] /usr/lib/python3/dist-packages/pkg_resources/__init__.py:116: PkgResourcesDeprecationWarning: 0.1.43ubuntu1 is an invalid version and will not be supported in a future release
[1.757s]   warnings.warn(
[1.757s] running develop
[1.757s] running egg_info
[1.757s] writing examples_rclpy_guard_conditions.egg-info/PKG-INFO
[1.757s] writing dependency_links to examples_rclpy_guard_conditions.egg-info/dependency_links.txt
[1.757s] writing entry points to examples_rclpy_guard_conditions.egg-info/entry_points.txt
[1.757s] writing requirements to examples_rclpy_guard_conditions.egg-info/requires.txt
[1.757s] writing top-level names to examples_rclpy_guard_conditions.egg-info/top_level.txt
[1.757s] reading manifest file 'examples_rclpy_guard_conditions.egg-info/SOURCES.txt'
[1.757s] writing manifest file 'examples_rclpy_guard_conditions.egg-info/SOURCES.txt'
[1.757s] running build_ext
[1.757s] Creating /home/minarady/ros2_ws/install/examples_rclpy_guard_conditions/lib/python3.10/site-packages/examples-rclpy-guard-conditions.egg-link (link to .)
[1.757s] Installing trigger_guard_condition script to /home/minarady/ros2_ws/install/examples_rclpy_guard_conditions/lib/examples_rclpy_guard_conditions
[1.757s] 
[1.757s] Installed /home/minarady/ros2_ws/build/examples_rclpy_guard_conditions
[1.757s] running install_data
[1.762s] Invoked command in '/home/minarady/ros2_ws/build/examples_rclpy_guard_conditions' returned '0': PYTHONPATH=/home/minarady/ros2_ws/install/examples_rclpy_guard_conditions/lib/python3.10/site-packages:${PYTHONPATH} /usr/bin/python3 setup.py develop --prefix /home/minarady/ros2_ws/install/examples_rclpy_guard_conditions --editable --build-directory /home/minarady/ros2_ws/build/examples_rclpy_guard_conditions/build --no-deps install_data --install-dir /home/minarady/ros2_ws/install/examples_rclpy_guard_conditions
