[0.064s] Invoking command in '/home/minarady/ros2_ws/build/examples_rclcpp_minimal_composition': CMAKE_PREFIX_PATH=/opt/ros/humble /usr/bin/cmake --build /home/minarady/ros2_ws/build/examples_rclcpp_minimal_composition -- -j20 -l20
[1.055s] [35m[1mConsolidate compiler generated dependencies of target composition_nodes[0m
[1.055s] [ 33%] Built target composition_nodes
[1.055s] [35m[1mConsolidate compiler generated dependencies of target composition_publisher[0m
[1.055s] [35m[1mConsolidate compiler generated dependencies of target composition_composed[0m
[1.055s] [35m[1mConsolidate compiler generated dependencies of target composition_subscriber[0m
[1.055s] [ 55%] Built target composition_publisher
[1.055s] [ 77%] Built target composition_composed
[1.055s] [100%] Built target composition_subscriber
[1.062s] Invoked command in '/home/minarady/ros2_ws/build/examples_rclcpp_minimal_composition' returned '0': CMAKE_PREFIX_PATH=/opt/ros/humble /usr/bin/cmake --build /home/minarady/ros2_ws/build/examples_rclcpp_minimal_composition -- -j20 -l20
[1.098s] Invoking command in '/home/minarady/ros2_ws/build/examples_rclcpp_minimal_composition': CMAKE_PREFIX_PATH=/opt/ros/humble /usr/bin/cmake --install /home/minarady/ros2_ws/build/examples_rclcpp_minimal_composition
[1.115s] -- Install configuration: ""
[1.116s] -- Execute custom install script
[1.116s] -- Up-to-date symlink: /home/minarady/ros2_ws/install/examples_rclcpp_minimal_composition/share/examples_rclcpp_minimal_composition/environment/library_path.sh
[1.116s] -- Up-to-date symlink: /home/minarady/ros2_ws/install/examples_rclcpp_minimal_composition/share/examples_rclcpp_minimal_composition/environment/library_path.dsv
[1.116s] -- Up-to-date symlink: /home/minarady/ros2_ws/install/examples_rclcpp_minimal_composition/lib/libcomposition_nodes.so
[1.116s] -- Up-to-date symlink: /home/minarady/ros2_ws/install/examples_rclcpp_minimal_composition/lib/examples_rclcpp_minimal_composition/composition_publisher
[1.116s] -- Up-to-date symlink: /home/minarady/ros2_ws/install/examples_rclcpp_minimal_composition/lib/examples_rclcpp_minimal_composition/composition_subscriber
[1.116s] -- Up-to-date symlink: /home/minarady/ros2_ws/install/examples_rclcpp_minimal_composition/lib/examples_rclcpp_minimal_composition/composition_composed
[1.116s] -- Up-to-date symlink: /home/minarady/ros2_ws/install/examples_rclcpp_minimal_composition/share/ament_index/resource_index/package_run_dependencies/examples_rclcpp_minimal_composition
[1.116s] -- Up-to-date symlink: /home/minarady/ros2_ws/install/examples_rclcpp_minimal_composition/share/ament_index/resource_index/parent_prefix_path/examples_rclcpp_minimal_composition
[1.116s] -- Up-to-date symlink: /home/minarady/ros2_ws/install/examples_rclcpp_minimal_composition/share/examples_rclcpp_minimal_composition/environment/ament_prefix_path.sh
[1.116s] -- Up-to-date symlink: /home/minarady/ros2_ws/install/examples_rclcpp_minimal_composition/share/examples_rclcpp_minimal_composition/environment/ament_prefix_path.dsv
[1.117s] -- Up-to-date symlink: /home/minarady/ros2_ws/install/examples_rclcpp_minimal_composition/share/examples_rclcpp_minimal_composition/environment/path.sh
[1.117s] -- Up-to-date symlink: /home/minarady/ros2_ws/install/examples_rclcpp_minimal_composition/share/examples_rclcpp_minimal_composition/environment/path.dsv
[1.117s] -- Up-to-date symlink: /home/minarady/ros2_ws/install/examples_rclcpp_minimal_composition/share/examples_rclcpp_minimal_composition/local_setup.bash
[1.117s] -- Up-to-date symlink: /home/minarady/ros2_ws/install/examples_rclcpp_minimal_composition/share/examples_rclcpp_minimal_composition/local_setup.sh
[1.117s] -- Up-to-date symlink: /home/minarady/ros2_ws/install/examples_rclcpp_minimal_composition/share/examples_rclcpp_minimal_composition/local_setup.zsh
[1.117s] -- Up-to-date symlink: /home/minarady/ros2_ws/install/examples_rclcpp_minimal_composition/share/examples_rclcpp_minimal_composition/local_setup.dsv
[1.117s] -- Symlinking: /home/minarady/ros2_ws/install/examples_rclcpp_minimal_composition/share/examples_rclcpp_minimal_composition/package.dsv
[1.121s] -- Up-to-date symlink: /home/minarady/ros2_ws/install/examples_rclcpp_minimal_composition/share/ament_index/resource_index/packages/examples_rclcpp_minimal_composition
[1.121s] -- Up-to-date symlink: /home/minarady/ros2_ws/install/examples_rclcpp_minimal_composition/share/examples_rclcpp_minimal_composition/cmake/examples_rclcpp_minimal_compositionConfig.cmake
[1.121s] -- Up-to-date symlink: /home/minarady/ros2_ws/install/examples_rclcpp_minimal_composition/share/examples_rclcpp_minimal_composition/cmake/examples_rclcpp_minimal_compositionConfig-version.cmake
[1.122s] -- Up-to-date symlink: /home/minarady/ros2_ws/install/examples_rclcpp_minimal_composition/share/examples_rclcpp_minimal_composition/package.xml
[1.169s] Invoked command in '/home/minarady/ros2_ws/build/examples_rclcpp_minimal_composition' returned '0': CMAKE_PREFIX_PATH=/opt/ros/humble /usr/bin/cmake --install /home/minarady/ros2_ws/build/examples_rclcpp_minimal_composition
