running egg_info
writing ../../build/tx_control/tx_control.egg-info/PKG-INFO
writing dependency_links to ../../build/tx_control/tx_control.egg-info/dependency_links.txt
writing entry points to ../../build/tx_control/tx_control.egg-info/entry_points.txt
writing requirements to ../../build/tx_control/tx_control.egg-info/requires.txt
writing top-level names to ../../build/tx_control/tx_control.egg-info/top_level.txt
reading manifest file '../../build/tx_control/tx_control.egg-info/SOURCES.txt'
writing manifest file '../../build/tx_control/tx_control.egg-info/SOURCES.txt'
running build
running build_py
copying tx_control/__init__.py -> /home/minarady/ros2_ws/build/tx_control/build/lib/tx_control
copying tx_control/my_node.py -> /home/minarady/ros2_ws/build/tx_control/build/lib/tx_control
running install
/usr/lib/python3/dist-packages/setuptools/command/install.py:34: SetuptoolsDeprecationWarning: setup.py install is deprecated. Use build and pip and other standards-based tools.
  warnings.warn(
running install_lib
copying /home/minarady/ros2_ws/build/tx_control/build/lib/tx_control/__init__.py -> /home/minarady/ros2_ws/install/tx_control/lib/python3.10/site-packages/tx_control
copying /home/minarady/ros2_ws/build/tx_control/build/lib/tx_control/my_node.py -> /home/minarady/ros2_ws/install/tx_control/lib/python3.10/site-packages/tx_control
byte-compiling /home/minarady/ros2_ws/install/tx_control/lib/python3.10/site-packages/tx_control/__init__.py to __init__.cpython-310.pyc
byte-compiling /home/minarady/ros2_ws/install/tx_control/lib/python3.10/site-packages/tx_control/my_node.py to my_node.cpython-310.pyc
running install_data
copying resource/tx_control -> /home/minarady/ros2_ws/install/tx_control/share/ament_index/resource_index/packages
copying package.xml -> /home/minarady/ros2_ws/install/tx_control/share/tx_control
running install_egg_info
removing '/home/minarady/ros2_ws/install/tx_control/lib/python3.10/site-packages/tx_control-0.0.0-py3.10.egg-info' (and everything under it)
Copying ../../build/tx_control/tx_control.egg-info to /home/minarady/ros2_ws/install/tx_control/lib/python3.10/site-packages/tx_control-0.0.0-py3.10.egg-info
running install_scripts
Installing my_node script to /home/minarady/ros2_ws/install/tx_control/lib/tx_control
writing list of installed files to '/home/minarady/ros2_ws/build/tx_control/install.log'
