[0.799s] Invoking command in '/home/minarady/ros2_ws/src/tx_control': PYTHONPATH=/home/minarady/ros2_ws/install/tx_control/lib/python3.10/site-packages:${PYTHONPATH} /usr/bin/python3 setup.py egg_info --egg-base ../../build/tx_control build --build-base /home/minarady/ros2_ws/build/tx_control/build install --prefix /home/minarady/ros2_ws/install/tx_control --record /home/minarady/ros2_ws/build/tx_control/install.log --single-version-externally-managed
[1.014s] running egg_info
[1.015s] writing ../../build/tx_control/tx_control.egg-info/PKG-INFO
[1.015s] writing dependency_links to ../../build/tx_control/tx_control.egg-info/dependency_links.txt
[1.015s] writing entry points to ../../build/tx_control/tx_control.egg-info/entry_points.txt
[1.016s] writing requirements to ../../build/tx_control/tx_control.egg-info/requires.txt
[1.016s] writing top-level names to ../../build/tx_control/tx_control.egg-info/top_level.txt
[1.017s] reading manifest file '../../build/tx_control/tx_control.egg-info/SOURCES.txt'
[1.018s] writing manifest file '../../build/tx_control/tx_control.egg-info/SOURCES.txt'
[1.018s] running build
[1.018s] running build_py
[1.019s] copying tx_control/__init__.py -> /home/minarady/ros2_ws/build/tx_control/build/lib/tx_control
[1.019s] copying tx_control/my_node.py -> /home/minarady/ros2_ws/build/tx_control/build/lib/tx_control
[1.019s] running install
[1.020s] /usr/lib/python3/dist-packages/setuptools/command/install.py:34: SetuptoolsDeprecationWarning: setup.py install is deprecated. Use build and pip and other standards-based tools.
[1.020s]   warnings.warn(
[1.021s] running install_lib
[1.021s] copying /home/minarady/ros2_ws/build/tx_control/build/lib/tx_control/__init__.py -> /home/minarady/ros2_ws/install/tx_control/lib/python3.10/site-packages/tx_control
[1.021s] copying /home/minarady/ros2_ws/build/tx_control/build/lib/tx_control/my_node.py -> /home/minarady/ros2_ws/install/tx_control/lib/python3.10/site-packages/tx_control
[1.021s] byte-compiling /home/minarady/ros2_ws/install/tx_control/lib/python3.10/site-packages/tx_control/__init__.py to __init__.cpython-310.pyc
[1.021s] byte-compiling /home/minarady/ros2_ws/install/tx_control/lib/python3.10/site-packages/tx_control/my_node.py to my_node.cpython-310.pyc
[1.021s] running install_data
[1.021s] copying resource/tx_control -> /home/minarady/ros2_ws/install/tx_control/share/ament_index/resource_index/packages
[1.021s] copying package.xml -> /home/minarady/ros2_ws/install/tx_control/share/tx_control
[1.021s] running install_egg_info
[1.022s] removing '/home/minarady/ros2_ws/install/tx_control/lib/python3.10/site-packages/tx_control-0.0.0-py3.10.egg-info' (and everything under it)
[1.022s] Copying ../../build/tx_control/tx_control.egg-info to /home/minarady/ros2_ws/install/tx_control/lib/python3.10/site-packages/tx_control-0.0.0-py3.10.egg-info
[1.023s] running install_scripts
[1.041s] Installing my_node script to /home/minarady/ros2_ws/install/tx_control/lib/tx_control
[1.041s] writing list of installed files to '/home/minarady/ros2_ws/build/tx_control/install.log'
[1.062s] Invoked command in '/home/minarady/ros2_ws/src/tx_control' returned '0': PYTHONPATH=/home/minarady/ros2_ws/install/tx_control/lib/python3.10/site-packages:${PYTHONPATH} /usr/bin/python3 setup.py egg_info --egg-base ../../build/tx_control build --build-base /home/minarady/ros2_ws/build/tx_control/build install --prefix /home/minarady/ros2_ws/install/tx_control --record /home/minarady/ros2_ws/build/tx_control/install.log --single-version-externally-managed
