[0.701s] Invoking command in '/home/minarady/ros2_ws/build/examples_rclpy_pointcloud_publisher': PYTHONPATH=/home/minarady/ros2_ws/install/examples_rclpy_pointcloud_publisher/lib/python3.10/site-packages:${PYTHONPATH} /usr/bin/python3 setup.py develop --prefix /home/minarady/ros2_ws/install/examples_rclpy_pointcloud_publisher --editable --build-directory /home/minarady/ros2_ws/build/examples_rclpy_pointcloud_publisher/build --no-deps install_data --install-dir /home/minarady/ros2_ws/install/examples_rclpy_pointcloud_publisher
[0.819s] running develop
[0.819s] /usr/lib/python3/dist-packages/setuptools/command/easy_install.py:158: EasyInstallDeprecationWarning: easy_install command is deprecated. Use build and pip and other standards-based tools.
[0.819s]   warnings.warn(
[0.820s] /usr/lib/python3/dist-packages/setuptools/command/install.py:34: SetuptoolsDeprecationWarning: setup.py install is deprecated. Use build and pip and other standards-based tools.
[0.820s]   warnings.warn(
[0.844s] /usr/lib/python3/dist-packages/pkg_resources/__init__.py:116: PkgResourcesDeprecationWarning: 1.1build1 is an invalid version and will not be supported in a future release
[0.844s]   warnings.warn(
[0.844s] /usr/lib/python3/dist-packages/pkg_resources/__init__.py:116: PkgResourcesDeprecationWarning: 0.1.43ubuntu1 is an invalid version and will not be supported in a future release
[0.844s]   warnings.warn(
[0.886s] running egg_info
[0.886s] writing examples_rclpy_pointcloud_publisher.egg-info/PKG-INFO
[0.886s] writing dependency_links to examples_rclpy_pointcloud_publisher.egg-info/dependency_links.txt
[0.886s] writing entry points to examples_rclpy_pointcloud_publisher.egg-info/entry_points.txt
[0.886s] writing requirements to examples_rclpy_pointcloud_publisher.egg-info/requires.txt
[0.886s] writing top-level names to examples_rclpy_pointcloud_publisher.egg-info/top_level.txt
[0.887s] reading manifest file 'examples_rclpy_pointcloud_publisher.egg-info/SOURCES.txt'
[0.887s] writing manifest file 'examples_rclpy_pointcloud_publisher.egg-info/SOURCES.txt'
[0.888s] running build_ext
[0.888s] Creating /home/minarady/ros2_ws/install/examples_rclpy_pointcloud_publisher/lib/python3.10/site-packages/examples-rclpy-pointcloud-publisher.egg-link (link to .)
[0.889s] Installing pointcloud_publisher script to /home/minarady/ros2_ws/install/examples_rclpy_pointcloud_publisher/lib/examples_rclpy_pointcloud_publisher
[0.889s] 
[0.889s] Installed /home/minarady/ros2_ws/build/examples_rclpy_pointcloud_publisher
[0.889s] running install_data
[0.903s] Invoked command in '/home/minarady/ros2_ws/build/examples_rclpy_pointcloud_publisher' returned '0': PYTHONPATH=/home/minarady/ros2_ws/install/examples_rclpy_pointcloud_publisher/lib/python3.10/site-packages:${PYTHONPATH} /usr/bin/python3 setup.py develop --prefix /home/minarady/ros2_ws/install/examples_rclpy_pointcloud_publisher --editable --build-directory /home/minarady/ros2_ws/build/examples_rclpy_pointcloud_publisher/build --no-deps install_data --install-dir /home/minarady/ros2_ws/install/examples_rclpy_pointcloud_publisher
