[3.683s] Invoking command in '/home/minarady/ros2_ws/src/examples/rclpy/topics/pointcloud_publisher': PYTHONPATH=/home/minarady/ros2_ws/src/install/examples_rclpy_pointcloud_publisher/lib/python3.10/site-packages:${PYTHONPATH} /usr/bin/python3 setup.py egg_info --egg-base ../../../../build/examples_rclpy_pointcloud_publisher build --build-base /home/minarady/ros2_ws/src/build/examples_rclpy_pointcloud_publisher/build install --prefix /home/minarady/ros2_ws/src/install/examples_rclpy_pointcloud_publisher --record /home/minarady/ros2_ws/src/build/examples_rclpy_pointcloud_publisher/install.log --single-version-externally-managed
[4.124s] running egg_info
[4.125s] creating ../../../../build/examples_rclpy_pointcloud_publisher/examples_rclpy_pointcloud_publisher.egg-info
[4.126s] writing ../../../../build/examples_rclpy_pointcloud_publisher/examples_rclpy_pointcloud_publisher.egg-info/PKG-INFO
[4.126s] writing dependency_links to ../../../../build/examples_rclpy_pointcloud_publisher/examples_rclpy_pointcloud_publisher.egg-info/dependency_links.txt
[4.127s] writing entry points to ../../../../build/examples_rclpy_pointcloud_publisher/examples_rclpy_pointcloud_publisher.egg-info/entry_points.txt
[4.127s] writing requirements to ../../../../build/examples_rclpy_pointcloud_publisher/examples_rclpy_pointcloud_publisher.egg-info/requires.txt
[4.127s] writing top-level names to ../../../../build/examples_rclpy_pointcloud_publisher/examples_rclpy_pointcloud_publisher.egg-info/top_level.txt
[4.128s] writing manifest file '../../../../build/examples_rclpy_pointcloud_publisher/examples_rclpy_pointcloud_publisher.egg-info/SOURCES.txt'
[4.143s] reading manifest file '../../../../build/examples_rclpy_pointcloud_publisher/examples_rclpy_pointcloud_publisher.egg-info/SOURCES.txt'
[4.144s] writing manifest file '../../../../build/examples_rclpy_pointcloud_publisher/examples_rclpy_pointcloud_publisher.egg-info/SOURCES.txt'
[4.145s] running build
[4.145s] running build_py
[4.145s] creating /home/minarady/ros2_ws/src/build/examples_rclpy_pointcloud_publisher/build
[4.146s] creating /home/minarady/ros2_ws/src/build/examples_rclpy_pointcloud_publisher/build/lib
[4.146s] creating /home/minarady/ros2_ws/src/build/examples_rclpy_pointcloud_publisher/build/lib/examples_rclpy_pointcloud_publisher
[4.146s] copying examples_rclpy_pointcloud_publisher/pointcloud_publisher.py -> /home/minarady/ros2_ws/src/build/examples_rclpy_pointcloud_publisher/build/lib/examples_rclpy_pointcloud_publisher
[4.147s] copying examples_rclpy_pointcloud_publisher/__init__.py -> /home/minarady/ros2_ws/src/build/examples_rclpy_pointcloud_publisher/build/lib/examples_rclpy_pointcloud_publisher
[4.148s] running install
[4.148s] /usr/lib/python3/dist-packages/setuptools/command/install.py:34: SetuptoolsDeprecationWarning: setup.py install is deprecated. Use build and pip and other standards-based tools.
[4.148s]   warnings.warn(
[4.149s] running install_lib
[4.150s] creating /home/minarady/ros2_ws/src/install/examples_rclpy_pointcloud_publisher/lib/python3.10/site-packages/examples_rclpy_pointcloud_publisher
[4.150s] copying /home/minarady/ros2_ws/src/build/examples_rclpy_pointcloud_publisher/build/lib/examples_rclpy_pointcloud_publisher/pointcloud_publisher.py -> /home/minarady/ros2_ws/src/install/examples_rclpy_pointcloud_publisher/lib/python3.10/site-packages/examples_rclpy_pointcloud_publisher
[4.151s] copying /home/minarady/ros2_ws/src/build/examples_rclpy_pointcloud_publisher/build/lib/examples_rclpy_pointcloud_publisher/__init__.py -> /home/minarady/ros2_ws/src/install/examples_rclpy_pointcloud_publisher/lib/python3.10/site-packages/examples_rclpy_pointcloud_publisher
[4.152s] byte-compiling /home/minarady/ros2_ws/src/install/examples_rclpy_pointcloud_publisher/lib/python3.10/site-packages/examples_rclpy_pointcloud_publisher/pointcloud_publisher.py to pointcloud_publisher.cpython-310.pyc
[4.153s] byte-compiling /home/minarady/ros2_ws/src/install/examples_rclpy_pointcloud_publisher/lib/python3.10/site-packages/examples_rclpy_pointcloud_publisher/__init__.py to __init__.cpython-310.pyc
[4.153s] running install_data
[4.154s] creating /home/minarady/ros2_ws/src/install/examples_rclpy_pointcloud_publisher/share/ament_index
[4.155s] creating /home/minarady/ros2_ws/src/install/examples_rclpy_pointcloud_publisher/share/ament_index/resource_index
[4.155s] creating /home/minarady/ros2_ws/src/install/examples_rclpy_pointcloud_publisher/share/ament_index/resource_index/packages
[4.155s] copying resource/examples_rclpy_pointcloud_publisher -> /home/minarady/ros2_ws/src/install/examples_rclpy_pointcloud_publisher/share/ament_index/resource_index/packages
[4.156s] copying package.xml -> /home/minarady/ros2_ws/src/install/examples_rclpy_pointcloud_publisher/share/examples_rclpy_pointcloud_publisher
[4.157s] running install_egg_info
[4.159s] Copying ../../../../build/examples_rclpy_pointcloud_publisher/examples_rclpy_pointcloud_publisher.egg-info to /home/minarady/ros2_ws/src/install/examples_rclpy_pointcloud_publisher/lib/python3.10/site-packages/examples_rclpy_pointcloud_publisher-0.15.1-py3.10.egg-info
[4.161s] running install_scripts
[4.203s] Installing pointcloud_publisher script to /home/minarady/ros2_ws/src/install/examples_rclpy_pointcloud_publisher/lib/examples_rclpy_pointcloud_publisher
[4.204s] writing list of installed files to '/home/minarady/ros2_ws/src/build/examples_rclpy_pointcloud_publisher/install.log'
[4.242s] Invoked command in '/home/minarady/ros2_ws/src/examples/rclpy/topics/pointcloud_publisher' returned '0': PYTHONPATH=/home/minarady/ros2_ws/src/install/examples_rclpy_pointcloud_publisher/lib/python3.10/site-packages:${PYTHONPATH} /usr/bin/python3 setup.py egg_info --egg-base ../../../../build/examples_rclpy_pointcloud_publisher build --build-base /home/minarady/ros2_ws/src/build/examples_rclpy_pointcloud_publisher/build install --prefix /home/minarady/ros2_ws/src/install/examples_rclpy_pointcloud_publisher --record /home/minarady/ros2_ws/src/build/examples_rclpy_pointcloud_publisher/install.log --single-version-externally-managed
