[0.000000] (-) TimerEvent: {}
[0.000096] (-) JobUnselected: {'identifier': 'examples_rclcpp_async_client'}
[0.000111] (-) JobUnselected: {'identifier': 'examples_rclcpp_cbg_executor'}
[0.000145] (-) JobUnselected: {'identifier': 'examples_rclcpp_minimal_action_client'}
[0.000154] (-) JobUnselected: {'identifier': 'examples_rclcpp_minimal_action_server'}
[0.000161] (-) JobUnselected: {'identifier': 'examples_rclcpp_minimal_client'}
[0.000169] (-) JobUnselected: {'identifier': 'examples_rclcpp_minimal_composition'}
[0.000177] (-) JobUnselected: {'identifier': 'examples_rclcpp_minimal_publisher'}
[0.000184] (-) JobUnselected: {'identifier': 'examples_rclcpp_minimal_service'}
[0.000192] (-) JobUnselected: {'identifier': 'examples_rclcpp_minimal_subscriber'}
[0.000199] (-) JobUnselected: {'identifier': 'examples_rclcpp_minimal_timer'}
[0.000207] (-) JobUnselected: {'identifier': 'examples_rclcpp_multithreaded_executor'}
[0.000215] (-) JobUnselected: {'identifier': 'examples_rclcpp_wait_set'}
[0.000222] (-) JobUnselected: {'identifier': 'examples_rclpy_executors'}
[0.000232] (-) JobUnselected: {'identifier': 'examples_rclpy_guard_conditions'}
[0.000243] (-) JobUnselected: {'identifier': 'examples_rclpy_minimal_action_client'}
[0.000252] (-) JobUnselected: {'identifier': 'examples_rclpy_minimal_action_server'}
[0.000264] (-) JobUnselected: {'identifier': 'examples_rclpy_minimal_client'}
[0.000271] (-) JobUnselected: {'identifier': 'examples_rclpy_minimal_publisher'}
[0.000279] (-) JobUnselected: {'identifier': 'examples_rclpy_minimal_service'}
[0.000288] (-) JobUnselected: {'identifier': 'examples_rclpy_minimal_subscriber'}
[0.000296] (-) JobUnselected: {'identifier': 'examples_rclpy_pointcloud_publisher'}
[0.000305] (-) JobUnselected: {'identifier': 'launch_testing_examples'}
[0.000314] (tx_control) JobQueued: {'identifier': 'tx_control', 'dependencies': OrderedDict()}
[0.000325] (tx_control) JobStarted: {'identifier': 'tx_control'}
[0.098365] (-) TimerEvent: {}
[0.148618] (tx_control) StderrLine: {'line': b'Traceback (most recent call last):\n  File "/usr/lib/python3/dist-packages/colcon_core/executor/__init__.py", line 91, in __call__\n    rc = await self.task(*args, **kwargs)\n  File "/usr/lib/python3/dist-packages/colcon_core/task/__init__.py", line 93, in __call__\n    return await task_method(*args, **kwargs)\n  File "/usr/lib/python3/dist-packages/colcon_ros/task/ament_python/build.py", line 51, in build\n    setup_py_data = get_setup_data(self.context.pkg, env)\n  File "/usr/lib/python3/dist-packages/colcon_core/task/python/__init__.py", line 20, in get_setup_data\n    return dict(pkg.metadata[key](env))\n  File "/usr/lib/python3/dist-packages/colcon_ros/package_augmentation/ros_ament_python.py", line 57, in getter\n    return get_setup_information(\n  File "/usr/lib/python3/dist-packages/colcon_python_setup_py/package_identification/python_setup_py.py", line 241, in get_setup_information\n    _setup_information_cache[hashable_env] = _get_setup_information(\n  File "/usr/lib/python3/dist-packages/colcon_python_setup_py/package_identification/python_setup_py.py", line 281, in _get_setup_information\n    result = subprocess.run(\n  File "/usr/lib/python3.10/subprocess.py", line 524, in run\n    raise CalledProcessError(retcode, process.args,\nsubprocess.CalledProcessError: Command \'[\'/usr/bin/python3\', \'-c\', "import sys;from setuptools.extern.packaging.specifiers import SpecifierSet;from distutils.core import run_setup;dist = run_setup(    \'setup.py\', script_args=(\'--dry-run\',), stop_after=\'config\');skip_keys = (\'cmdclass\', \'distclass\', \'ext_modules\', \'metadata\');data = {    key: value for key, value in dist.__dict__.items()     if (        not key.startswith(\'_\') and         not callable(value) and         key not in skip_keys and         key not in dist.display_option_names    )};data[\'metadata\'] = {    k: v for k, v in dist.metadata.__dict__.items()     if k not in (\'license_files\', \'provides_extras\')};sys.stdout.buffer.write(repr(data).encode(\'utf-8\'))"]\' returned non-zero exit status 1.\n'}
[0.148877] (tx_control) JobEnded: {'identifier': 'tx_control', 'rc': 1}
[0.159220] (-) EventReactorShutdown: {}
