[1.608s] Invoking command in '/home/minarady/ros2_ws/build/examples_rclpy_minimal_action_client': PYTHONPATH=/home/minarady/ros2_ws/install/examples_rclpy_minimal_action_client/lib/python3.10/site-packages:${PYTHONPATH} /usr/bin/python3 setup.py develop --prefix /home/minarady/ros2_ws/install/examples_rclpy_minimal_action_client --uninstall --editable --build-directory /home/minarady/ros2_ws/build/examples_rclpy_minimal_action_client/build
[1.747s] /usr/lib/python3/dist-packages/setuptools/command/easy_install.py:158: EasyInstallDeprecationWarning: easy_install command is deprecated. Use build and pip and other standards-based tools.
[1.747s]   warnings.warn(
[1.747s] /usr/lib/python3/dist-packages/setuptools/command/install.py:34: SetuptoolsDeprecationWarning: setup.py install is deprecated. Use build and pip and other standards-based tools.
[1.747s]   warnings.warn(
[1.749s] running develop
[1.767s] /usr/lib/python3/dist-packages/pkg_resources/__init__.py:116: PkgResourcesDeprecationWarning: 1.1build1 is an invalid version and will not be supported in a future release
[1.767s]   warnings.warn(
[1.767s] /usr/lib/python3/dist-packages/pkg_resources/__init__.py:116: PkgResourcesDeprecationWarning: 0.1.43ubuntu1 is an invalid version and will not be supported in a future release
[1.768s]   warnings.warn(
[1.845s] Invoked command in '/home/minarady/ros2_ws/build/examples_rclpy_minimal_action_client' returned '0': PYTHONPATH=/home/minarady/ros2_ws/install/examples_rclpy_minimal_action_client/lib/python3.10/site-packages:${PYTHONPATH} /usr/bin/python3 setup.py develop --prefix /home/minarady/ros2_ws/install/examples_rclpy_minimal_action_client --uninstall --editable --build-directory /home/minarady/ros2_ws/build/examples_rclpy_minimal_action_client/build
[1.846s] Invoking command in '/home/minarady/ros2_ws/src/examples/rclpy/actions/minimal_action_client': PYTHONPATH=/home/minarady/ros2_ws/install/examples_rclpy_minimal_action_client/lib/python3.10/site-packages:${PYTHONPATH} /usr/bin/python3 setup.py egg_info --egg-base ../../../../../build/examples_rclpy_minimal_action_client build --build-base /home/minarady/ros2_ws/build/examples_rclpy_minimal_action_client/build install --prefix /home/minarady/ros2_ws/install/examples_rclpy_minimal_action_client --record /home/minarady/ros2_ws/build/examples_rclpy_minimal_action_client/install.log --single-version-externally-managed
[1.979s] running egg_info
[1.980s] writing ../../../../../build/examples_rclpy_minimal_action_client/examples_rclpy_minimal_action_client.egg-info/PKG-INFO
[1.980s] writing dependency_links to ../../../../../build/examples_rclpy_minimal_action_client/examples_rclpy_minimal_action_client.egg-info/dependency_links.txt
[1.981s] writing entry points to ../../../../../build/examples_rclpy_minimal_action_client/examples_rclpy_minimal_action_client.egg-info/entry_points.txt
[1.981s] writing requirements to ../../../../../build/examples_rclpy_minimal_action_client/examples_rclpy_minimal_action_client.egg-info/requires.txt
[1.981s] writing top-level names to ../../../../../build/examples_rclpy_minimal_action_client/examples_rclpy_minimal_action_client.egg-info/top_level.txt
[1.982s] reading manifest file '../../../../../build/examples_rclpy_minimal_action_client/examples_rclpy_minimal_action_client.egg-info/SOURCES.txt'
[1.985s] writing manifest file '../../../../../build/examples_rclpy_minimal_action_client/examples_rclpy_minimal_action_client.egg-info/SOURCES.txt'
[1.985s] running build
[1.985s] running build_py
[1.986s] /usr/lib/python3/dist-packages/setuptools/command/install.py:34: SetuptoolsDeprecationWarning: setup.py install is deprecated. Use build and pip and other standards-based tools.
[1.986s]   warnings.warn(
[1.986s] running install
[1.986s] running install_lib
[1.987s] running install_data
[1.987s] running install_egg_info
[1.987s] removing '/home/minarady/ros2_ws/install/examples_rclpy_minimal_action_client/lib/python3.10/site-packages/examples_rclpy_minimal_action_client-0.15.1-py3.10.egg-info' (and everything under it)
[1.988s] Copying ../../../../../build/examples_rclpy_minimal_action_client/examples_rclpy_minimal_action_client.egg-info to /home/minarady/ros2_ws/install/examples_rclpy_minimal_action_client/lib/python3.10/site-packages/examples_rclpy_minimal_action_client-0.15.1-py3.10.egg-info
[1.988s] running install_scripts
[2.002s] Installing client script to /home/minarady/ros2_ws/install/examples_rclpy_minimal_action_client/lib/examples_rclpy_minimal_action_client
[2.002s] Installing client_asyncio script to /home/minarady/ros2_ws/install/examples_rclpy_minimal_action_client/lib/examples_rclpy_minimal_action_client
[2.002s] Installing client_cancel script to /home/minarady/ros2_ws/install/examples_rclpy_minimal_action_client/lib/examples_rclpy_minimal_action_client
[2.002s] Installing client_not_composable script to /home/minarady/ros2_ws/install/examples_rclpy_minimal_action_client/lib/examples_rclpy_minimal_action_client
[2.003s] writing list of installed files to '/home/minarady/ros2_ws/build/examples_rclpy_minimal_action_client/install.log'
[2.041s] Invoked command in '/home/minarady/ros2_ws/src/examples/rclpy/actions/minimal_action_client' returned '0': PYTHONPATH=/home/minarady/ros2_ws/install/examples_rclpy_minimal_action_client/lib/python3.10/site-packages:${PYTHONPATH} /usr/bin/python3 setup.py egg_info --egg-base ../../../../../build/examples_rclpy_minimal_action_client build --build-base /home/minarady/ros2_ws/build/examples_rclpy_minimal_action_client/build install --prefix /home/minarady/ros2_ws/install/examples_rclpy_minimal_action_client --record /home/minarady/ros2_ws/build/examples_rclpy_minimal_action_client/install.log --single-version-externally-managed
