[0.287s] Invoking command in '/home/minarady/ros2_ws/src/tx_control': PYTHONPATH=/home/minarady/ros2_ws/install/tx_control/lib/python3.10/site-packages:${PYTHONPATH} /usr/bin/python3 setup.py egg_info --egg-base ../../build/tx_control build --build-base /home/minarady/ros2_ws/build/tx_control/build install --prefix /home/minarady/ros2_ws/install/tx_control --record /home/minarady/ros2_ws/build/tx_control/install.log --single-version-externally-managed
[0.399s] running egg_info
[0.400s] writing ../../build/tx_control/tx_control.egg-info/PKG-INFO
[0.400s] writing dependency_links to ../../build/tx_control/tx_control.egg-info/dependency_links.txt
[0.400s] writing entry points to ../../build/tx_control/tx_control.egg-info/entry_points.txt
[0.400s] writing requirements to ../../build/tx_control/tx_control.egg-info/requires.txt
[0.400s] writing top-level names to ../../build/tx_control/tx_control.egg-info/top_level.txt
[0.401s] reading manifest file '../../build/tx_control/tx_control.egg-info/SOURCES.txt'
[0.401s] writing manifest file '../../build/tx_control/tx_control.egg-info/SOURCES.txt'
[0.401s] running build
[0.401s] running build_py
[0.401s] copying tx_control/subscriber_member_function.py -> /home/minarady/ros2_ws/build/tx_control/build/lib/tx_control
[0.401s] running install
[0.401s] running install_lib
[0.401s] /usr/lib/python3/dist-packages/setuptools/command/install.py:34: SetuptoolsDeprecationWarning: setup.py install is deprecated. Use build and pip and other standards-based tools.
[0.401s]   warnings.warn(
[0.402s] copying /home/minarady/ros2_ws/build/tx_control/build/lib/tx_control/subscriber_member_function.py -> /home/minarady/ros2_ws/install/tx_control/lib/python3.10/site-packages/tx_control
[0.402s] byte-compiling /home/minarady/ros2_ws/install/tx_control/lib/python3.10/site-packages/tx_control/subscriber_member_function.py to subscriber_member_function.cpython-310.pyc
[0.403s] running install_data
[0.403s]   File "/home/minarady/ros2_ws/install/tx_control/lib/python3.10/site-packages/tx_control/subscriber_member_function.py", line 171
[0.403s]     rclpy.
[0.403s]           ^
[0.403s] SyntaxError: invalid syntax
[0.403s] 
[0.403s] running install_egg_info
[0.404s] removing '/home/minarady/ros2_ws/install/tx_control/lib/python3.10/site-packages/tx_control-0.0.0-py3.10.egg-info' (and everything under it)
[0.404s] Copying ../../build/tx_control/tx_control.egg-info to /home/minarady/ros2_ws/install/tx_control/lib/python3.10/site-packages/tx_control-0.0.0-py3.10.egg-info
[0.404s] running install_scripts
[0.415s] Installing listener script to /home/minarady/ros2_ws/install/tx_control/lib/tx_control
[0.415s] Installing talker script to /home/minarady/ros2_ws/install/tx_control/lib/tx_control
[0.415s] writing list of installed files to '/home/minarady/ros2_ws/build/tx_control/install.log'
[0.428s] Invoked command in '/home/minarady/ros2_ws/src/tx_control' returned '0': PYTHONPATH=/home/minarady/ros2_ws/install/tx_control/lib/python3.10/site-packages:${PYTHONPATH} /usr/bin/python3 setup.py egg_info --egg-base ../../build/tx_control build --build-base /home/minarady/ros2_ws/build/tx_control/build install --prefix /home/minarady/ros2_ws/install/tx_control --record /home/minarady/ros2_ws/build/tx_control/install.log --single-version-externally-managed
