[3.082s] Invoking command in '/home/minarady/ros2_ws/src/examples/rclpy/topics/minimal_publisher': PYTHONPATH=/home/minarady/ros2_ws/src/install/examples_rclpy_minimal_publisher/lib/python3.10/site-packages:${PYTHONPATH} /usr/bin/python3 setup.py egg_info --egg-base ../../../../build/examples_rclpy_minimal_publisher build --build-base /home/minarady/ros2_ws/src/build/examples_rclpy_minimal_publisher/build install --prefix /home/minarady/ros2_ws/src/install/examples_rclpy_minimal_publisher --record /home/minarady/ros2_ws/src/build/examples_rclpy_minimal_publisher/install.log --single-version-externally-managed
[7.100s] running egg_info
[7.100s] creating ../../../../build/examples_rclpy_minimal_publisher/examples_rclpy_minimal_publisher.egg-info
[7.100s] writing ../../../../build/examples_rclpy_minimal_publisher/examples_rclpy_minimal_publisher.egg-info/PKG-INFO
[7.100s] writing dependency_links to ../../../../build/examples_rclpy_minimal_publisher/examples_rclpy_minimal_publisher.egg-info/dependency_links.txt
[7.100s] writing entry points to ../../../../build/examples_rclpy_minimal_publisher/examples_rclpy_minimal_publisher.egg-info/entry_points.txt
[7.100s] writing requirements to ../../../../build/examples_rclpy_minimal_publisher/examples_rclpy_minimal_publisher.egg-info/requires.txt
[7.100s] writing top-level names to ../../../../build/examples_rclpy_minimal_publisher/examples_rclpy_minimal_publisher.egg-info/top_level.txt
[7.100s] writing manifest file '../../../../build/examples_rclpy_minimal_publisher/examples_rclpy_minimal_publisher.egg-info/SOURCES.txt'
[7.100s] reading manifest file '../../../../build/examples_rclpy_minimal_publisher/examples_rclpy_minimal_publisher.egg-info/SOURCES.txt'
[7.100s] writing manifest file '../../../../build/examples_rclpy_minimal_publisher/examples_rclpy_minimal_publisher.egg-info/SOURCES.txt'
[7.100s] running build
[7.100s] running build_py
[7.100s] creating /home/minarady/ros2_ws/src/build/examples_rclpy_minimal_publisher/build
[7.100s] creating /home/minarady/ros2_ws/src/build/examples_rclpy_minimal_publisher/build/lib
[7.100s] creating /home/minarady/ros2_ws/src/build/examples_rclpy_minimal_publisher/build/lib/examples_rclpy_minimal_publisher
[7.100s] copying examples_rclpy_minimal_publisher/publisher_local_function.py -> /home/minarady/ros2_ws/src/build/examples_rclpy_minimal_publisher/build/lib/examples_rclpy_minimal_publisher
[7.101s] copying examples_rclpy_minimal_publisher/publisher_old_school.py -> /home/minarady/ros2_ws/src/build/examples_rclpy_minimal_publisher/build/lib/examples_rclpy_minimal_publisher
[7.101s] copying examples_rclpy_minimal_publisher/publisher_member_function.py -> /home/minarady/ros2_ws/src/build/examples_rclpy_minimal_publisher/build/lib/examples_rclpy_minimal_publisher
[7.101s] copying examples_rclpy_minimal_publisher/__init__.py -> /home/minarady/ros2_ws/src/build/examples_rclpy_minimal_publisher/build/lib/examples_rclpy_minimal_publisher
[7.101s] running install
[7.101s] running install_lib
[7.101s] creating /home/minarady/ros2_ws/src/install/examples_rclpy_minimal_publisher/lib/python3.10/site-packages/examples_rclpy_minimal_publisher
[7.101s] copying /home/minarady/ros2_ws/src/build/examples_rclpy_minimal_publisher/build/lib/examples_rclpy_minimal_publisher/publisher_local_function.py -> /home/minarady/ros2_ws/src/install/examples_rclpy_minimal_publisher/lib/python3.10/site-packages/examples_rclpy_minimal_publisher
[7.101s] copying /home/minarady/ros2_ws/src/build/examples_rclpy_minimal_publisher/build/lib/examples_rclpy_minimal_publisher/publisher_old_school.py -> /home/minarady/ros2_ws/src/install/examples_rclpy_minimal_publisher/lib/python3.10/site-packages/examples_rclpy_minimal_publisher
[7.101s] copying /home/minarady/ros2_ws/src/build/examples_rclpy_minimal_publisher/build/lib/examples_rclpy_minimal_publisher/publisher_member_function.py -> /home/minarady/ros2_ws/src/install/examples_rclpy_minimal_publisher/lib/python3.10/site-packages/examples_rclpy_minimal_publisher
[7.101s] copying /home/minarady/ros2_ws/src/build/examples_rclpy_minimal_publisher/build/lib/examples_rclpy_minimal_publisher/__init__.py -> /home/minarady/ros2_ws/src/install/examples_rclpy_minimal_publisher/lib/python3.10/site-packages/examples_rclpy_minimal_publisher
[7.101s] byte-compiling /home/minarady/ros2_ws/src/install/examples_rclpy_minimal_publisher/lib/python3.10/site-packages/examples_rclpy_minimal_publisher/publisher_local_function.py to publisher_local_function.cpython-310.pyc
[7.101s] byte-compiling /home/minarady/ros2_ws/src/install/examples_rclpy_minimal_publisher/lib/python3.10/site-packages/examples_rclpy_minimal_publisher/publisher_old_school.py to publisher_old_school.cpython-310.pyc
[7.101s] byte-compiling /home/minarady/ros2_ws/src/install/examples_rclpy_minimal_publisher/lib/python3.10/site-packages/examples_rclpy_minimal_publisher/publisher_member_function.py to publisher_member_function.cpython-310.pyc
[7.101s] byte-compiling /home/minarady/ros2_ws/src/install/examples_rclpy_minimal_publisher/lib/python3.10/site-packages/examples_rclpy_minimal_publisher/__init__.py to __init__.cpython-310.pyc
[7.101s] running install_data
[7.101s] creating /home/minarady/ros2_ws/src/install/examples_rclpy_minimal_publisher/share/ament_index
[7.101s] creating /home/minarady/ros2_ws/src/install/examples_rclpy_minimal_publisher/share/ament_index/resource_index
[7.101s] creating /home/minarady/ros2_ws/src/install/examples_rclpy_minimal_publisher/share/ament_index/resource_index/packages
[7.101s] copying resource/examples_rclpy_minimal_publisher -> /home/minarady/ros2_ws/src/install/examples_rclpy_minimal_publisher/share/ament_index/resource_index/packages
[7.101s] copying package.xml -> /home/minarady/ros2_ws/src/install/examples_rclpy_minimal_publisher/share/examples_rclpy_minimal_publisher
[7.101s] running install_egg_info
[7.101s] Copying ../../../../build/examples_rclpy_minimal_publisher/examples_rclpy_minimal_publisher.egg-info to /home/minarady/ros2_ws/src/install/examples_rclpy_minimal_publisher/lib/python3.10/site-packages/examples_rclpy_minimal_publisher-0.15.1-py3.10.egg-info
[7.101s] running install_scripts
[7.101s] Installing publisher_local_function script to /home/minarady/ros2_ws/src/install/examples_rclpy_minimal_publisher/lib/examples_rclpy_minimal_publisher
[7.101s] Installing publisher_member_function script to /home/minarady/ros2_ws/src/install/examples_rclpy_minimal_publisher/lib/examples_rclpy_minimal_publisher
[7.101s] Installing publisher_old_school script to /home/minarady/ros2_ws/src/install/examples_rclpy_minimal_publisher/lib/examples_rclpy_minimal_publisher
[7.102s] writing list of installed files to '/home/minarady/ros2_ws/src/build/examples_rclpy_minimal_publisher/install.log'
[7.102s] /usr/lib/python3/dist-packages/setuptools/command/install.py:34: SetuptoolsDeprecationWarning: setup.py install is deprecated. Use build and pip and other standards-based tools.
[7.102s]   warnings.warn(
[7.127s] Invoked command in '/home/minarady/ros2_ws/src/examples/rclpy/topics/minimal_publisher' returned '0': PYTHONPATH=/home/minarady/ros2_ws/src/install/examples_rclpy_minimal_publisher/lib/python3.10/site-packages:${PYTHONPATH} /usr/bin/python3 setup.py egg_info --egg-base ../../../../build/examples_rclpy_minimal_publisher build --build-base /home/minarady/ros2_ws/src/build/examples_rclpy_minimal_publisher/build install --prefix /home/minarady/ros2_ws/src/install/examples_rclpy_minimal_publisher --record /home/minarady/ros2_ws/src/build/examples_rclpy_minimal_publisher/install.log --single-version-externally-managed
