[0.062s] Invoking command in '/home/minarady/ros2_ws/build/examples_rclcpp_wait_set': CMAKE_PREFIX_PATH=/opt/ros/humble /usr/bin/cmake --build /home/minarady/ros2_ws/build/examples_rclcpp_wait_set -- -j20 -l20
[1.084s] [  8%] Built target talker
[1.084s] [ 16%] Built target wait_set_listener
[1.084s] [ 25%] Built target wait_set_talker
[1.084s] [ 33%] Built target listener
[1.085s] [ 50%] Built target wait_set_topics_and_timer
[1.085s] [ 50%] Built target static_wait_set
[1.085s] [ 58%] Built target thread_safe_wait_set
[1.085s] [ 66%] Built target wait_set
[1.085s] [ 75%] Built target wait_set_topics_with_different_rates
[1.085s] [ 83%] Built target executor_random_order
[1.085s] [ 91%] Built target wait_set_random_order
[1.085s] [100%] Built target wait_set_composed
[1.094s] Invoked command in '/home/minarady/ros2_ws/build/examples_rclcpp_wait_set' returned '0': CMAKE_PREFIX_PATH=/opt/ros/humble /usr/bin/cmake --build /home/minarady/ros2_ws/build/examples_rclcpp_wait_set -- -j20 -l20
[1.155s] Invoking command in '/home/minarady/ros2_ws/build/examples_rclcpp_wait_set': CMAKE_PREFIX_PATH=/opt/ros/humble /usr/bin/cmake --install /home/minarady/ros2_ws/build/examples_rclcpp_wait_set
[1.159s] -- Install configuration: ""
[1.159s] -- Execute custom install script
[1.159s] -- Up-to-date symlink: /home/minarady/ros2_ws/install/examples_rclcpp_wait_set/lib/examples_rclcpp_wait_set/wait_set_talker
[1.159s] -- Up-to-date symlink: /home/minarady/ros2_ws/install/examples_rclcpp_wait_set/lib/examples_rclcpp_wait_set/wait_set_listener
[1.159s] -- Up-to-date symlink: /home/minarady/ros2_ws/install/examples_rclcpp_wait_set/lib/libtalker.so
[1.159s] -- Up-to-date symlink: /home/minarady/ros2_ws/install/examples_rclcpp_wait_set/lib/liblistener.so
[1.159s] -- Up-to-date symlink: /home/minarady/ros2_ws/install/examples_rclcpp_wait_set/lib/examples_rclcpp_wait_set/wait_set
[1.159s] -- Up-to-date symlink: /home/minarady/ros2_ws/install/examples_rclcpp_wait_set/lib/examples_rclcpp_wait_set/static_wait_set
[1.159s] -- Up-to-date symlink: /home/minarady/ros2_ws/install/examples_rclcpp_wait_set/lib/examples_rclcpp_wait_set/thread_safe_wait_set
[1.159s] -- Up-to-date symlink: /home/minarady/ros2_ws/install/examples_rclcpp_wait_set/lib/examples_rclcpp_wait_set/wait_set_topics_and_timer
[1.159s] -- Up-to-date symlink: /home/minarady/ros2_ws/install/examples_rclcpp_wait_set/lib/examples_rclcpp_wait_set/wait_set_random_order
[1.159s] -- Up-to-date symlink: /home/minarady/ros2_ws/install/examples_rclcpp_wait_set/lib/examples_rclcpp_wait_set/executor_random_order
[1.160s] -- Up-to-date symlink: /home/minarady/ros2_ws/install/examples_rclcpp_wait_set/lib/examples_rclcpp_wait_set/wait_set_topics_with_different_rates
[1.160s] -- Up-to-date symlink: /home/minarady/ros2_ws/install/examples_rclcpp_wait_set/lib/examples_rclcpp_wait_set/wait_set_composed
[1.160s] -- Up-to-date symlink: /home/minarady/ros2_ws/install/examples_rclcpp_wait_set/share/ament_index/resource_index/package_run_dependencies/examples_rclcpp_wait_set
[1.160s] -- Up-to-date symlink: /home/minarady/ros2_ws/install/examples_rclcpp_wait_set/share/ament_index/resource_index/parent_prefix_path/examples_rclcpp_wait_set
[1.160s] -- Up-to-date symlink: /home/minarady/ros2_ws/install/examples_rclcpp_wait_set/share/examples_rclcpp_wait_set/environment/ament_prefix_path.sh
[1.160s] -- Up-to-date symlink: /home/minarady/ros2_ws/install/examples_rclcpp_wait_set/share/examples_rclcpp_wait_set/environment/ament_prefix_path.dsv
[1.160s] -- Up-to-date symlink: /home/minarady/ros2_ws/install/examples_rclcpp_wait_set/share/examples_rclcpp_wait_set/environment/path.sh
[1.161s] -- Up-to-date symlink: /home/minarady/ros2_ws/install/examples_rclcpp_wait_set/share/examples_rclcpp_wait_set/environment/path.dsv
[1.161s] -- Up-to-date symlink: /home/minarady/ros2_ws/install/examples_rclcpp_wait_set/share/examples_rclcpp_wait_set/local_setup.bash
[1.161s] -- Up-to-date symlink: /home/minarady/ros2_ws/install/examples_rclcpp_wait_set/share/examples_rclcpp_wait_set/local_setup.sh
[1.161s] -- Up-to-date symlink: /home/minarady/ros2_ws/install/examples_rclcpp_wait_set/share/examples_rclcpp_wait_set/local_setup.zsh
[1.161s] -- Up-to-date symlink: /home/minarady/ros2_ws/install/examples_rclcpp_wait_set/share/examples_rclcpp_wait_set/local_setup.dsv
[1.161s] -- Symlinking: /home/minarady/ros2_ws/install/examples_rclcpp_wait_set/share/examples_rclcpp_wait_set/package.dsv
[1.163s] -- Up-to-date symlink: /home/minarady/ros2_ws/install/examples_rclcpp_wait_set/share/ament_index/resource_index/packages/examples_rclcpp_wait_set
[1.163s] -- Up-to-date symlink: /home/minarady/ros2_ws/install/examples_rclcpp_wait_set/share/ament_index/resource_index/rclcpp_components/examples_rclcpp_wait_set
[1.163s] -- Up-to-date symlink: /home/minarady/ros2_ws/install/examples_rclcpp_wait_set/share/examples_rclcpp_wait_set/cmake/examples_rclcpp_wait_setConfig.cmake
[1.163s] -- Up-to-date symlink: /home/minarady/ros2_ws/install/examples_rclcpp_wait_set/share/examples_rclcpp_wait_set/cmake/examples_rclcpp_wait_setConfig-version.cmake
[1.163s] -- Up-to-date symlink: /home/minarady/ros2_ws/install/examples_rclcpp_wait_set/share/examples_rclcpp_wait_set/package.xml
[1.282s] Invoked command in '/home/minarady/ros2_ws/build/examples_rclcpp_wait_set' returned '0': CMAKE_PREFIX_PATH=/opt/ros/humble /usr/bin/cmake --install /home/minarady/ros2_ws/build/examples_rclcpp_wait_set
