[2.852s] Invoking command in '/home/minarady/ros2_ws/build/examples_rclpy_minimal_client': PYTHONPATH=/home/minarady/ros2_ws/install/examples_rclpy_minimal_client/lib/python3.10/site-packages:${PYTHONPATH} /usr/bin/python3 setup.py develop --prefix /home/minarady/ros2_ws/install/examples_rclpy_minimal_client --editable --build-directory /home/minarady/ros2_ws/build/examples_rclpy_minimal_client/build --no-deps install_data --install-dir /home/minarady/ros2_ws/install/examples_rclpy_minimal_client
[11.423s] running develop
[11.423s] running egg_info
[11.424s] creating examples_rclpy_minimal_client.egg-info
[11.424s] writing examples_rclpy_minimal_client.egg-info/PKG-INFO
[11.424s] writing dependency_links to examples_rclpy_minimal_client.egg-info/dependency_links.txt
[11.424s] writing entry points to examples_rclpy_minimal_client.egg-info/entry_points.txt
[11.424s] writing requirements to examples_rclpy_minimal_client.egg-info/requires.txt
[11.424s] writing top-level names to examples_rclpy_minimal_client.egg-info/top_level.txt
[11.424s] writing manifest file 'examples_rclpy_minimal_client.egg-info/SOURCES.txt'
[11.424s] reading manifest file 'examples_rclpy_minimal_client.egg-info/SOURCES.txt'
[11.424s] writing manifest file 'examples_rclpy_minimal_client.egg-info/SOURCES.txt'
[11.424s] running build_ext
[11.424s] Creating /home/minarady/ros2_ws/install/examples_rclpy_minimal_client/lib/python3.10/site-packages/examples-rclpy-minimal-client.egg-link (link to .)
[11.424s] Installing client script to /home/minarady/ros2_ws/install/examples_rclpy_minimal_client/lib/examples_rclpy_minimal_client
[11.424s] Installing client_async script to /home/minarady/ros2_ws/install/examples_rclpy_minimal_client/lib/examples_rclpy_minimal_client
[11.424s] Installing client_async_callback script to /home/minarady/ros2_ws/install/examples_rclpy_minimal_client/lib/examples_rclpy_minimal_client
[11.424s] Installing client_async_member_function script to /home/minarady/ros2_ws/install/examples_rclpy_minimal_client/lib/examples_rclpy_minimal_client
[11.424s] 
[11.424s] Installed /home/minarady/ros2_ws/build/examples_rclpy_minimal_client
[11.424s] running install_data
[11.424s] creating /home/minarady/ros2_ws/install/examples_rclpy_minimal_client/share/ament_index
[11.425s] creating /home/minarady/ros2_ws/install/examples_rclpy_minimal_client/share/ament_index/resource_index
[11.425s] creating /home/minarady/ros2_ws/install/examples_rclpy_minimal_client/share/ament_index/resource_index/packages
[11.425s] copying resource/examples_rclpy_minimal_client -> /home/minarady/ros2_ws/install/examples_rclpy_minimal_client/share/ament_index/resource_index/packages
[11.425s] copying package.xml -> /home/minarady/ros2_ws/install/examples_rclpy_minimal_client/share/examples_rclpy_minimal_client
[11.425s] /usr/lib/python3/dist-packages/setuptools/command/easy_install.py:158: EasyInstallDeprecationWarning: easy_install command is deprecated. Use build and pip and other standards-based tools.
[11.425s]   warnings.warn(
[11.425s] /usr/lib/python3/dist-packages/setuptools/command/install.py:34: SetuptoolsDeprecationWarning: setup.py install is deprecated. Use build and pip and other standards-based tools.
[11.425s]   warnings.warn(
[11.425s] /usr/lib/python3/dist-packages/pkg_resources/__init__.py:116: PkgResourcesDeprecationWarning: 1.1build1 is an invalid version and will not be supported in a future release
[11.425s]   warnings.warn(
[11.425s] /usr/lib/python3/dist-packages/pkg_resources/__init__.py:116: PkgResourcesDeprecationWarning: 0.1.43ubuntu1 is an invalid version and will not be supported in a future release
[11.425s]   warnings.warn(
[11.529s] Invoked command in '/home/minarady/ros2_ws/build/examples_rclpy_minimal_client' returned '0': PYTHONPATH=/home/minarady/ros2_ws/install/examples_rclpy_minimal_client/lib/python3.10/site-packages:${PYTHONPATH} /usr/bin/python3 setup.py develop --prefix /home/minarady/ros2_ws/install/examples_rclpy_minimal_client --editable --build-directory /home/minarady/ros2_ws/build/examples_rclpy_minimal_client/build --no-deps install_data --install-dir /home/minarady/ros2_ws/install/examples_rclpy_minimal_client
