[7.927s] Invoking command in '/home/minarady/ros2_ws/src/examples/rclpy/guard_conditions': PYTHONPATH=/home/minarady/ros2_ws/src/install/examples_rclpy_guard_conditions/lib/python3.10/site-packages:${PYTHONPATH} /usr/bin/python3 setup.py egg_info --egg-base ../../../build/examples_rclpy_guard_conditions build --build-base /home/minarady/ros2_ws/src/build/examples_rclpy_guard_conditions/build install --prefix /home/minarady/ros2_ws/src/install/examples_rclpy_guard_conditions --record /home/minarady/ros2_ws/src/build/examples_rclpy_guard_conditions/install.log --single-version-externally-managed
[11.898s] running egg_info
[11.898s] writing ../../../build/examples_rclpy_guard_conditions/examples_rclpy_guard_conditions.egg-info/PKG-INFO
[11.899s] writing dependency_links to ../../../build/examples_rclpy_guard_conditions/examples_rclpy_guard_conditions.egg-info/dependency_links.txt
[11.899s] writing entry points to ../../../build/examples_rclpy_guard_conditions/examples_rclpy_guard_conditions.egg-info/entry_points.txt
[11.899s] writing requirements to ../../../build/examples_rclpy_guard_conditions/examples_rclpy_guard_conditions.egg-info/requires.txt
[11.899s] writing top-level names to ../../../build/examples_rclpy_guard_conditions/examples_rclpy_guard_conditions.egg-info/top_level.txt
[11.899s] reading manifest file '../../../build/examples_rclpy_guard_conditions/examples_rclpy_guard_conditions.egg-info/SOURCES.txt'
[11.899s] writing manifest file '../../../build/examples_rclpy_guard_conditions/examples_rclpy_guard_conditions.egg-info/SOURCES.txt'
[11.899s] running build
[11.900s] running build_py
[11.900s] running install
[11.900s] running install_lib
[11.900s] running install_data
[11.900s] running install_egg_info
[11.900s] removing '/home/minarady/ros2_ws/src/install/examples_rclpy_guard_conditions/lib/python3.10/site-packages/examples_rclpy_guard_conditions-0.15.1-py3.10.egg-info' (and everything under it)
[11.900s] Copying ../../../build/examples_rclpy_guard_conditions/examples_rclpy_guard_conditions.egg-info to /home/minarady/ros2_ws/src/install/examples_rclpy_guard_conditions/lib/python3.10/site-packages/examples_rclpy_guard_conditions-0.15.1-py3.10.egg-info
[11.900s] running install_scripts
[11.901s] Installing trigger_guard_condition script to /home/minarady/ros2_ws/src/install/examples_rclpy_guard_conditions/lib/examples_rclpy_guard_conditions
[11.901s] writing list of installed files to '/home/minarady/ros2_ws/src/build/examples_rclpy_guard_conditions/install.log'
[11.904s] /usr/lib/python3/dist-packages/setuptools/command/install.py:34: SetuptoolsDeprecationWarning: setup.py install is deprecated. Use build and pip and other standards-based tools.
[11.904s]   warnings.warn(
[11.955s] Invoked command in '/home/minarady/ros2_ws/src/examples/rclpy/guard_conditions' returned '0': PYTHONPATH=/home/minarady/ros2_ws/src/install/examples_rclpy_guard_conditions/lib/python3.10/site-packages:${PYTHONPATH} /usr/bin/python3 setup.py egg_info --egg-base ../../../build/examples_rclpy_guard_conditions build --build-base /home/minarady/ros2_ws/src/build/examples_rclpy_guard_conditions/build install --prefix /home/minarady/ros2_ws/src/install/examples_rclpy_guard_conditions --record /home/minarady/ros2_ws/src/build/examples_rclpy_guard_conditions/install.log --single-version-externally-managed
