[1.443s] Invoking command in '/home/minarady/ros2_ws/build/examples_rclpy_guard_conditions': PYTHONPATH=/home/minarady/ros2_ws/install/examples_rclpy_guard_conditions/lib/python3.10/site-packages:${PYTHONPATH} /usr/bin/python3 setup.py develop --prefix /home/minarady/ros2_ws/install/examples_rclpy_guard_conditions --uninstall --editable --build-directory /home/minarady/ros2_ws/build/examples_rclpy_guard_conditions/build
[1.571s] running develop
[1.572s] /usr/lib/python3/dist-packages/setuptools/command/easy_install.py:158: EasyInstallDeprecationWarning: easy_install command is deprecated. Use build and pip and other standards-based tools.
[1.572s]   warnings.warn(
[1.572s] /usr/lib/python3/dist-packages/setuptools/command/install.py:34: SetuptoolsDeprecationWarning: setup.py install is deprecated. Use build and pip and other standards-based tools.
[1.572s]   warnings.warn(
[1.597s] /usr/lib/python3/dist-packages/pkg_resources/__init__.py:116: PkgResourcesDeprecationWarning: 1.1build1 is an invalid version and will not be supported in a future release
[1.597s]   warnings.warn(
[1.597s] /usr/lib/python3/dist-packages/pkg_resources/__init__.py:116: PkgResourcesDeprecationWarning: 0.1.43ubuntu1 is an invalid version and will not be supported in a future release
[1.597s]   warnings.warn(
[1.919s] Invoked command in '/home/minarady/ros2_ws/build/examples_rclpy_guard_conditions' returned '0': PYTHONPATH=/home/minarady/ros2_ws/install/examples_rclpy_guard_conditions/lib/python3.10/site-packages:${PYTHONPATH} /usr/bin/python3 setup.py develop --prefix /home/minarady/ros2_ws/install/examples_rclpy_guard_conditions --uninstall --editable --build-directory /home/minarady/ros2_ws/build/examples_rclpy_guard_conditions/build
[1.920s] Invoking command in '/home/minarady/ros2_ws/src/examples/rclpy/guard_conditions': PYTHONPATH=/home/minarady/ros2_ws/install/examples_rclpy_guard_conditions/lib/python3.10/site-packages:${PYTHONPATH} /usr/bin/python3 setup.py egg_info --egg-base ../../../../build/examples_rclpy_guard_conditions build --build-base /home/minarady/ros2_ws/build/examples_rclpy_guard_conditions/build install --prefix /home/minarady/ros2_ws/install/examples_rclpy_guard_conditions --record /home/minarady/ros2_ws/build/examples_rclpy_guard_conditions/install.log --single-version-externally-managed
[2.046s] running egg_info
[2.046s] writing ../../../../build/examples_rclpy_guard_conditions/examples_rclpy_guard_conditions.egg-info/PKG-INFO
[2.055s] writing dependency_links to ../../../../build/examples_rclpy_guard_conditions/examples_rclpy_guard_conditions.egg-info/dependency_links.txt
[2.055s] writing entry points to ../../../../build/examples_rclpy_guard_conditions/examples_rclpy_guard_conditions.egg-info/entry_points.txt
[2.056s] writing requirements to ../../../../build/examples_rclpy_guard_conditions/examples_rclpy_guard_conditions.egg-info/requires.txt
[2.056s] writing top-level names to ../../../../build/examples_rclpy_guard_conditions/examples_rclpy_guard_conditions.egg-info/top_level.txt
[2.060s] reading manifest file '../../../../build/examples_rclpy_guard_conditions/examples_rclpy_guard_conditions.egg-info/SOURCES.txt'
[2.061s] writing manifest file '../../../../build/examples_rclpy_guard_conditions/examples_rclpy_guard_conditions.egg-info/SOURCES.txt'
[2.062s] running build
[2.062s] running build_py
[2.063s] creating /home/minarady/ros2_ws/build/examples_rclpy_guard_conditions/build
[2.063s] creating /home/minarady/ros2_ws/build/examples_rclpy_guard_conditions/build/lib
[2.063s] creating /home/minarady/ros2_ws/build/examples_rclpy_guard_conditions/build/lib/examples_rclpy_guard_conditions
[2.063s] copying examples_rclpy_guard_conditions/trigger_guard_condition.py -> /home/minarady/ros2_ws/build/examples_rclpy_guard_conditions/build/lib/examples_rclpy_guard_conditions
[2.064s] copying examples_rclpy_guard_conditions/__init__.py -> /home/minarady/ros2_ws/build/examples_rclpy_guard_conditions/build/lib/examples_rclpy_guard_conditions
[2.065s] running install
[2.065s] /usr/lib/python3/dist-packages/setuptools/command/install.py:34: SetuptoolsDeprecationWarning: setup.py install is deprecated. Use build and pip and other standards-based tools.
[2.065s]   warnings.warn(
[2.066s] running install_lib
[2.067s] creating /home/minarady/ros2_ws/install/examples_rclpy_guard_conditions/lib/python3.10/site-packages/examples_rclpy_guard_conditions
[2.067s] copying /home/minarady/ros2_ws/build/examples_rclpy_guard_conditions/build/lib/examples_rclpy_guard_conditions/trigger_guard_condition.py -> /home/minarady/ros2_ws/install/examples_rclpy_guard_conditions/lib/python3.10/site-packages/examples_rclpy_guard_conditions
[2.068s] copying /home/minarady/ros2_ws/build/examples_rclpy_guard_conditions/build/lib/examples_rclpy_guard_conditions/__init__.py -> /home/minarady/ros2_ws/install/examples_rclpy_guard_conditions/lib/python3.10/site-packages/examples_rclpy_guard_conditions
[2.069s] byte-compiling /home/minarady/ros2_ws/install/examples_rclpy_guard_conditions/lib/python3.10/site-packages/examples_rclpy_guard_conditions/trigger_guard_condition.py to trigger_guard_condition.cpython-310.pyc
[2.070s] byte-compiling /home/minarady/ros2_ws/install/examples_rclpy_guard_conditions/lib/python3.10/site-packages/examples_rclpy_guard_conditions/__init__.py to __init__.cpython-310.pyc
[2.070s] running install_data
[2.070s] running install_egg_info
[2.072s] Copying ../../../../build/examples_rclpy_guard_conditions/examples_rclpy_guard_conditions.egg-info to /home/minarady/ros2_ws/install/examples_rclpy_guard_conditions/lib/python3.10/site-packages/examples_rclpy_guard_conditions-0.15.1-py3.10.egg-info
[2.072s] running install_scripts
[2.077s] Installing trigger_guard_condition script to /home/minarady/ros2_ws/install/examples_rclpy_guard_conditions/lib/examples_rclpy_guard_conditions
[2.077s] writing list of installed files to '/home/minarady/ros2_ws/build/examples_rclpy_guard_conditions/install.log'
[2.104s] Invoked command in '/home/minarady/ros2_ws/src/examples/rclpy/guard_conditions' returned '0': PYTHONPATH=/home/minarady/ros2_ws/install/examples_rclpy_guard_conditions/lib/python3.10/site-packages:${PYTHONPATH} /usr/bin/python3 setup.py egg_info --egg-base ../../../../build/examples_rclpy_guard_conditions build --build-base /home/minarady/ros2_ws/build/examples_rclpy_guard_conditions/build install --prefix /home/minarady/ros2_ws/install/examples_rclpy_guard_conditions --record /home/minarady/ros2_ws/build/examples_rclpy_guard_conditions/install.log --single-version-externally-managed
