[0.073s] Invoking command in '/home/minarady/ros2_ws/src/build/examples_rclcpp_minimal_publisher': CMAKE_PREFIX_PATH=${CMAKE_PREFIX_PATH}:/home/minarady/ros2_ws/install/tx_control:/home/minarady/ros2_ws/install/launch_testing_examples:/home/minarady/ros2_ws/install/examples_rclpy_pointcloud_publisher:/home/minarady/ros2_ws/install/examples_rclpy_minimal_subscriber:/home/minarady/ros2_ws/install/examples_rclpy_minimal_service:/home/minarady/ros2_ws/install/examples_rclpy_minimal_publisher:/home/minarady/ros2_ws/install/examples_rclpy_minimal_client:/home/minarady/ros2_ws/install/examples_rclpy_minimal_action_server:/home/minarady/ros2_ws/install/examples_rclpy_minimal_action_client:/home/minarady/ros2_ws/install/examples_rclpy_guard_conditions:/home/minarady/ros2_ws/install/examples_rclpy_executors:/opt/ros/humble /usr/bin/cmake --build /home/minarady/ros2_ws/src/build/examples_rclcpp_minimal_publisher -- -j20 -l20
[7.227s] [  8%] [32mBuilding CXX object CMakeFiles/publisher_lambda.dir/lambda.cpp.o[0m
[7.227s] [ 16%] [32mBuilding CXX object CMakeFiles/publisher_member_function.dir/member_function.cpp.o[0m
[7.228s] [ 25%] [32mBuilding CXX object CMakeFiles/publisher_member_function_with_type_adapter.dir/member_function_with_type_adapter.cpp.o[0m
[7.228s] [ 33%] [32mBuilding CXX object CMakeFiles/publisher_member_function_with_unique_network_flow_endpoints.dir/member_function_with_unique_network_flow_endpoints.cpp.o[0m
[7.228s] [ 41%] [32mBuilding CXX object CMakeFiles/publisher_wait_for_all_acked.dir/member_function_with_wait_for_all_acked.cpp.o[0m
[7.228s] [ 50%] [32mBuilding CXX object CMakeFiles/publisher_not_composable.dir/not_composable.cpp.o[0m
[13.695s] [ 58%] [32m[1mLinking CXX executable publisher_not_composable[0m
[14.102s] [ 58%] Built target publisher_not_composable
[14.197s] [ 66%] [32m[1mLinking CXX executable publisher_wait_for_all_acked[0m
[14.388s] [ 75%] [32m[1mLinking CXX executable publisher_member_function[0m
[14.539s] [ 75%] Built target publisher_wait_for_all_acked
[14.991s] [ 75%] Built target publisher_member_function
[14.991s] [ 83%] [32m[1mLinking CXX executable publisher_lambda[0m
[15.427s] [ 91%] [32m[1mLinking CXX executable publisher_member_function_with_unique_network_flow_endpoints[0m
[15.479s] [ 91%] Built target publisher_lambda
[15.712s] [ 91%] Built target publisher_member_function_with_unique_network_flow_endpoints
[16.176s] [100%] [32m[1mLinking CXX executable publisher_member_function_with_type_adapter[0m
[16.583s] [100%] Built target publisher_member_function_with_type_adapter
[16.628s] Invoked command in '/home/minarady/ros2_ws/src/build/examples_rclcpp_minimal_publisher' returned '0': CMAKE_PREFIX_PATH=${CMAKE_PREFIX_PATH}:/home/minarady/ros2_ws/install/tx_control:/home/minarady/ros2_ws/install/launch_testing_examples:/home/minarady/ros2_ws/install/examples_rclpy_pointcloud_publisher:/home/minarady/ros2_ws/install/examples_rclpy_minimal_subscriber:/home/minarady/ros2_ws/install/examples_rclpy_minimal_service:/home/minarady/ros2_ws/install/examples_rclpy_minimal_publisher:/home/minarady/ros2_ws/install/examples_rclpy_minimal_client:/home/minarady/ros2_ws/install/examples_rclpy_minimal_action_server:/home/minarady/ros2_ws/install/examples_rclpy_minimal_action_client:/home/minarady/ros2_ws/install/examples_rclpy_guard_conditions:/home/minarady/ros2_ws/install/examples_rclpy_executors:/opt/ros/humble /usr/bin/cmake --build /home/minarady/ros2_ws/src/build/examples_rclcpp_minimal_publisher -- -j20 -l20
[17.213s] Invoking command in '/home/minarady/ros2_ws/src/build/examples_rclcpp_minimal_publisher': CMAKE_PREFIX_PATH=${CMAKE_PREFIX_PATH}:/home/minarady/ros2_ws/install/tx_control:/home/minarady/ros2_ws/install/launch_testing_examples:/home/minarady/ros2_ws/install/examples_rclpy_pointcloud_publisher:/home/minarady/ros2_ws/install/examples_rclpy_minimal_subscriber:/home/minarady/ros2_ws/install/examples_rclpy_minimal_service:/home/minarady/ros2_ws/install/examples_rclpy_minimal_publisher:/home/minarady/ros2_ws/install/examples_rclpy_minimal_client:/home/minarady/ros2_ws/install/examples_rclpy_minimal_action_server:/home/minarady/ros2_ws/install/examples_rclpy_minimal_action_client:/home/minarady/ros2_ws/install/examples_rclpy_guard_conditions:/home/minarady/ros2_ws/install/examples_rclpy_executors:/opt/ros/humble /usr/bin/cmake --install /home/minarady/ros2_ws/src/build/examples_rclcpp_minimal_publisher
[17.227s] -- Install configuration: ""
[17.228s] -- Installing: /home/minarady/ros2_ws/src/install/examples_rclcpp_minimal_publisher/lib/examples_rclcpp_minimal_publisher/publisher_lambda
[17.228s] -- Set runtime path of "/home/minarady/ros2_ws/src/install/examples_rclcpp_minimal_publisher/lib/examples_rclcpp_minimal_publisher/publisher_lambda" to ""
[17.228s] -- Installing: /home/minarady/ros2_ws/src/install/examples_rclcpp_minimal_publisher/lib/examples_rclcpp_minimal_publisher/publisher_member_function
[17.228s] -- Set runtime path of "/home/minarady/ros2_ws/src/install/examples_rclcpp_minimal_publisher/lib/examples_rclcpp_minimal_publisher/publisher_member_function" to ""
[17.228s] -- Installing: /home/minarady/ros2_ws/src/install/examples_rclcpp_minimal_publisher/lib/examples_rclcpp_minimal_publisher/publisher_member_function_with_type_adapter
[17.228s] -- Set runtime path of "/home/minarady/ros2_ws/src/install/examples_rclcpp_minimal_publisher/lib/examples_rclcpp_minimal_publisher/publisher_member_function_with_type_adapter" to ""
[17.228s] -- Installing: /home/minarady/ros2_ws/src/install/examples_rclcpp_minimal_publisher/lib/examples_rclcpp_minimal_publisher/publisher_member_function_with_unique_network_flow_endpoints
[17.228s] -- Set runtime path of "/home/minarady/ros2_ws/src/install/examples_rclcpp_minimal_publisher/lib/examples_rclcpp_minimal_publisher/publisher_member_function_with_unique_network_flow_endpoints" to ""
[17.229s] -- Installing: /home/minarady/ros2_ws/src/install/examples_rclcpp_minimal_publisher/lib/examples_rclcpp_minimal_publisher/publisher_wait_for_all_acked
[17.229s] -- Set runtime path of "/home/minarady/ros2_ws/src/install/examples_rclcpp_minimal_publisher/lib/examples_rclcpp_minimal_publisher/publisher_wait_for_all_acked" to ""
[17.229s] -- Installing: /home/minarady/ros2_ws/src/install/examples_rclcpp_minimal_publisher/lib/examples_rclcpp_minimal_publisher/publisher_not_composable
[17.230s] -- Set runtime path of "/home/minarady/ros2_ws/src/install/examples_rclcpp_minimal_publisher/lib/examples_rclcpp_minimal_publisher/publisher_not_composable" to ""
[17.231s] -- Installing: /home/minarady/ros2_ws/src/install/examples_rclcpp_minimal_publisher/share/ament_index/resource_index/package_run_dependencies/examples_rclcpp_minimal_publisher
[17.231s] -- Installing: /home/minarady/ros2_ws/src/install/examples_rclcpp_minimal_publisher/share/ament_index/resource_index/parent_prefix_path/examples_rclcpp_minimal_publisher
[17.231s] -- Installing: /home/minarady/ros2_ws/src/install/examples_rclcpp_minimal_publisher/share/examples_rclcpp_minimal_publisher/environment/ament_prefix_path.sh
[17.231s] -- Installing: /home/minarady/ros2_ws/src/install/examples_rclcpp_minimal_publisher/share/examples_rclcpp_minimal_publisher/environment/ament_prefix_path.dsv
[17.231s] -- Installing: /home/minarady/ros2_ws/src/install/examples_rclcpp_minimal_publisher/share/examples_rclcpp_minimal_publisher/environment/path.sh
[17.231s] -- Installing: /home/minarady/ros2_ws/src/install/examples_rclcpp_minimal_publisher/share/examples_rclcpp_minimal_publisher/environment/path.dsv
[17.232s] -- Installing: /home/minarady/ros2_ws/src/install/examples_rclcpp_minimal_publisher/share/examples_rclcpp_minimal_publisher/local_setup.bash
[17.232s] -- Installing: /home/minarady/ros2_ws/src/install/examples_rclcpp_minimal_publisher/share/examples_rclcpp_minimal_publisher/local_setup.sh
[17.232s] -- Installing: /home/minarady/ros2_ws/src/install/examples_rclcpp_minimal_publisher/share/examples_rclcpp_minimal_publisher/local_setup.zsh
[17.232s] -- Installing: /home/minarady/ros2_ws/src/install/examples_rclcpp_minimal_publisher/share/examples_rclcpp_minimal_publisher/local_setup.dsv
[17.232s] -- Installing: /home/minarady/ros2_ws/src/install/examples_rclcpp_minimal_publisher/share/examples_rclcpp_minimal_publisher/package.dsv
[17.232s] -- Installing: /home/minarady/ros2_ws/src/install/examples_rclcpp_minimal_publisher/share/ament_index/resource_index/packages/examples_rclcpp_minimal_publisher
[17.233s] -- Installing: /home/minarady/ros2_ws/src/install/examples_rclcpp_minimal_publisher/share/examples_rclcpp_minimal_publisher/cmake/examples_rclcpp_minimal_publisherConfig.cmake
[17.233s] -- Installing: /home/minarady/ros2_ws/src/install/examples_rclcpp_minimal_publisher/share/examples_rclcpp_minimal_publisher/cmake/examples_rclcpp_minimal_publisherConfig-version.cmake
[17.233s] -- Installing: /home/minarady/ros2_ws/src/install/examples_rclcpp_minimal_publisher/share/examples_rclcpp_minimal_publisher/package.xml
[17.239s] Invoked command in '/home/minarady/ros2_ws/src/build/examples_rclcpp_minimal_publisher' returned '0': CMAKE_PREFIX_PATH=${CMAKE_PREFIX_PATH}:/home/minarady/ros2_ws/install/tx_control:/home/minarady/ros2_ws/install/launch_testing_examples:/home/minarady/ros2_ws/install/examples_rclpy_pointcloud_publisher:/home/minarady/ros2_ws/install/examples_rclpy_minimal_subscriber:/home/minarady/ros2_ws/install/examples_rclpy_minimal_service:/home/minarady/ros2_ws/install/examples_rclpy_minimal_publisher:/home/minarady/ros2_ws/install/examples_rclpy_minimal_client:/home/minarady/ros2_ws/install/examples_rclpy_minimal_action_server:/home/minarady/ros2_ws/install/examples_rclpy_minimal_action_client:/home/minarady/ros2_ws/install/examples_rclpy_guard_conditions:/home/minarady/ros2_ws/install/examples_rclpy_executors:/opt/ros/humble /usr/bin/cmake --install /home/minarady/ros2_ws/src/build/examples_rclcpp_minimal_publisher
