[1.906s] Invoking command in '/home/minarady/ros2_ws/build/examples_rclpy_minimal_action_server': PYTHONPATH=/home/minarady/ros2_ws/install/examples_rclpy_minimal_action_server/lib/python3.10/site-packages:${PYTHONPATH} /usr/bin/python3 setup.py develop --prefix /home/minarady/ros2_ws/install/examples_rclpy_minimal_action_server --uninstall --editable --build-directory /home/minarady/ros2_ws/build/examples_rclpy_minimal_action_server/build
[2.054s] running develop
[2.055s] /usr/lib/python3/dist-packages/setuptools/command/easy_install.py:158: EasyInstallDeprecationWarning: easy_install command is deprecated. Use build and pip and other standards-based tools.
[2.055s]   warnings.warn(
[2.055s] /usr/lib/python3/dist-packages/setuptools/command/install.py:34: SetuptoolsDeprecationWarning: setup.py install is deprecated. Use build and pip and other standards-based tools.
[2.055s]   warnings.warn(
[2.089s] /usr/lib/python3/dist-packages/pkg_resources/__init__.py:116: PkgResourcesDeprecationWarning: 1.1build1 is an invalid version and will not be supported in a future release
[2.089s]   warnings.warn(
[2.089s] /usr/lib/python3/dist-packages/pkg_resources/__init__.py:116: PkgResourcesDeprecationWarning: 0.1.43ubuntu1 is an invalid version and will not be supported in a future release
[2.089s]   warnings.warn(
[2.161s] Invoked command in '/home/minarady/ros2_ws/build/examples_rclpy_minimal_action_server' returned '0': PYTHONPATH=/home/minarady/ros2_ws/install/examples_rclpy_minimal_action_server/lib/python3.10/site-packages:${PYTHONPATH} /usr/bin/python3 setup.py develop --prefix /home/minarady/ros2_ws/install/examples_rclpy_minimal_action_server --uninstall --editable --build-directory /home/minarady/ros2_ws/build/examples_rclpy_minimal_action_server/build
[2.161s] Invoking command in '/home/minarady/ros2_ws/src/examples/rclpy/actions/minimal_action_server': PYTHONPATH=/home/minarady/ros2_ws/install/examples_rclpy_minimal_action_server/lib/python3.10/site-packages:${PYTHONPATH} /usr/bin/python3 setup.py egg_info --egg-base ../../../../../build/examples_rclpy_minimal_action_server build --build-base /home/minarady/ros2_ws/build/examples_rclpy_minimal_action_server/build install --prefix /home/minarady/ros2_ws/install/examples_rclpy_minimal_action_server --record /home/minarady/ros2_ws/build/examples_rclpy_minimal_action_server/install.log --single-version-externally-managed
[2.297s] running egg_info
[2.298s] writing ../../../../../build/examples_rclpy_minimal_action_server/examples_rclpy_minimal_action_server.egg-info/PKG-INFO
[2.298s] writing dependency_links to ../../../../../build/examples_rclpy_minimal_action_server/examples_rclpy_minimal_action_server.egg-info/dependency_links.txt
[2.298s] writing entry points to ../../../../../build/examples_rclpy_minimal_action_server/examples_rclpy_minimal_action_server.egg-info/entry_points.txt
[2.298s] writing requirements to ../../../../../build/examples_rclpy_minimal_action_server/examples_rclpy_minimal_action_server.egg-info/requires.txt
[2.298s] writing top-level names to ../../../../../build/examples_rclpy_minimal_action_server/examples_rclpy_minimal_action_server.egg-info/top_level.txt
[2.299s] reading manifest file '../../../../../build/examples_rclpy_minimal_action_server/examples_rclpy_minimal_action_server.egg-info/SOURCES.txt'
[2.299s] writing manifest file '../../../../../build/examples_rclpy_minimal_action_server/examples_rclpy_minimal_action_server.egg-info/SOURCES.txt'
[2.299s] running build
[2.300s] running build_py
[2.300s] running install
[2.300s] /usr/lib/python3/dist-packages/setuptools/command/install.py:34: SetuptoolsDeprecationWarning: setup.py install is deprecated. Use build and pip and other standards-based tools.
[2.300s]   warnings.warn(
[2.300s] running install_lib
[2.301s] running install_data
[2.301s] running install_egg_info
[2.302s] removing '/home/minarady/ros2_ws/install/examples_rclpy_minimal_action_server/lib/python3.10/site-packages/examples_rclpy_minimal_action_server-0.15.1-py3.10.egg-info' (and everything under it)
[2.302s] Copying ../../../../../build/examples_rclpy_minimal_action_server/examples_rclpy_minimal_action_server.egg-info to /home/minarady/ros2_ws/install/examples_rclpy_minimal_action_server/lib/python3.10/site-packages/examples_rclpy_minimal_action_server-0.15.1-py3.10.egg-info
[2.302s] running install_scripts
[2.316s] Installing server script to /home/minarady/ros2_ws/install/examples_rclpy_minimal_action_server/lib/examples_rclpy_minimal_action_server
[2.316s] Installing server_defer script to /home/minarady/ros2_ws/install/examples_rclpy_minimal_action_server/lib/examples_rclpy_minimal_action_server
[2.316s] Installing server_not_composable script to /home/minarady/ros2_ws/install/examples_rclpy_minimal_action_server/lib/examples_rclpy_minimal_action_server
[2.316s] Installing server_queue_goals script to /home/minarady/ros2_ws/install/examples_rclpy_minimal_action_server/lib/examples_rclpy_minimal_action_server
[2.317s] Installing server_single_goal script to /home/minarady/ros2_ws/install/examples_rclpy_minimal_action_server/lib/examples_rclpy_minimal_action_server
[2.317s] writing list of installed files to '/home/minarady/ros2_ws/build/examples_rclpy_minimal_action_server/install.log'
[2.336s] Invoked command in '/home/minarady/ros2_ws/src/examples/rclpy/actions/minimal_action_server' returned '0': PYTHONPATH=/home/minarady/ros2_ws/install/examples_rclpy_minimal_action_server/lib/python3.10/site-packages:${PYTHONPATH} /usr/bin/python3 setup.py egg_info --egg-base ../../../../../build/examples_rclpy_minimal_action_server build --build-base /home/minarady/ros2_ws/build/examples_rclpy_minimal_action_server/build install --prefix /home/minarady/ros2_ws/install/examples_rclpy_minimal_action_server --record /home/minarady/ros2_ws/build/examples_rclpy_minimal_action_server/install.log --single-version-externally-managed
