[8.946s] Invoking command in '/home/minarady/ros2_ws/src/examples/rclpy/actions/minimal_action_client': PYTHONPATH=/home/minarady/ros2_ws/src/install/examples_rclpy_minimal_action_client/lib/python3.10/site-packages:${PYTHONPATH} /usr/bin/python3 setup.py egg_info --egg-base ../../../../build/examples_rclpy_minimal_action_client build --build-base /home/minarady/ros2_ws/src/build/examples_rclpy_minimal_action_client/build install --prefix /home/minarady/ros2_ws/src/install/examples_rclpy_minimal_action_client --record /home/minarady/ros2_ws/src/build/examples_rclpy_minimal_action_client/install.log --single-version-externally-managed
[11.921s] running egg_info
[11.921s] writing ../../../../build/examples_rclpy_minimal_action_client/examples_rclpy_minimal_action_client.egg-info/PKG-INFO
[11.922s] writing dependency_links to ../../../../build/examples_rclpy_minimal_action_client/examples_rclpy_minimal_action_client.egg-info/dependency_links.txt
[11.922s] writing entry points to ../../../../build/examples_rclpy_minimal_action_client/examples_rclpy_minimal_action_client.egg-info/entry_points.txt
[11.922s] writing requirements to ../../../../build/examples_rclpy_minimal_action_client/examples_rclpy_minimal_action_client.egg-info/requires.txt
[11.922s] writing top-level names to ../../../../build/examples_rclpy_minimal_action_client/examples_rclpy_minimal_action_client.egg-info/top_level.txt
[11.922s] reading manifest file '../../../../build/examples_rclpy_minimal_action_client/examples_rclpy_minimal_action_client.egg-info/SOURCES.txt'
[11.922s] writing manifest file '../../../../build/examples_rclpy_minimal_action_client/examples_rclpy_minimal_action_client.egg-info/SOURCES.txt'
[11.922s] running build
[11.922s] running build_py
[11.922s] running install
[11.922s] running install_lib
[11.923s] running install_data
[11.923s] running install_egg_info
[11.923s] removing '/home/minarady/ros2_ws/src/install/examples_rclpy_minimal_action_client/lib/python3.10/site-packages/examples_rclpy_minimal_action_client-0.15.1-py3.10.egg-info' (and everything under it)
[11.923s] Copying ../../../../build/examples_rclpy_minimal_action_client/examples_rclpy_minimal_action_client.egg-info to /home/minarady/ros2_ws/src/install/examples_rclpy_minimal_action_client/lib/python3.10/site-packages/examples_rclpy_minimal_action_client-0.15.1-py3.10.egg-info
[11.923s] running install_scripts
[11.923s] Installing client script to /home/minarady/ros2_ws/src/install/examples_rclpy_minimal_action_client/lib/examples_rclpy_minimal_action_client
[11.923s] Installing client_asyncio script to /home/minarady/ros2_ws/src/install/examples_rclpy_minimal_action_client/lib/examples_rclpy_minimal_action_client
[11.923s] Installing client_cancel script to /home/minarady/ros2_ws/src/install/examples_rclpy_minimal_action_client/lib/examples_rclpy_minimal_action_client
[11.923s] Installing client_not_composable script to /home/minarady/ros2_ws/src/install/examples_rclpy_minimal_action_client/lib/examples_rclpy_minimal_action_client
[11.923s] writing list of installed files to '/home/minarady/ros2_ws/src/build/examples_rclpy_minimal_action_client/install.log'
[11.923s] /usr/lib/python3/dist-packages/setuptools/command/install.py:34: SetuptoolsDeprecationWarning: setup.py install is deprecated. Use build and pip and other standards-based tools.
[11.924s]   warnings.warn(
[12.203s] Invoked command in '/home/minarady/ros2_ws/src/examples/rclpy/actions/minimal_action_client' returned '0': PYTHONPATH=/home/minarady/ros2_ws/src/install/examples_rclpy_minimal_action_client/lib/python3.10/site-packages:${PYTHONPATH} /usr/bin/python3 setup.py egg_info --egg-base ../../../../build/examples_rclpy_minimal_action_client build --build-base /home/minarady/ros2_ws/src/build/examples_rclpy_minimal_action_client/build install --prefix /home/minarady/ros2_ws/src/install/examples_rclpy_minimal_action_client --record /home/minarady/ros2_ws/src/build/examples_rclpy_minimal_action_client/install.log --single-version-externally-managed
