[1.903s] Invoking command in '/home/minarady/ros2_ws/build/examples_rclpy_minimal_publisher': PYTHONPATH=/home/minarady/ros2_ws/install/examples_rclpy_minimal_publisher/lib/python3.10/site-packages:${PYTHONPATH} /usr/bin/python3 setup.py develop --prefix /home/minarady/ros2_ws/install/examples_rclpy_minimal_publisher --uninstall --editable --build-directory /home/minarady/ros2_ws/build/examples_rclpy_minimal_publisher/build
[2.052s] running develop
[2.052s] /usr/lib/python3/dist-packages/setuptools/command/easy_install.py:158: EasyInstallDeprecationWarning: easy_install command is deprecated. Use build and pip and other standards-based tools.
[2.052s]   warnings.warn(
[2.053s] /usr/lib/python3/dist-packages/setuptools/command/install.py:34: SetuptoolsDeprecationWarning: setup.py install is deprecated. Use build and pip and other standards-based tools.
[2.053s]   warnings.warn(
[2.083s] /usr/lib/python3/dist-packages/pkg_resources/__init__.py:116: PkgResourcesDeprecationWarning: 1.1build1 is an invalid version and will not be supported in a future release
[2.083s]   warnings.warn(
[2.083s] /usr/lib/python3/dist-packages/pkg_resources/__init__.py:116: PkgResourcesDeprecationWarning: 0.1.43ubuntu1 is an invalid version and will not be supported in a future release
[2.083s]   warnings.warn(
[2.161s] Invoked command in '/home/minarady/ros2_ws/build/examples_rclpy_minimal_publisher' returned '0': PYTHONPATH=/home/minarady/ros2_ws/install/examples_rclpy_minimal_publisher/lib/python3.10/site-packages:${PYTHONPATH} /usr/bin/python3 setup.py develop --prefix /home/minarady/ros2_ws/install/examples_rclpy_minimal_publisher --uninstall --editable --build-directory /home/minarady/ros2_ws/build/examples_rclpy_minimal_publisher/build
[2.161s] Invoking command in '/home/minarady/ros2_ws/src/examples/rclpy/topics/minimal_publisher': PYTHONPATH=/home/minarady/ros2_ws/install/examples_rclpy_minimal_publisher/lib/python3.10/site-packages:${PYTHONPATH} /usr/bin/python3 setup.py egg_info --egg-base ../../../../../build/examples_rclpy_minimal_publisher build --build-base /home/minarady/ros2_ws/build/examples_rclpy_minimal_publisher/build install --prefix /home/minarady/ros2_ws/install/examples_rclpy_minimal_publisher --record /home/minarady/ros2_ws/build/examples_rclpy_minimal_publisher/install.log --single-version-externally-managed
[2.298s] running egg_info
[2.299s] writing ../../../../../build/examples_rclpy_minimal_publisher/examples_rclpy_minimal_publisher.egg-info/PKG-INFO
[2.299s] writing dependency_links to ../../../../../build/examples_rclpy_minimal_publisher/examples_rclpy_minimal_publisher.egg-info/dependency_links.txt
[2.299s] writing entry points to ../../../../../build/examples_rclpy_minimal_publisher/examples_rclpy_minimal_publisher.egg-info/entry_points.txt
[2.299s] writing requirements to ../../../../../build/examples_rclpy_minimal_publisher/examples_rclpy_minimal_publisher.egg-info/requires.txt
[2.299s] writing top-level names to ../../../../../build/examples_rclpy_minimal_publisher/examples_rclpy_minimal_publisher.egg-info/top_level.txt
[2.299s] reading manifest file '../../../../../build/examples_rclpy_minimal_publisher/examples_rclpy_minimal_publisher.egg-info/SOURCES.txt'
[2.300s] writing manifest file '../../../../../build/examples_rclpy_minimal_publisher/examples_rclpy_minimal_publisher.egg-info/SOURCES.txt'
[2.300s] running build
[2.300s] running build_py
[2.300s] /usr/lib/python3/dist-packages/setuptools/command/install.py:34: SetuptoolsDeprecationWarning: setup.py install is deprecated. Use build and pip and other standards-based tools.
[2.300s]   warnings.warn(
[2.300s] running install
[2.301s] running install_lib
[2.301s] running install_data
[2.301s] running install_egg_info
[2.302s] removing '/home/minarady/ros2_ws/install/examples_rclpy_minimal_publisher/lib/python3.10/site-packages/examples_rclpy_minimal_publisher-0.15.1-py3.10.egg-info' (and everything under it)
[2.302s] Copying ../../../../../build/examples_rclpy_minimal_publisher/examples_rclpy_minimal_publisher.egg-info to /home/minarady/ros2_ws/install/examples_rclpy_minimal_publisher/lib/python3.10/site-packages/examples_rclpy_minimal_publisher-0.15.1-py3.10.egg-info
[2.303s] running install_scripts
[2.317s] Installing publisher_local_function script to /home/minarady/ros2_ws/install/examples_rclpy_minimal_publisher/lib/examples_rclpy_minimal_publisher
[2.317s] Installing publisher_member_function script to /home/minarady/ros2_ws/install/examples_rclpy_minimal_publisher/lib/examples_rclpy_minimal_publisher
[2.317s] Installing publisher_old_school script to /home/minarady/ros2_ws/install/examples_rclpy_minimal_publisher/lib/examples_rclpy_minimal_publisher
[2.317s] writing list of installed files to '/home/minarady/ros2_ws/build/examples_rclpy_minimal_publisher/install.log'
[2.353s] Invoked command in '/home/minarady/ros2_ws/src/examples/rclpy/topics/minimal_publisher' returned '0': PYTHONPATH=/home/minarady/ros2_ws/install/examples_rclpy_minimal_publisher/lib/python3.10/site-packages:${PYTHONPATH} /usr/bin/python3 setup.py egg_info --egg-base ../../../../../build/examples_rclpy_minimal_publisher build --build-base /home/minarady/ros2_ws/build/examples_rclpy_minimal_publisher/build install --prefix /home/minarady/ros2_ws/install/examples_rclpy_minimal_publisher --record /home/minarady/ros2_ws/build/examples_rclpy_minimal_publisher/install.log --single-version-externally-managed
