[1.580s] Invoking command in '/home/minarady/ros2_ws/build/examples_rclpy_executors': PYTHONPATH=/home/minarady/ros2_ws/install/examples_rclpy_executors/lib/python3.10/site-packages:${PYTHONPATH} /usr/bin/python3 setup.py develop --prefix /home/minarady/ros2_ws/install/examples_rclpy_executors --uninstall --editable --build-directory /home/minarady/ros2_ws/build/examples_rclpy_executors/build
[1.914s] running develop
[1.915s] /usr/lib/python3/dist-packages/setuptools/command/easy_install.py:158: EasyInstallDeprecationWarning: easy_install command is deprecated. Use build and pip and other standards-based tools.
[1.915s]   warnings.warn(
[1.915s] /usr/lib/python3/dist-packages/setuptools/command/install.py:34: SetuptoolsDeprecationWarning: setup.py install is deprecated. Use build and pip and other standards-based tools.
[1.916s]   warnings.warn(
[1.916s] /usr/lib/python3/dist-packages/pkg_resources/__init__.py:116: PkgResourcesDeprecationWarning: 1.1build1 is an invalid version and will not be supported in a future release
[1.916s]   warnings.warn(
[1.916s] /usr/lib/python3/dist-packages/pkg_resources/__init__.py:116: PkgResourcesDeprecationWarning: 0.1.43ubuntu1 is an invalid version and will not be supported in a future release
[1.916s]   warnings.warn(
[1.925s] Invoked command in '/home/minarady/ros2_ws/build/examples_rclpy_executors' returned '0': PYTHONPATH=/home/minarady/ros2_ws/install/examples_rclpy_executors/lib/python3.10/site-packages:${PYTHONPATH} /usr/bin/python3 setup.py develop --prefix /home/minarady/ros2_ws/install/examples_rclpy_executors --uninstall --editable --build-directory /home/minarady/ros2_ws/build/examples_rclpy_executors/build
[1.926s] Invoking command in '/home/minarady/ros2_ws/src/examples/rclpy/executors': PYTHONPATH=/home/minarady/ros2_ws/install/examples_rclpy_executors/lib/python3.10/site-packages:${PYTHONPATH} /usr/bin/python3 setup.py egg_info --egg-base ../../../../build/examples_rclpy_executors build --build-base /home/minarady/ros2_ws/build/examples_rclpy_executors/build install --prefix /home/minarady/ros2_ws/install/examples_rclpy_executors --record /home/minarady/ros2_ws/build/examples_rclpy_executors/install.log --single-version-externally-managed
[2.052s] running egg_info
[2.053s] writing ../../../../build/examples_rclpy_executors/examples_rclpy_executors.egg-info/PKG-INFO
[2.059s] writing dependency_links to ../../../../build/examples_rclpy_executors/examples_rclpy_executors.egg-info/dependency_links.txt
[2.060s] writing entry points to ../../../../build/examples_rclpy_executors/examples_rclpy_executors.egg-info/entry_points.txt
[2.060s] writing requirements to ../../../../build/examples_rclpy_executors/examples_rclpy_executors.egg-info/requires.txt
[2.060s] writing top-level names to ../../../../build/examples_rclpy_executors/examples_rclpy_executors.egg-info/top_level.txt
[2.063s] reading manifest file '../../../../build/examples_rclpy_executors/examples_rclpy_executors.egg-info/SOURCES.txt'
[2.065s] writing manifest file '../../../../build/examples_rclpy_executors/examples_rclpy_executors.egg-info/SOURCES.txt'
[2.065s] running build
[2.065s] running build_py
[2.067s] creating /home/minarady/ros2_ws/build/examples_rclpy_executors/build
[2.067s] creating /home/minarady/ros2_ws/build/examples_rclpy_executors/build/lib
[2.067s] creating /home/minarady/ros2_ws/build/examples_rclpy_executors/build/lib/examples_rclpy_executors
[2.067s] copying examples_rclpy_executors/listener.py -> /home/minarady/ros2_ws/build/examples_rclpy_executors/build/lib/examples_rclpy_executors
[2.068s] copying examples_rclpy_executors/callback_group.py -> /home/minarady/ros2_ws/build/examples_rclpy_executors/build/lib/examples_rclpy_executors
[2.068s] copying examples_rclpy_executors/composed.py -> /home/minarady/ros2_ws/build/examples_rclpy_executors/build/lib/examples_rclpy_executors
[2.069s] copying examples_rclpy_executors/talker.py -> /home/minarady/ros2_ws/build/examples_rclpy_executors/build/lib/examples_rclpy_executors
[2.069s] copying examples_rclpy_executors/__init__.py -> /home/minarady/ros2_ws/build/examples_rclpy_executors/build/lib/examples_rclpy_executors
[2.069s] copying examples_rclpy_executors/custom_executor.py -> /home/minarady/ros2_ws/build/examples_rclpy_executors/build/lib/examples_rclpy_executors
[2.070s] copying examples_rclpy_executors/custom_callback_group.py -> /home/minarady/ros2_ws/build/examples_rclpy_executors/build/lib/examples_rclpy_executors
[2.071s] running install
[2.071s] /usr/lib/python3/dist-packages/setuptools/command/install.py:34: SetuptoolsDeprecationWarning: setup.py install is deprecated. Use build and pip and other standards-based tools.
[2.071s]   warnings.warn(
[2.071s] running install_lib
[2.073s] creating /home/minarady/ros2_ws/install/examples_rclpy_executors/lib/python3.10/site-packages/examples_rclpy_executors
[2.073s] copying /home/minarady/ros2_ws/build/examples_rclpy_executors/build/lib/examples_rclpy_executors/listener.py -> /home/minarady/ros2_ws/install/examples_rclpy_executors/lib/python3.10/site-packages/examples_rclpy_executors
[2.073s] copying /home/minarady/ros2_ws/build/examples_rclpy_executors/build/lib/examples_rclpy_executors/callback_group.py -> /home/minarady/ros2_ws/install/examples_rclpy_executors/lib/python3.10/site-packages/examples_rclpy_executors
[2.073s] copying /home/minarady/ros2_ws/build/examples_rclpy_executors/build/lib/examples_rclpy_executors/composed.py -> /home/minarady/ros2_ws/install/examples_rclpy_executors/lib/python3.10/site-packages/examples_rclpy_executors
[2.073s] copying /home/minarady/ros2_ws/build/examples_rclpy_executors/build/lib/examples_rclpy_executors/talker.py -> /home/minarady/ros2_ws/install/examples_rclpy_executors/lib/python3.10/site-packages/examples_rclpy_executors
[2.073s] copying /home/minarady/ros2_ws/build/examples_rclpy_executors/build/lib/examples_rclpy_executors/__init__.py -> /home/minarady/ros2_ws/install/examples_rclpy_executors/lib/python3.10/site-packages/examples_rclpy_executors
[2.073s] copying /home/minarady/ros2_ws/build/examples_rclpy_executors/build/lib/examples_rclpy_executors/custom_executor.py -> /home/minarady/ros2_ws/install/examples_rclpy_executors/lib/python3.10/site-packages/examples_rclpy_executors
[2.073s] copying /home/minarady/ros2_ws/build/examples_rclpy_executors/build/lib/examples_rclpy_executors/custom_callback_group.py -> /home/minarady/ros2_ws/install/examples_rclpy_executors/lib/python3.10/site-packages/examples_rclpy_executors
[2.074s] byte-compiling /home/minarady/ros2_ws/install/examples_rclpy_executors/lib/python3.10/site-packages/examples_rclpy_executors/listener.py to listener.cpython-310.pyc
[2.074s] byte-compiling /home/minarady/ros2_ws/install/examples_rclpy_executors/lib/python3.10/site-packages/examples_rclpy_executors/callback_group.py to callback_group.cpython-310.pyc
[2.075s] byte-compiling /home/minarady/ros2_ws/install/examples_rclpy_executors/lib/python3.10/site-packages/examples_rclpy_executors/composed.py to composed.cpython-310.pyc
[2.075s] byte-compiling /home/minarady/ros2_ws/install/examples_rclpy_executors/lib/python3.10/site-packages/examples_rclpy_executors/talker.py to talker.cpython-310.pyc
[2.076s] byte-compiling /home/minarady/ros2_ws/install/examples_rclpy_executors/lib/python3.10/site-packages/examples_rclpy_executors/__init__.py to __init__.cpython-310.pyc
[2.076s] byte-compiling /home/minarady/ros2_ws/install/examples_rclpy_executors/lib/python3.10/site-packages/examples_rclpy_executors/custom_executor.py to custom_executor.cpython-310.pyc
[2.076s] byte-compiling /home/minarady/ros2_ws/install/examples_rclpy_executors/lib/python3.10/site-packages/examples_rclpy_executors/custom_callback_group.py to custom_callback_group.cpython-310.pyc
[2.076s] running install_data
[2.077s] running install_egg_info
[2.077s] Copying ../../../../build/examples_rclpy_executors/examples_rclpy_executors.egg-info to /home/minarady/ros2_ws/install/examples_rclpy_executors/lib/python3.10/site-packages/examples_rclpy_executors-0.15.1-py3.10.egg-info
[2.077s] running install_scripts
[2.083s] Installing callback_group script to /home/minarady/ros2_ws/install/examples_rclpy_executors/lib/examples_rclpy_executors
[2.083s] Installing composed script to /home/minarady/ros2_ws/install/examples_rclpy_executors/lib/examples_rclpy_executors
[2.083s] Installing custom_callback_group script to /home/minarady/ros2_ws/install/examples_rclpy_executors/lib/examples_rclpy_executors
[2.083s] Installing custom_executor script to /home/minarady/ros2_ws/install/examples_rclpy_executors/lib/examples_rclpy_executors
[2.083s] Installing listener script to /home/minarady/ros2_ws/install/examples_rclpy_executors/lib/examples_rclpy_executors
[2.083s] Installing talker script to /home/minarady/ros2_ws/install/examples_rclpy_executors/lib/examples_rclpy_executors
[2.083s] writing list of installed files to '/home/minarady/ros2_ws/build/examples_rclpy_executors/install.log'
[2.114s] Invoked command in '/home/minarady/ros2_ws/src/examples/rclpy/executors' returned '0': PYTHONPATH=/home/minarady/ros2_ws/install/examples_rclpy_executors/lib/python3.10/site-packages:${PYTHONPATH} /usr/bin/python3 setup.py egg_info --egg-base ../../../../build/examples_rclpy_executors build --build-base /home/minarady/ros2_ws/build/examples_rclpy_executors/build install --prefix /home/minarady/ros2_ws/install/examples_rclpy_executors --record /home/minarady/ros2_ws/build/examples_rclpy_executors/install.log --single-version-externally-managed
