[2.916s] Invoking command in '/home/minarady/ros2_ws/build/examples_rclpy_minimal_action_client': PYTHONPATH=/home/minarady/ros2_ws/install/examples_rclpy_minimal_action_client/lib/python3.10/site-packages:${PYTHONPATH} /usr/bin/python3 setup.py develop --prefix /home/minarady/ros2_ws/install/examples_rclpy_minimal_action_client --editable --build-directory /home/minarady/ros2_ws/build/examples_rclpy_minimal_action_client/build --no-deps install_data --install-dir /home/minarady/ros2_ws/install/examples_rclpy_minimal_action_client
[11.433s] running develop
[11.433s] running egg_info
[11.433s] creating examples_rclpy_minimal_action_client.egg-info
[11.433s] writing examples_rclpy_minimal_action_client.egg-info/PKG-INFO
[11.433s] writing dependency_links to examples_rclpy_minimal_action_client.egg-info/dependency_links.txt
[11.433s] writing entry points to examples_rclpy_minimal_action_client.egg-info/entry_points.txt
[11.433s] writing requirements to examples_rclpy_minimal_action_client.egg-info/requires.txt
[11.433s] writing top-level names to examples_rclpy_minimal_action_client.egg-info/top_level.txt
[11.433s] writing manifest file 'examples_rclpy_minimal_action_client.egg-info/SOURCES.txt'
[11.434s] reading manifest file 'examples_rclpy_minimal_action_client.egg-info/SOURCES.txt'
[11.434s] writing manifest file 'examples_rclpy_minimal_action_client.egg-info/SOURCES.txt'
[11.434s] running build_ext
[11.434s] Creating /home/minarady/ros2_ws/install/examples_rclpy_minimal_action_client/lib/python3.10/site-packages/examples-rclpy-minimal-action-client.egg-link (link to .)
[11.434s] Installing client script to /home/minarady/ros2_ws/install/examples_rclpy_minimal_action_client/lib/examples_rclpy_minimal_action_client
[11.434s] Installing client_asyncio script to /home/minarady/ros2_ws/install/examples_rclpy_minimal_action_client/lib/examples_rclpy_minimal_action_client
[11.434s] Installing client_cancel script to /home/minarady/ros2_ws/install/examples_rclpy_minimal_action_client/lib/examples_rclpy_minimal_action_client
[11.434s] Installing client_not_composable script to /home/minarady/ros2_ws/install/examples_rclpy_minimal_action_client/lib/examples_rclpy_minimal_action_client
[11.434s] 
[11.434s] Installed /home/minarady/ros2_ws/build/examples_rclpy_minimal_action_client
[11.434s] running install_data
[11.434s] creating /home/minarady/ros2_ws/install/examples_rclpy_minimal_action_client/share/ament_index
[11.434s] creating /home/minarady/ros2_ws/install/examples_rclpy_minimal_action_client/share/ament_index/resource_index
[11.434s] creating /home/minarady/ros2_ws/install/examples_rclpy_minimal_action_client/share/ament_index/resource_index/packages
[11.434s] copying resource/examples_rclpy_minimal_action_client -> /home/minarady/ros2_ws/install/examples_rclpy_minimal_action_client/share/ament_index/resource_index/packages
[11.434s] copying package.xml -> /home/minarady/ros2_ws/install/examples_rclpy_minimal_action_client/share/examples_rclpy_minimal_action_client
[11.434s] /usr/lib/python3/dist-packages/setuptools/command/easy_install.py:158: EasyInstallDeprecationWarning: easy_install command is deprecated. Use build and pip and other standards-based tools.
[11.434s]   warnings.warn(
[11.435s] /usr/lib/python3/dist-packages/setuptools/command/install.py:34: SetuptoolsDeprecationWarning: setup.py install is deprecated. Use build and pip and other standards-based tools.
[11.435s]   warnings.warn(
[11.435s] /usr/lib/python3/dist-packages/pkg_resources/__init__.py:116: PkgResourcesDeprecationWarning: 1.1build1 is an invalid version and will not be supported in a future release
[11.435s]   warnings.warn(
[11.435s] /usr/lib/python3/dist-packages/pkg_resources/__init__.py:116: PkgResourcesDeprecationWarning: 0.1.43ubuntu1 is an invalid version and will not be supported in a future release
[11.435s]   warnings.warn(
[11.551s] Invoked command in '/home/minarady/ros2_ws/build/examples_rclpy_minimal_action_client' returned '0': PYTHONPATH=/home/minarady/ros2_ws/install/examples_rclpy_minimal_action_client/lib/python3.10/site-packages:${PYTHONPATH} /usr/bin/python3 setup.py develop --prefix /home/minarady/ros2_ws/install/examples_rclpy_minimal_action_client --editable --build-directory /home/minarady/ros2_ws/build/examples_rclpy_minimal_action_client/build --no-deps install_data --install-dir /home/minarady/ros2_ws/install/examples_rclpy_minimal_action_client
