[1.392s] Invoking command in '/home/minarady/ros2_ws/build/examples_rclpy_minimal_action_server': PYTHONPATH=/home/minarady/ros2_ws/install/examples_rclpy_minimal_action_server/lib/python3.10/site-packages:${PYTHONPATH} /usr/bin/python3 setup.py develop --prefix /home/minarady/ros2_ws/install/examples_rclpy_minimal_action_server --editable --build-directory /home/minarady/ros2_ws/build/examples_rclpy_minimal_action_server/build --no-deps install_data --install-dir /home/minarady/ros2_ws/install/examples_rclpy_minimal_action_server
[1.751s] running develop
[1.751s] running egg_info
[1.751s] writing examples_rclpy_minimal_action_server.egg-info/PKG-INFO
[1.751s] writing dependency_links to examples_rclpy_minimal_action_server.egg-info/dependency_links.txt
[1.751s] writing entry points to examples_rclpy_minimal_action_server.egg-info/entry_points.txt
[1.752s] writing requirements to examples_rclpy_minimal_action_server.egg-info/requires.txt
[1.752s] writing top-level names to examples_rclpy_minimal_action_server.egg-info/top_level.txt
[1.752s] reading manifest file 'examples_rclpy_minimal_action_server.egg-info/SOURCES.txt'
[1.752s] writing manifest file 'examples_rclpy_minimal_action_server.egg-info/SOURCES.txt'
[1.752s] running build_ext
[1.752s] Creating /home/minarady/ros2_ws/install/examples_rclpy_minimal_action_server/lib/python3.10/site-packages/examples-rclpy-minimal-action-server.egg-link (link to .)
[1.752s] Installing server script to /home/minarady/ros2_ws/install/examples_rclpy_minimal_action_server/lib/examples_rclpy_minimal_action_server
[1.752s] Installing server_defer script to /home/minarady/ros2_ws/install/examples_rclpy_minimal_action_server/lib/examples_rclpy_minimal_action_server
[1.752s] Installing server_not_composable script to /home/minarady/ros2_ws/install/examples_rclpy_minimal_action_server/lib/examples_rclpy_minimal_action_server
[1.752s] Installing server_queue_goals script to /home/minarady/ros2_ws/install/examples_rclpy_minimal_action_server/lib/examples_rclpy_minimal_action_server
[1.752s] Installing server_single_goal script to /home/minarady/ros2_ws/install/examples_rclpy_minimal_action_server/lib/examples_rclpy_minimal_action_server
[1.752s] 
[1.752s] Installed /home/minarady/ros2_ws/build/examples_rclpy_minimal_action_server
[1.753s] running install_data
[1.753s] /usr/lib/python3/dist-packages/setuptools/command/easy_install.py:158: EasyInstallDeprecationWarning: easy_install command is deprecated. Use build and pip and other standards-based tools.
[1.753s]   warnings.warn(
[1.753s] /usr/lib/python3/dist-packages/setuptools/command/install.py:34: SetuptoolsDeprecationWarning: setup.py install is deprecated. Use build and pip and other standards-based tools.
[1.753s]   warnings.warn(
[1.753s] /usr/lib/python3/dist-packages/pkg_resources/__init__.py:116: PkgResourcesDeprecationWarning: 1.1build1 is an invalid version and will not be supported in a future release
[1.753s]   warnings.warn(
[1.753s] /usr/lib/python3/dist-packages/pkg_resources/__init__.py:116: PkgResourcesDeprecationWarning: 0.1.43ubuntu1 is an invalid version and will not be supported in a future release
[1.753s]   warnings.warn(
[1.822s] Invoked command in '/home/minarady/ros2_ws/build/examples_rclpy_minimal_action_server' returned '0': PYTHONPATH=/home/minarady/ros2_ws/install/examples_rclpy_minimal_action_server/lib/python3.10/site-packages:${PYTHONPATH} /usr/bin/python3 setup.py develop --prefix /home/minarady/ros2_ws/install/examples_rclpy_minimal_action_server --editable --build-directory /home/minarady/ros2_ws/build/examples_rclpy_minimal_action_server/build --no-deps install_data --install-dir /home/minarady/ros2_ws/install/examples_rclpy_minimal_action_server
