[2.565s] Invoking command in '/home/minarady/ros2_ws/build/examples_rclpy_guard_conditions': PYTHONPATH=/home/minarady/ros2_ws/install/examples_rclpy_guard_conditions/lib/python3.10/site-packages:${PYTHONPATH} /usr/bin/python3 setup.py develop --prefix /home/minarady/ros2_ws/install/examples_rclpy_guard_conditions --editable --build-directory /home/minarady/ros2_ws/build/examples_rclpy_guard_conditions/build --no-deps install_data --install-dir /home/minarady/ros2_ws/install/examples_rclpy_guard_conditions
[11.430s] running develop
[11.430s] running egg_info
[11.430s] creating examples_rclpy_guard_conditions.egg-info
[11.430s] writing examples_rclpy_guard_conditions.egg-info/PKG-INFO
[11.430s] writing dependency_links to examples_rclpy_guard_conditions.egg-info/dependency_links.txt
[11.430s] writing entry points to examples_rclpy_guard_conditions.egg-info/entry_points.txt
[11.431s] writing requirements to examples_rclpy_guard_conditions.egg-info/requires.txt
[11.431s] writing top-level names to examples_rclpy_guard_conditions.egg-info/top_level.txt
[11.431s] writing manifest file 'examples_rclpy_guard_conditions.egg-info/SOURCES.txt'
[11.431s] reading manifest file 'examples_rclpy_guard_conditions.egg-info/SOURCES.txt'
[11.431s] writing manifest file 'examples_rclpy_guard_conditions.egg-info/SOURCES.txt'
[11.431s] running build_ext
[11.431s] Creating /home/minarady/ros2_ws/install/examples_rclpy_guard_conditions/lib/python3.10/site-packages/examples-rclpy-guard-conditions.egg-link (link to .)
[11.431s] Installing trigger_guard_condition script to /home/minarady/ros2_ws/install/examples_rclpy_guard_conditions/lib/examples_rclpy_guard_conditions
[11.431s] 
[11.431s] Installed /home/minarady/ros2_ws/build/examples_rclpy_guard_conditions
[11.431s] running install_data
[11.431s] creating /home/minarady/ros2_ws/install/examples_rclpy_guard_conditions/share/ament_index
[11.431s] creating /home/minarady/ros2_ws/install/examples_rclpy_guard_conditions/share/ament_index/resource_index
[11.431s] creating /home/minarady/ros2_ws/install/examples_rclpy_guard_conditions/share/ament_index/resource_index/packages
[11.431s] copying resource/examples_rclpy_guard_conditions -> /home/minarady/ros2_ws/install/examples_rclpy_guard_conditions/share/ament_index/resource_index/packages
[11.431s] copying package.xml -> /home/minarady/ros2_ws/install/examples_rclpy_guard_conditions/share/examples_rclpy_guard_conditions
[11.431s] /usr/lib/python3/dist-packages/setuptools/command/easy_install.py:158: EasyInstallDeprecationWarning: easy_install command is deprecated. Use build and pip and other standards-based tools.
[11.431s]   warnings.warn(
[11.432s] /usr/lib/python3/dist-packages/setuptools/command/install.py:34: SetuptoolsDeprecationWarning: setup.py install is deprecated. Use build and pip and other standards-based tools.
[11.432s]   warnings.warn(
[11.432s] /usr/lib/python3/dist-packages/pkg_resources/__init__.py:116: PkgResourcesDeprecationWarning: 1.1build1 is an invalid version and will not be supported in a future release
[11.432s]   warnings.warn(
[11.432s] /usr/lib/python3/dist-packages/pkg_resources/__init__.py:116: PkgResourcesDeprecationWarning: 0.1.43ubuntu1 is an invalid version and will not be supported in a future release
[11.432s]   warnings.warn(
[11.495s] Invoked command in '/home/minarady/ros2_ws/build/examples_rclpy_guard_conditions' returned '0': PYTHONPATH=/home/minarady/ros2_ws/install/examples_rclpy_guard_conditions/lib/python3.10/site-packages:${PYTHONPATH} /usr/bin/python3 setup.py develop --prefix /home/minarady/ros2_ws/install/examples_rclpy_guard_conditions --editable --build-directory /home/minarady/ros2_ws/build/examples_rclpy_guard_conditions/build --no-deps install_data --install-dir /home/minarady/ros2_ws/install/examples_rclpy_guard_conditions
