running egg_info
writing ../build/tx_control/tx_control.egg-info/PKG-INFO
writing dependency_links to ../build/tx_control/tx_control.egg-info/dependency_links.txt
writing entry points to ../build/tx_control/tx_control.egg-info/entry_points.txt
writing requirements to ../build/tx_control/tx_control.egg-info/requires.txt
writing top-level names to ../build/tx_control/tx_control.egg-info/top_level.txt
reading manifest file '../build/tx_control/tx_control.egg-info/SOURCES.txt'
writing manifest file '../build/tx_control/tx_control.egg-info/SOURCES.txt'
running build
running build_py
copying tx_control/subscriber_member_function.py -> /home/minarady/ros2_ws/src/build/tx_control/build/lib/tx_control
copying tx_control/publisher_member_function.py -> /home/minarady/ros2_ws/src/build/tx_control/build/lib/tx_control
running install
running install_lib
copying /home/minarady/ros2_ws/src/build/tx_control/build/lib/tx_control/subscriber_member_function.py -> /home/minarady/ros2_ws/src/install/tx_control/lib/python3.10/site-packages/tx_control
copying /home/minarady/ros2_ws/src/build/tx_control/build/lib/tx_control/publisher_member_function.py -> /home/minarady/ros2_ws/src/install/tx_control/lib/python3.10/site-packages/tx_control
byte-compiling /home/minarady/ros2_ws/src/install/tx_control/lib/python3.10/site-packages/tx_control/subscriber_member_function.py to subscriber_member_function.cpython-310.pyc
byte-compiling /home/minarady/ros2_ws/src/install/tx_control/lib/python3.10/site-packages/tx_control/publisher_member_function.py to publisher_member_function.cpython-310.pyc
running install_data
copying package.xml -> /home/minarady/ros2_ws/src/install/tx_control/share/tx_control
running install_egg_info
removing '/home/minarady/ros2_ws/src/install/tx_control/lib/python3.10/site-packages/tx_control-0.0.0-py3.10.egg-info' (and everything under it)
Copying ../build/tx_control/tx_control.egg-info to /home/minarady/ros2_ws/src/install/tx_control/lib/python3.10/site-packages/tx_control-0.0.0-py3.10.egg-info
running install_scripts
Installing listener script to /home/minarady/ros2_ws/src/install/tx_control/lib/tx_control
Installing talker script to /home/minarady/ros2_ws/src/install/tx_control/lib/tx_control
writing list of installed files to '/home/minarady/ros2_ws/src/build/tx_control/install.log'
