[0.058s] Invoking command in '/home/minarady/ros2_ws/build/examples_rclcpp_minimal_publisher': CMAKE_PREFIX_PATH=/opt/ros/humble /usr/bin/cmake /home/minarady/ros2_ws/src/examples/rclcpp/topics/minimal_publisher -DAMENT_CMAKE_SYMLINK_INSTALL=1 -DCMAKE_INSTALL_PREFIX=/home/minarady/ros2_ws/install/examples_rclcpp_minimal_publisher
[1.358s] -- The C compiler identification is GNU 11.3.0
[1.358s] -- The CXX compiler identification is GNU 11.3.0
[1.358s] -- Detecting C compiler ABI info
[1.358s] -- Detecting C compiler ABI info - done
[1.359s] -- Check for working C compiler: /usr/bin/cc - skipped
[1.359s] -- Detecting C compile features
[1.359s] -- Detecting C compile features - done
[1.359s] -- Detecting CXX compiler ABI info
[1.359s] -- Detecting CXX compiler ABI info - done
[1.359s] -- Check for working CXX compiler: /usr/bin/c++ - skipped
[1.360s] -- Detecting CXX compile features
[1.361s] -- Detecting CXX compile features - done
[1.361s] -- Found ament_cmake: 1.3.2 (/opt/ros/humble/share/ament_cmake/cmake)
[1.361s] -- Found Python3: /usr/bin/python3.10 (found version "3.10.6") found components: Interpreter 
[1.361s] -- Override CMake install command with custom implementation using symlinks instead of copying resources
[1.361s] -- Found rclcpp: 16.0.1 (/opt/ros/humble/share/rclcpp/cmake)
[1.361s] -- Found rosidl_generator_c: 3.1.3 (/opt/ros/humble/share/rosidl_generator_c/cmake)
[1.361s] -- Found rosidl_adapter: 3.1.3 (/opt/ros/humble/share/rosidl_adapter/cmake)
[1.361s] -- Found rosidl_generator_cpp: 3.1.3 (/opt/ros/humble/share/rosidl_generator_cpp/cmake)
[1.361s] -- Using all available rosidl_typesupport_c: rosidl_typesupport_fastrtps_c;rosidl_typesupport_introspection_c
[1.361s] -- Using all available rosidl_typesupport_cpp: rosidl_typesupport_fastrtps_cpp;rosidl_typesupport_introspection_cpp
[1.361s] -- Found rmw_implementation_cmake: 6.1.0 (/opt/ros/humble/share/rmw_implementation_cmake/cmake)
[1.361s] -- Found rmw_fastrtps_cpp: 6.2.1 (/opt/ros/humble/share/rmw_fastrtps_cpp/cmake)
[1.361s] -- Found OpenSSL: /usr/lib/x86_64-linux-gnu/libcrypto.so (found version "3.0.2")  
[1.361s] -- Found FastRTPS: /opt/ros/humble/include  
[1.362s] -- Using RMW implementation 'rmw_fastrtps_cpp' as default
[1.362s] -- Found ament_lint_auto: 0.12.4 (/opt/ros/humble/share/ament_lint_auto/cmake)
[1.362s] -- Added test 'copyright' to check source files copyright and LICENSE
[1.362s] -- Added test 'cppcheck' to perform static code analysis on C / C++ code
[1.362s] -- Configured cppcheck include dirs: 
[1.362s] -- Configured cppcheck exclude dirs and/or files: 
[1.362s] -- Added test 'cpplint' to check C / C++ code against the Google style
[1.362s] -- Configured cpplint exclude dirs and/or files: 
[1.362s] -- Added test 'lint_cmake' to check CMake code style
[1.362s] -- Added test 'uncrustify' to check C / C++ code style
[1.362s] -- Configured uncrustify additional arguments: 
[1.362s] -- Added test 'xmllint' to check XML markup files
[1.362s] -- Configuring done
[1.362s] -- Generating done
[1.362s] -- Build files have been written to: /home/minarady/ros2_ws/build/examples_rclcpp_minimal_publisher
[1.383s] Invoked command in '/home/minarady/ros2_ws/build/examples_rclcpp_minimal_publisher' returned '0': CMAKE_PREFIX_PATH=/opt/ros/humble /usr/bin/cmake /home/minarady/ros2_ws/src/examples/rclcpp/topics/minimal_publisher -DAMENT_CMAKE_SYMLINK_INSTALL=1 -DCMAKE_INSTALL_PREFIX=/home/minarady/ros2_ws/install/examples_rclcpp_minimal_publisher
[1.384s] Invoking command in '/home/minarady/ros2_ws/build/examples_rclcpp_minimal_publisher': CMAKE_PREFIX_PATH=/opt/ros/humble /usr/bin/cmake --build /home/minarady/ros2_ws/build/examples_rclcpp_minimal_publisher -- -j20 -l20
[1.388s] [  8%] [32mBuilding CXX object CMakeFiles/publisher_lambda.dir/lambda.cpp.o[0m
[1.388s] [ 16%] [32mBuilding CXX object CMakeFiles/publisher_member_function_with_unique_network_flow_endpoints.dir/member_function_with_unique_network_flow_endpoints.cpp.o[0m
[1.389s] [ 25%] [32mBuilding CXX object CMakeFiles/publisher_member_function.dir/member_function.cpp.o[0m
[1.389s] [ 33%] [32mBuilding CXX object CMakeFiles/publisher_wait_for_all_acked.dir/member_function_with_wait_for_all_acked.cpp.o[0m
[1.389s] [ 41%] [32mBuilding CXX object CMakeFiles/publisher_member_function_with_type_adapter.dir/member_function_with_type_adapter.cpp.o[0m
[1.405s] [ 50%] [32mBuilding CXX object CMakeFiles/publisher_not_composable.dir/not_composable.cpp.o[0m
[13.546s] [ 58%] [32m[1mLinking CXX executable publisher_not_composable[0m
[13.692s] [ 66%] [32m[1mLinking CXX executable publisher_member_function_with_unique_network_flow_endpoints[0m
[13.932s] [ 66%] Built target publisher_member_function_with_unique_network_flow_endpoints
[13.973s] [ 66%] Built target publisher_not_composable
[14.903s] [ 75%] [32m[1mLinking CXX executable publisher_lambda[0m
[15.083s] [ 83%] [32m[1mLinking CXX executable publisher_wait_for_all_acked[0m
[15.210s] [ 83%] Built target publisher_lambda
[15.284s] [ 91%] [32m[1mLinking CXX executable publisher_member_function[0m
[15.406s] [ 91%] Built target publisher_wait_for_all_acked
[15.538s] [ 91%] Built target publisher_member_function
[15.766s] [100%] [32m[1mLinking CXX executable publisher_member_function_with_type_adapter[0m
[16.014s] [100%] Built target publisher_member_function_with_type_adapter
[16.040s] Invoked command in '/home/minarady/ros2_ws/build/examples_rclcpp_minimal_publisher' returned '0': CMAKE_PREFIX_PATH=/opt/ros/humble /usr/bin/cmake --build /home/minarady/ros2_ws/build/examples_rclcpp_minimal_publisher -- -j20 -l20
[16.471s] Invoking command in '/home/minarady/ros2_ws/build/examples_rclcpp_minimal_publisher': CMAKE_PREFIX_PATH=/opt/ros/humble /usr/bin/cmake --install /home/minarady/ros2_ws/build/examples_rclcpp_minimal_publisher
[16.484s] -- Install configuration: ""
[16.484s] -- Execute custom install script
[16.484s] -- Symlinking: /home/minarady/ros2_ws/install/examples_rclcpp_minimal_publisher/lib/examples_rclcpp_minimal_publisher/publisher_lambda
[16.499s] -- Symlinking: /home/minarady/ros2_ws/install/examples_rclcpp_minimal_publisher/lib/examples_rclcpp_minimal_publisher/publisher_member_function
[16.515s] -- Symlinking: /home/minarady/ros2_ws/install/examples_rclcpp_minimal_publisher/lib/examples_rclcpp_minimal_publisher/publisher_member_function_with_type_adapter
[16.523s] -- Symlinking: /home/minarady/ros2_ws/install/examples_rclcpp_minimal_publisher/lib/examples_rclcpp_minimal_publisher/publisher_member_function_with_unique_network_flow_endpoints
[16.531s] -- Symlinking: /home/minarady/ros2_ws/install/examples_rclcpp_minimal_publisher/lib/examples_rclcpp_minimal_publisher/publisher_wait_for_all_acked
[16.540s] -- Symlinking: /home/minarady/ros2_ws/install/examples_rclcpp_minimal_publisher/lib/examples_rclcpp_minimal_publisher/publisher_not_composable
[16.550s] -- Symlinking: /home/minarady/ros2_ws/install/examples_rclcpp_minimal_publisher/share/ament_index/resource_index/package_run_dependencies/examples_rclcpp_minimal_publisher
[16.558s] -- Symlinking: /home/minarady/ros2_ws/install/examples_rclcpp_minimal_publisher/share/ament_index/resource_index/parent_prefix_path/examples_rclcpp_minimal_publisher
[16.566s] -- Symlinking: /home/minarady/ros2_ws/install/examples_rclcpp_minimal_publisher/share/examples_rclcpp_minimal_publisher/environment/ament_prefix_path.sh
[16.595s] -- Symlinking: /home/minarady/ros2_ws/install/examples_rclcpp_minimal_publisher/share/examples_rclcpp_minimal_publisher/environment/ament_prefix_path.dsv
[16.615s] -- Symlinking: /home/minarady/ros2_ws/install/examples_rclcpp_minimal_publisher/share/examples_rclcpp_minimal_publisher/environment/path.sh
[16.635s] -- Symlinking: /home/minarady/ros2_ws/install/examples_rclcpp_minimal_publisher/share/examples_rclcpp_minimal_publisher/environment/path.dsv
[16.655s] -- Symlinking: /home/minarady/ros2_ws/install/examples_rclcpp_minimal_publisher/share/examples_rclcpp_minimal_publisher/local_setup.bash
[16.676s] -- Symlinking: /home/minarady/ros2_ws/install/examples_rclcpp_minimal_publisher/share/examples_rclcpp_minimal_publisher/local_setup.sh
[16.695s] -- Symlinking: /home/minarady/ros2_ws/install/examples_rclcpp_minimal_publisher/share/examples_rclcpp_minimal_publisher/local_setup.zsh
[16.715s] -- Symlinking: /home/minarady/ros2_ws/install/examples_rclcpp_minimal_publisher/share/examples_rclcpp_minimal_publisher/local_setup.dsv
[16.735s] -- Symlinking: /home/minarady/ros2_ws/install/examples_rclcpp_minimal_publisher/share/examples_rclcpp_minimal_publisher/package.dsv
[16.759s] -- Symlinking: /home/minarady/ros2_ws/install/examples_rclcpp_minimal_publisher/share/ament_index/resource_index/packages/examples_rclcpp_minimal_publisher
[16.783s] -- Symlinking: /home/minarady/ros2_ws/install/examples_rclcpp_minimal_publisher/share/examples_rclcpp_minimal_publisher/cmake/examples_rclcpp_minimal_publisherConfig.cmake
[16.807s] -- Symlinking: /home/minarady/ros2_ws/install/examples_rclcpp_minimal_publisher/share/examples_rclcpp_minimal_publisher/cmake/examples_rclcpp_minimal_publisherConfig-version.cmake
[16.843s] -- Symlinking: /home/minarady/ros2_ws/install/examples_rclcpp_minimal_publisher/share/examples_rclcpp_minimal_publisher/package.xml
[16.867s] Invoked command in '/home/minarady/ros2_ws/build/examples_rclcpp_minimal_publisher' returned '0': CMAKE_PREFIX_PATH=/opt/ros/humble /usr/bin/cmake --install /home/minarady/ros2_ws/build/examples_rclcpp_minimal_publisher
